#
# There is insufficient memory for the Java Runtime Environment to continue.
# Native memory allocation (mmap) failed to map 14680064 bytes for G1 virtual space
# Possible reasons:
#   The system is out of physical RAM or swap space
#   The process is running with CompressedOops enabled, and the Java Heap may be blocking the growth of the native heap
# Possible solutions:
#   Reduce memory load on the system
#   Increase physical memory or swap space
#   Check if swap backing store is full
#   Decrease Java heap size (-Xmx/-Xms)
#   Decrease number of Java threads
#   Decrease Java thread stack sizes (-Xss)
#   Set larger code cache with -XX:ReservedCodeCacheSize=
#   JVM is running with Zero Based Compressed Oops mode in which the Java heap is
#     placed in the first 32GB address space. The Java Heap base address is the
#     maximum limit for the native heap growth. Please use -XX:HeapBaseMinAddress
#     to set the Java Heap base and to place the Java Heap above 32GB virtual address.
# This output file may be truncated or incomplete.
#
#  Out of Memory Error (os_windows.cpp:3613), pid=3560, tid=11868
#
# JRE version: OpenJDK Runtime Environment Corretto-17.0.9.8.1 (17.0.9+8) (build 17.0.9+8-LTS)
# Java VM: OpenJDK 64-Bit Server VM Corretto-17.0.9.8.1 (17.0.9+8-LTS, mixed mode, sharing, tiered, compressed oops, compressed class ptrs, g1 gc, windows-amd64)
# No core dump will be written. Minidumps are not enabled by default on client versions of Windows
#

---------------  S U M M A R Y ------------

Command Line: org.jetbrains.kotlin.cli.jvm.K2JVMCompiler @E:\gsim-sdk-android\gsim\build\20240710_5770271766747531286.compiler.options

Host: Intel(R) Core(TM) i7-10700 CPU @ 2.90GHz, 16 cores, 15G,  Windows 11 , 64 bit Build 22621 (10.0.22621.3672)
Time: Wed Jul 10 13:59:40 2024 SE Asia Standard Time elapsed time: 6.762097 seconds (0d 0h 0m 6s)

---------------  T H R E A D  ---------------

Current thread (0x000001fafbc1e600):  VMThread "VM Thread" [stack: 0x000000aea7e00000,0x000000aea7f00000] [id=11868]

Stack: [0x000000aea7e00000,0x000000aea7f00000]
Native frames: (J=compiled Java code, j=interpreted, Vv=VM code, C=native code)
V  [jvm.dll+0x67cb49]
V  [jvm.dll+0x8344da]
V  [jvm.dll+0x835f9e]
V  [jvm.dll+0x836603]
V  [jvm.dll+0x247b5f]
V  [jvm.dll+0x679969]
V  [jvm.dll+0x66e2ba]
V  [jvm.dll+0x307a5b]
V  [jvm.dll+0x30ef06]
V  [jvm.dll+0x35ecee]
V  [jvm.dll+0x35ef1f]
V  [jvm.dll+0x2de658]
V  [jvm.dll+0x2dc834]
V  [jvm.dll+0x2dbe3c]
V  [jvm.dll+0x31fedb]
V  [jvm.dll+0x83aafb]
V  [jvm.dll+0x83b841]
V  [jvm.dll+0x83bd5d]
V  [jvm.dll+0x83c134]
V  [jvm.dll+0x83c200]
V  [jvm.dll+0x7e396a]
V  [jvm.dll+0x67ba35]
C  [ucrtbase.dll+0x29333]
C  [KERNEL32.DLL+0x1257d]
C  [ntdll.dll+0x5af28]

VM_Operation (0x000000aea78fd5b0): G1CollectForAllocation, mode: safepoint, requested by thread 0x000001fad837a1a0


---------------  P R O C E S S  ---------------

Threads class SMR info:
_java_thread_list=0x000001fafe4f9670, length=17, elements={
0x000001fad837a1a0, 0x000001fafbd39720, 0x000001fafbd3a5a0, 0x000001fafbd4f250,
0x000001fafbd51220, 0x000001fafbd53cf0, 0x000001fafbd586c0, 0x000001fafbd5ccc0,
0x000001fafbd5d770, 0x000001fafbd5f180, 0x000001fafbe89f00, 0x000001fafbe8a420,
0x000001fafbeaf5c0, 0x000001fafbeb3760, 0x000001fafbee42b0, 0x000001fafc394c20,
0x000001fafd3c8400
}

Java Threads: ( => current thread )
  0x000001fad837a1a0 JavaThread "main" [_thread_blocked, id=2064, stack(0x000000aea7800000,0x000000aea7900000)]
  0x000001fafbd39720 JavaThread "Reference Handler" daemon [_thread_blocked, id=17660, stack(0x000000aea7f00000,0x000000aea8000000)]
  0x000001fafbd3a5a0 JavaThread "Finalizer" daemon [_thread_blocked, id=11708, stack(0x000000aea8000000,0x000000aea8100000)]
  0x000001fafbd4f250 JavaThread "Signal Dispatcher" daemon [_thread_blocked, id=21824, stack(0x000000aea8100000,0x000000aea8200000)]
  0x000001fafbd51220 JavaThread "Attach Listener" daemon [_thread_blocked, id=12328, stack(0x000000aea8200000,0x000000aea8300000)]
  0x000001fafbd53cf0 JavaThread "Service Thread" daemon [_thread_blocked, id=15848, stack(0x000000aea8300000,0x000000aea8400000)]
  0x000001fafbd586c0 JavaThread "Monitor Deflation Thread" daemon [_thread_blocked, id=13068, stack(0x000000aea8400000,0x000000aea8500000)]
  0x000001fafbd5ccc0 JavaThread "C2 CompilerThread0" daemon [_thread_blocked, id=3596, stack(0x000000aea8500000,0x000000aea8600000)]
  0x000001fafbd5d770 JavaThread "C1 CompilerThread0" daemon [_thread_blocked, id=20420, stack(0x000000aea8600000,0x000000aea8700000)]
  0x000001fafbd5f180 JavaThread "Sweeper thread" daemon [_thread_blocked, id=11092, stack(0x000000aea8700000,0x000000aea8800000)]
  0x000001fafbe89f00 JavaThread "C1 CompilerThread1" daemon [_thread_blocked, id=15192, stack(0x000000aea8800000,0x000000aea8900000)]
  0x000001fafbe8a420 JavaThread "C1 CompilerThread2" daemon [_thread_blocked, id=8604, stack(0x000000aea8900000,0x000000aea8a00000)]
  0x000001fafbeaf5c0 JavaThread "Notification Thread" daemon [_thread_blocked, id=18896, stack(0x000000aea8a00000,0x000000aea8b00000)]
  0x000001fafbeb3760 JavaThread "Common-Cleaner" daemon [_thread_blocked, id=12380, stack(0x000000aea8c00000,0x000000aea8d00000)]
  0x000001fafbee42b0 JavaThread "C2 CompilerThread1" daemon [_thread_blocked, id=3996, stack(0x000000aea8d00000,0x000000aea8e00000)]
  0x000001fafc394c20 JavaThread "C1 CompilerThread3" daemon [_thread_blocked, id=3848, stack(0x000000aea8e00000,0x000000aea8f00000)]
  0x000001fafd3c8400 JavaThread "C2 CompilerThread2" daemon [_thread_blocked, id=10872, stack(0x000000aea9d00000,0x000000aea9e00000)]

Other Threads:
=>0x000001fafbc1e600 VMThread "VM Thread" [stack: 0x000000aea7e00000,0x000000aea7f00000] [id=11868]
  0x000001fafbeafaa0 WatcherThread [stack: 0x000000aea8b00000,0x000000aea8c00000] [id=18080]
  0x000001fad83e8450 GCTaskThread "GC Thread#0" [stack: 0x000000aea7900000,0x000000aea7a00000] [id=12768]
  0x000001fafbf8d540 GCTaskThread "GC Thread#1" [stack: 0x000000aea8f00000,0x000000aea9000000] [id=19296]
  0x000001fafbf8e300 GCTaskThread "GC Thread#2" [stack: 0x000000aea9000000,0x000000aea9100000] [id=12444]
  0x000001fafbf8e5c0 GCTaskThread "GC Thread#3" [stack: 0x000000aea9100000,0x000000aea9200000] [id=19240]
  0x000001fafbf8eb40 GCTaskThread "GC Thread#4" [stack: 0x000000aea9200000,0x000000aea9300000] [id=780]
  0x000001fafbf8d280 GCTaskThread "GC Thread#5" [stack: 0x000000aea9300000,0x000000aea9400000] [id=11908]
  0x000001fafbf8e880 GCTaskThread "GC Thread#6" [stack: 0x000000aea9500000,0x000000aea9600000] [id=15140]
  0x000001fafbf8cfc0 GCTaskThread "GC Thread#7" [stack: 0x000000aea9600000,0x000000aea9700000] [id=10376]
  0x000001fafbf8dd80 GCTaskThread "GC Thread#8" [stack: 0x000000aea9700000,0x000000aea9800000] [id=14296]
  0x000001fafd0879a0 GCTaskThread "GC Thread#9" [stack: 0x000000aea9400000,0x000000aea9500000] [id=21736]
  0x000001fafd0860e0 GCTaskThread "GC Thread#10" [stack: 0x000000aea9800000,0x000000aea9900000] [id=22304]
  0x000001fafd086660 GCTaskThread "GC Thread#11" [stack: 0x000000aea9900000,0x000000aea9a00000] [id=9564]
  0x000001fafd086920 GCTaskThread "GC Thread#12" [stack: 0x000000aea9a00000,0x000000aea9b00000] [id=9652]
  0x000001fad83f9f40 ConcurrentGCThread "G1 Main Marker" [stack: 0x000000aea7a00000,0x000000aea7b00000] [id=7660]
  0x000001fad83fb100 ConcurrentGCThread "G1 Conc#0" [stack: 0x000000aea7b00000,0x000000aea7c00000] [id=11032]
  0x000001fafd0863a0 ConcurrentGCThread "G1 Conc#1" [stack: 0x000000aea9b00000,0x000000aea9c00000] [id=10244]
  0x000001fafd0881e0 ConcurrentGCThread "G1 Conc#2" [stack: 0x000000aea9c00000,0x000000aea9d00000] [id=15340]
  0x000001fafbada010 ConcurrentGCThread "G1 Refine#0" [stack: 0x000000aea7c00000,0x000000aea7d00000] [id=17604]
  0x000001fafbadaa40 ConcurrentGCThread "G1 Service" [stack: 0x000000aea7d00000,0x000000aea7e00000] [id=17184]

Threads with active compile tasks:
C2 CompilerThread0     6772 9009       4       org.jetbrains.kotlin.load.java.lazy.descriptors.LazyJavaScope::getContributedFunctions (48 bytes)
C2 CompilerThread1     6772 9025       4       io.realm.kotlin.compiler.IrUtilsKt$hasInterfacePsi$1::visitElement (298 bytes)
C2 CompilerThread2     6772 6910   !   4       java.util.zip.ZipFile::getInputStream (275 bytes)

VM state: at safepoint (normal execution)

VM Mutex/Monitor currently owned by a thread:  ([mutex/lock_event])
[0x000001fad8376fb0] Threads_lock - owner thread: 0x000001fafbc1e600
[0x000001fad8376500] Heap_lock - owner thread: 0x000001fad837a1a0

Heap address: 0x0000000704600000, size: 4026 MB, Compressed Oops mode: Zero based, Oop shift amount: 3

CDS archive(s) mapped at: [0x000001fa80000000-0x000001fa80ba0000-0x000001fa80ba0000), size 12189696, SharedBaseAddress: 0x000001fa80000000, ArchiveRelocationMode: 1.
Compressed class space mapped at: 0x000001fa81000000-0x000001fac1000000, reserved size: 1073741824
Narrow klass base: 0x000001fa80000000, Narrow klass shift: 0, Narrow klass range: 0x100000000

GC Precious Log:
 CPUs: 16 total, 16 available
 Memory: 16098M
 Large Page Support: Disabled
 NUMA Support: Disabled
 Compressed Oops: Enabled (Zero based)
 Heap Region Size: 2M
 Heap Min Capacity: 8M
 Heap Initial Capacity: 252M
 Heap Max Capacity: 4026M
 Pre-touch: Disabled
 Parallel Workers: 13
 Concurrent Workers: 3
 Concurrent Refinement Workers: 13
 Periodic GC: Disabled

Heap:
 garbage-first heap   total 225280K, used 64650K [0x0000000704600000, 0x0000000800000000)
  region size 2048K, 2 young (4096K), 2 survivors (4096K)
 Metaspace       used 53005K, committed 53312K, reserved 1114112K
  class space    used 6202K, committed 6336K, reserved 1048576K

Heap Regions: E=young(eden), S=young(survivor), O=old, HS=humongous(starts), HC=humongous(continues), CS=collection set, F=free, OA=open archive, CA=closed archive, TAMS=top-at-mark-start (previous, next)
|   0|0x0000000704600000, 0x0000000704800000, 0x0000000704800000|100%|HS|  |TAMS 0x0000000704800000, 0x0000000704800000| Complete 
|   1|0x0000000704800000, 0x0000000704a00000, 0x0000000704a00000|100%|HC|  |TAMS 0x0000000704a00000, 0x0000000704a00000| Complete 
|   2|0x0000000704a00000, 0x0000000704c00000, 0x0000000704c00000|100%|HS|  |TAMS 0x0000000704c00000, 0x0000000704c00000| Complete 
|   3|0x0000000704c00000, 0x0000000704e00000, 0x0000000704e00000|100%|HC|  |TAMS 0x0000000704e00000, 0x0000000704e00000| Complete 
|   4|0x0000000704e00000, 0x0000000705000000, 0x0000000705000000|100%| O|  |TAMS 0x0000000704f0a000, 0x0000000705000000| Untracked 
|   5|0x0000000705000000, 0x0000000705200000, 0x0000000705200000|100%|HS|  |TAMS 0x0000000705200000, 0x0000000705200000| Complete 
|   6|0x0000000705200000, 0x0000000705400000, 0x0000000705400000|100%| O|  |TAMS 0x0000000705400000, 0x0000000705400000| Untracked 
|   7|0x0000000705400000, 0x0000000705600000, 0x0000000705600000|100%| O|  |TAMS 0x0000000705600000, 0x0000000705600000| Untracked 
|   8|0x0000000705600000, 0x0000000705800000, 0x0000000705800000|100%| O|  |TAMS 0x0000000705800000, 0x0000000705800000| Untracked 
|   9|0x0000000705800000, 0x0000000705a00000, 0x0000000705a00000|100%| O|  |TAMS 0x0000000705a00000, 0x0000000705a00000| Untracked 
|  10|0x0000000705a00000, 0x0000000705c00000, 0x0000000705c00000|100%| O|  |TAMS 0x0000000705c00000, 0x0000000705c00000| Untracked 
|  11|0x0000000705c00000, 0x0000000705e00000, 0x0000000705e00000|100%| O|  |TAMS 0x0000000705e00000, 0x0000000705e00000| Untracked 
|  12|0x0000000705e00000, 0x0000000706000000, 0x0000000706000000|100%| O|  |TAMS 0x0000000706000000, 0x0000000706000000| Untracked 
|  13|0x0000000706000000, 0x0000000706200000, 0x0000000706200000|100%| O|  |TAMS 0x0000000706200000, 0x0000000706200000| Untracked 
|  14|0x0000000706200000, 0x0000000706400000, 0x0000000706400000|100%| O|  |TAMS 0x0000000706400000, 0x0000000706400000| Untracked 
|  15|0x0000000706400000, 0x0000000706600000, 0x0000000706600000|100%| O|  |TAMS 0x0000000706600000, 0x0000000706600000| Untracked 
|  16|0x0000000706600000, 0x0000000706800000, 0x0000000706800000|100%| O|  |TAMS 0x0000000706800000, 0x0000000706800000| Untracked 
|  17|0x0000000706800000, 0x0000000706a00000, 0x0000000706a00000|100%| O|  |TAMS 0x0000000706a00000, 0x0000000706a00000| Untracked 
|  18|0x0000000706a00000, 0x0000000706c00000, 0x0000000706c00000|100%| O|  |TAMS 0x0000000706c00000, 0x0000000706c00000| Untracked 
|  19|0x0000000706c00000, 0x0000000706e00000, 0x0000000706e00000|100%| O|  |TAMS 0x0000000706e00000, 0x0000000706e00000| Untracked 
|  20|0x0000000706e00000, 0x0000000707000000, 0x0000000707000000|100%| O|  |TAMS 0x0000000707000000, 0x0000000707000000| Untracked 
|  21|0x0000000707000000, 0x0000000707200000, 0x0000000707200000|100%| O|  |TAMS 0x0000000707200000, 0x0000000707200000| Untracked 
|  22|0x0000000707200000, 0x0000000707400000, 0x0000000707400000|100%| O|  |TAMS 0x0000000707400000, 0x0000000707400000| Untracked 
|  23|0x0000000707400000, 0x0000000707600000, 0x0000000707600000|100%| O|  |TAMS 0x0000000707400000, 0x0000000707600000| Untracked 
|  24|0x0000000707600000, 0x0000000707800000, 0x0000000707800000|100%| O|  |TAMS 0x0000000707600000, 0x0000000707800000| Untracked 
|  25|0x0000000707800000, 0x0000000707a00000, 0x0000000707a00000|100%| O|  |TAMS 0x0000000707800000, 0x0000000707a00000| Untracked 
|  26|0x0000000707a00000, 0x0000000707c00000, 0x0000000707c00000|100%| O|  |TAMS 0x0000000707a00000, 0x0000000707c00000| Untracked 
|  27|0x0000000707c00000, 0x0000000707e00000, 0x0000000707e00000|100%| O|  |TAMS 0x0000000707c00000, 0x0000000707e00000| Untracked 
|  28|0x0000000707e00000, 0x0000000708000000, 0x0000000708000000|100%| O|  |TAMS 0x0000000707e00000, 0x0000000707e00000| Untracked 
|  29|0x0000000708000000, 0x00000007081bda00, 0x0000000708200000| 87%| O|  |TAMS 0x0000000708000000, 0x0000000708000000| Untracked 
|  30|0x0000000708200000, 0x0000000708200000, 0x0000000708400000|  0%| F|  |TAMS 0x0000000708200000, 0x0000000708200000| Untracked 
|  31|0x0000000708400000, 0x0000000708400000, 0x0000000708600000|  0%| F|  |TAMS 0x0000000708400000, 0x0000000708400000| Untracked 
|  32|0x0000000708600000, 0x0000000708600000, 0x0000000708800000|  0%| F|  |TAMS 0x0000000708600000, 0x0000000708600000| Untracked 
|  33|0x0000000708800000, 0x0000000708800000, 0x0000000708a00000|  0%| F|  |TAMS 0x0000000708800000, 0x0000000708800000| Untracked 
|  34|0x0000000708a00000, 0x0000000708a00000, 0x0000000708c00000|  0%| F|  |TAMS 0x0000000708a00000, 0x0000000708a00000| Untracked 
|  35|0x0000000708c00000, 0x0000000708c00000, 0x0000000708e00000|  0%| F|  |TAMS 0x0000000708c00000, 0x0000000708c00000| Untracked 
|  36|0x0000000708e00000, 0x0000000708f650e0, 0x0000000709000000| 69%| S|CS|TAMS 0x0000000708e00000, 0x0000000708e00000| Complete 
|  37|0x0000000709000000, 0x0000000709000000, 0x0000000709200000|  0%| F|  |TAMS 0x0000000709000000, 0x0000000709000000| Untracked 
|  38|0x0000000709200000, 0x0000000709200000, 0x0000000709400000|  0%| F|  |TAMS 0x0000000709200000, 0x0000000709200000| Untracked 
|  39|0x0000000709400000, 0x0000000709600000, 0x0000000709600000|100%| S|CS|TAMS 0x0000000709400000, 0x0000000709400000| Complete 
|  40|0x0000000709600000, 0x0000000709600000, 0x0000000709800000|  0%| F|  |TAMS 0x0000000709600000, 0x0000000709600000| Untracked 
|  41|0x0000000709800000, 0x0000000709800000, 0x0000000709a00000|  0%| F|  |TAMS 0x0000000709800000, 0x0000000709800000| Untracked 
|  42|0x0000000709a00000, 0x0000000709a00000, 0x0000000709c00000|  0%| F|  |TAMS 0x0000000709a00000, 0x0000000709a00000| Untracked 
|  43|0x0000000709c00000, 0x0000000709c00000, 0x0000000709e00000|  0%| F|  |TAMS 0x0000000709c00000, 0x0000000709c00000| Untracked 
|  44|0x0000000709e00000, 0x0000000709e00000, 0x000000070a000000|  0%| F|  |TAMS 0x0000000709e00000, 0x0000000709e00000| Untracked 
|  45|0x000000070a000000, 0x000000070a000000, 0x000000070a200000|  0%| F|  |TAMS 0x000000070a000000, 0x000000070a000000| Untracked 
|  46|0x000000070a200000, 0x000000070a200000, 0x000000070a400000|  0%| F|  |TAMS 0x000000070a200000, 0x000000070a200000| Untracked 
|  47|0x000000070a400000, 0x000000070a400000, 0x000000070a600000|  0%| F|  |TAMS 0x000000070a400000, 0x000000070a400000| Untracked 
|  48|0x000000070a600000, 0x000000070a600000, 0x000000070a800000|  0%| F|  |TAMS 0x000000070a600000, 0x000000070a600000| Untracked 
|  49|0x000000070a800000, 0x000000070a800000, 0x000000070aa00000|  0%| F|  |TAMS 0x000000070a800000, 0x000000070a800000| Untracked 
|  50|0x000000070aa00000, 0x000000070aa00000, 0x000000070ac00000|  0%| F|  |TAMS 0x000000070aa00000, 0x000000070aa00000| Untracked 
|  51|0x000000070ac00000, 0x000000070ac00000, 0x000000070ae00000|  0%| F|  |TAMS 0x000000070ac00000, 0x000000070ac00000| Untracked 
|  52|0x000000070ae00000, 0x000000070ae00000, 0x000000070b000000|  0%| F|  |TAMS 0x000000070ae00000, 0x000000070ae00000| Untracked 
|  53|0x000000070b000000, 0x000000070b000000, 0x000000070b200000|  0%| F|  |TAMS 0x000000070b000000, 0x000000070b000000| Untracked 
|  54|0x000000070b200000, 0x000000070b200000, 0x000000070b400000|  0%| F|  |TAMS 0x000000070b200000, 0x000000070b200000| Untracked 
|  55|0x000000070b400000, 0x000000070b400000, 0x000000070b600000|  0%| F|  |TAMS 0x000000070b400000, 0x000000070b400000| Untracked 
|  56|0x000000070b600000, 0x000000070b600000, 0x000000070b800000|  0%| F|  |TAMS 0x000000070b600000, 0x000000070b600000| Untracked 
|  57|0x000000070b800000, 0x000000070b800000, 0x000000070ba00000|  0%| F|  |TAMS 0x000000070b800000, 0x000000070b800000| Untracked 
|  58|0x000000070ba00000, 0x000000070ba00000, 0x000000070bc00000|  0%| F|  |TAMS 0x000000070ba00000, 0x000000070ba00000| Untracked 
|  59|0x000000070bc00000, 0x000000070bc00000, 0x000000070be00000|  0%| F|  |TAMS 0x000000070bc00000, 0x000000070bc00000| Untracked 
|  60|0x000000070be00000, 0x000000070be00000, 0x000000070c000000|  0%| F|  |TAMS 0x000000070be00000, 0x000000070be00000| Untracked 
|  61|0x000000070c000000, 0x000000070c000000, 0x000000070c200000|  0%| F|  |TAMS 0x000000070c000000, 0x000000070c000000| Untracked 
|  62|0x000000070c200000, 0x000000070c200000, 0x000000070c400000|  0%| F|  |TAMS 0x000000070c200000, 0x000000070c200000| Untracked 
|  63|0x000000070c400000, 0x000000070c400000, 0x000000070c600000|  0%| F|  |TAMS 0x000000070c400000, 0x000000070c400000| Untracked 
|  64|0x000000070c600000, 0x000000070c600000, 0x000000070c800000|  0%| F|  |TAMS 0x000000070c600000, 0x000000070c600000| Untracked 
|  65|0x000000070c800000, 0x000000070c800000, 0x000000070ca00000|  0%| F|  |TAMS 0x000000070c800000, 0x000000070c800000| Untracked 
|  66|0x000000070ca00000, 0x000000070ca00000, 0x000000070cc00000|  0%| F|  |TAMS 0x000000070ca00000, 0x000000070ca00000| Untracked 
|  67|0x000000070cc00000, 0x000000070cc00000, 0x000000070ce00000|  0%| F|  |TAMS 0x000000070cc00000, 0x000000070cc00000| Untracked 
|  68|0x000000070ce00000, 0x000000070ce00000, 0x000000070d000000|  0%| F|  |TAMS 0x000000070ce00000, 0x000000070ce00000| Untracked 
|  69|0x000000070d000000, 0x000000070d000000, 0x000000070d200000|  0%| F|  |TAMS 0x000000070d000000, 0x000000070d000000| Untracked 
|  70|0x000000070d200000, 0x000000070d200000, 0x000000070d400000|  0%| F|  |TAMS 0x000000070d200000, 0x000000070d200000| Untracked 
|  71|0x000000070d400000, 0x000000070d400000, 0x000000070d600000|  0%| F|  |TAMS 0x000000070d400000, 0x000000070d400000| Untracked 
|  72|0x000000070d600000, 0x000000070d600000, 0x000000070d800000|  0%| F|  |TAMS 0x000000070d600000, 0x000000070d600000| Untracked 
|  73|0x000000070d800000, 0x000000070d800000, 0x000000070da00000|  0%| F|  |TAMS 0x000000070d800000, 0x000000070d800000| Untracked 
|  74|0x000000070da00000, 0x000000070da00000, 0x000000070dc00000|  0%| F|  |TAMS 0x000000070da00000, 0x000000070da00000| Untracked 
|  75|0x000000070dc00000, 0x000000070dc00000, 0x000000070de00000|  0%| F|  |TAMS 0x000000070dc00000, 0x000000070dc00000| Untracked 
|  76|0x000000070de00000, 0x000000070de00000, 0x000000070e000000|  0%| F|  |TAMS 0x000000070de00000, 0x000000070de00000| Untracked 
|  77|0x000000070e000000, 0x000000070e000000, 0x000000070e200000|  0%| F|  |TAMS 0x000000070e000000, 0x000000070e000000| Untracked 
|  78|0x000000070e200000, 0x000000070e200000, 0x000000070e400000|  0%| F|  |TAMS 0x000000070e200000, 0x000000070e200000| Untracked 
|  79|0x000000070e400000, 0x000000070e400000, 0x000000070e600000|  0%| F|  |TAMS 0x000000070e400000, 0x000000070e400000| Untracked 
|  80|0x000000070e600000, 0x000000070e600000, 0x000000070e800000|  0%| F|  |TAMS 0x000000070e600000, 0x000000070e600000| Untracked 
|  81|0x000000070e800000, 0x000000070e800000, 0x000000070ea00000|  0%| F|  |TAMS 0x000000070e800000, 0x000000070e800000| Untracked 
|  82|0x000000070ea00000, 0x000000070ea00000, 0x000000070ec00000|  0%| F|  |TAMS 0x000000070ea00000, 0x000000070ea00000| Untracked 
|  83|0x000000070ec00000, 0x000000070ec00000, 0x000000070ee00000|  0%| F|  |TAMS 0x000000070ec00000, 0x000000070ec00000| Untracked 
|  84|0x000000070ee00000, 0x000000070ee00000, 0x000000070f000000|  0%| F|  |TAMS 0x000000070ee00000, 0x000000070ee00000| Untracked 
|  85|0x000000070f000000, 0x000000070f000000, 0x000000070f200000|  0%| F|  |TAMS 0x000000070f000000, 0x000000070f000000| Untracked 
|  86|0x000000070f200000, 0x000000070f200000, 0x000000070f400000|  0%| F|  |TAMS 0x000000070f200000, 0x000000070f200000| Untracked 
|  87|0x000000070f400000, 0x000000070f400000, 0x000000070f600000|  0%| F|  |TAMS 0x000000070f400000, 0x000000070f400000| Untracked 
|  88|0x000000070f600000, 0x000000070f600000, 0x000000070f800000|  0%| F|  |TAMS 0x000000070f600000, 0x000000070f600000| Untracked 
|  89|0x000000070f800000, 0x000000070f800000, 0x000000070fa00000|  0%| F|  |TAMS 0x000000070f800000, 0x000000070f800000| Untracked 
|  90|0x000000070fa00000, 0x000000070fa00000, 0x000000070fc00000|  0%| F|  |TAMS 0x000000070fa00000, 0x000000070fa00000| Untracked 
|  91|0x000000070fc00000, 0x000000070fc00000, 0x000000070fe00000|  0%| F|  |TAMS 0x000000070fc00000, 0x000000070fc00000| Untracked 
|  92|0x000000070fe00000, 0x000000070fe00000, 0x0000000710000000|  0%| F|  |TAMS 0x000000070fe00000, 0x000000070fe00000| Untracked 
|  93|0x0000000710000000, 0x0000000710000000, 0x0000000710200000|  0%| F|  |TAMS 0x0000000710000000, 0x0000000710000000| Untracked 
|  94|0x0000000710200000, 0x0000000710200000, 0x0000000710400000|  0%| F|  |TAMS 0x0000000710200000, 0x0000000710200000| Untracked 
|  95|0x0000000710400000, 0x0000000710400000, 0x0000000710600000|  0%| F|  |TAMS 0x0000000710400000, 0x0000000710400000| Untracked 
|  96|0x0000000710600000, 0x0000000710600000, 0x0000000710800000|  0%| F|  |TAMS 0x0000000710600000, 0x0000000710600000| Untracked 
|  97|0x0000000710800000, 0x0000000710800000, 0x0000000710a00000|  0%| F|  |TAMS 0x0000000710800000, 0x0000000710800000| Untracked 
|  98|0x0000000710a00000, 0x0000000710a00000, 0x0000000710c00000|  0%| F|  |TAMS 0x0000000710a00000, 0x0000000710a00000| Untracked 
|  99|0x0000000710c00000, 0x0000000710c00000, 0x0000000710e00000|  0%| F|  |TAMS 0x0000000710c00000, 0x0000000710c00000| Untracked 
| 100|0x0000000710e00000, 0x0000000710e00000, 0x0000000711000000|  0%| F|  |TAMS 0x0000000710e00000, 0x0000000710e00000| Untracked 
| 101|0x0000000711000000, 0x0000000711000000, 0x0000000711200000|  0%| F|  |TAMS 0x0000000711000000, 0x0000000711000000| Untracked 
| 102|0x0000000711200000, 0x0000000711200000, 0x0000000711400000|  0%| F|  |TAMS 0x0000000711200000, 0x0000000711200000| Untracked 
| 103|0x0000000711400000, 0x0000000711400000, 0x0000000711600000|  0%| F|  |TAMS 0x0000000711400000, 0x0000000711400000| Untracked 
| 104|0x0000000711600000, 0x0000000711600000, 0x0000000711800000|  0%| F|  |TAMS 0x0000000711600000, 0x0000000711600000| Untracked 
| 105|0x0000000711800000, 0x0000000711800000, 0x0000000711a00000|  0%| F|  |TAMS 0x0000000711800000, 0x0000000711800000| Untracked 
| 106|0x0000000711a00000, 0x0000000711a00000, 0x0000000711c00000|  0%| F|  |TAMS 0x0000000711a00000, 0x0000000711a00000| Untracked 
| 107|0x0000000711c00000, 0x0000000711c00000, 0x0000000711e00000|  0%| F|  |TAMS 0x0000000711c00000, 0x0000000711c00000| Untracked 
| 108|0x0000000711e00000, 0x0000000711e00000, 0x0000000712000000|  0%| F|  |TAMS 0x0000000711e00000, 0x0000000711e00000| Untracked 
| 125|0x0000000714000000, 0x0000000714000000, 0x0000000714200000|  0%| F|  |TAMS 0x0000000714000000, 0x0000000714000000| Untracked 

Card table byte_map: [0x000001faefee0000,0x000001faf06c0000] _byte_map_base: 0x000001faec6bd000

Marking Bits (Prev, Next): (CMBitMap*) 0x000001fad83e9a80, (CMBitMap*) 0x000001fad83e9ac0
 Prev Bits: [0x000001faf0ea0000, 0x000001faf4d88000)
 Next Bits: [0x000001faf4d90000, 0x000001faf8c78000)

Polling page: 0x000001fad7b30000

Metaspace:

Usage:
  Non-class:     45.71 MB used.
      Class:      6.06 MB used.
       Both:     51.76 MB used.

Virtual space:
  Non-class space:       64.00 MB reserved,      45.88 MB ( 72%) committed,  1 nodes.
      Class space:        1.00 GB reserved,       6.19 MB ( <1%) committed,  1 nodes.
             Both:        1.06 GB reserved,      52.06 MB (  5%) committed. 

Chunk freelists:
   Non-Class:  2.02 MB
       Class:  9.65 MB
        Both:  11.67 MB

MaxMetaspaceSize: unlimited
CompressedClassSpaceSize: 1.00 GB
Initial GC threshold: 21.00 MB
Current GC threshold: 85.31 MB
CDS: on
MetaspaceReclaimPolicy: balanced
 - commit_granule_bytes: 65536.
 - commit_granule_words: 8192.
 - virtual_space_node_default_size: 8388608.
 - enlarge_chunks_in_place: 1.
 - new_chunks_are_fully_committed: 0.
 - uncommit_free_chunks: 1.
 - use_allocation_guard: 0.
 - handle_deallocations: 1.


Internal statistics:

num_allocs_failed_limit: 6.
num_arena_births: 308.
num_arena_deaths: 0.
num_vsnodes_births: 2.
num_vsnodes_deaths: 0.
num_space_committed: 831.
num_space_uncommitted: 0.
num_chunks_returned_to_freelist: 6.
num_chunks_taken_from_freelist: 2220.
num_chunk_merges: 6.
num_chunk_splits: 1740.
num_chunks_enlarged: 1497.
num_inconsistent_stats: 0.

CodeHeap 'non-profiled nmethods': size=119168Kb used=3642Kb max_used=3642Kb free=115525Kb
 bounds [0x000001fae7a20000, 0x000001fae7db0000, 0x000001faeee80000]
CodeHeap 'profiled nmethods': size=119104Kb used=19123Kb max_used=19123Kb free=99980Kb
 bounds [0x000001fadfe80000, 0x000001fae1130000, 0x000001fae72d0000]
CodeHeap 'non-nmethods': size=7488Kb used=2994Kb max_used=3117Kb free=4494Kb
 bounds [0x000001fae72d0000, 0x000001fae75f0000, 0x000001fae7a20000]
 total_blobs=8805 nmethods=8182 adapters=531
 compilation: enabled
              stopped_count=0, restarted_count=0
 full_count=0

Compilation events (20 events):
Event: 6.736 Thread 0x000001fafbe89f00 nmethod 9034 0x000001fae1124c90 code [0x000001fae1124f20, 0x000001fae1125b58]
Event: 6.736 Thread 0x000001fafbe8a420 9042       3       org.jetbrains.kotlin.com.intellij.psi.impl.source.tree.TreeElement::assertReadAccessAllowed (93 bytes)
Event: 6.736 Thread 0x000001fafbe89f00 9037   !   3       org.jetbrains.kotlin.storage.LockBasedStorageManager$LockBasedLazyValueWithPostCompute::postCompute (34 bytes)
Event: 6.736 Thread 0x000001fafbd5d770 9038       3       org.jetbrains.kotlin.storage.SingleThreadValue::<init> (17 bytes)
Event: 6.736 Thread 0x000001fafc394c20 nmethod 9036 0x000001fae1126010 code [0x000001fae11261a0, 0x000001fae11262b8]
Event: 6.736 Thread 0x000001fafc394c20 9039       3       org.jetbrains.kotlin.storage.LockBasedStorageManager$5::doPostCompute (20 bytes)
Event: 6.736 Thread 0x000001fafbe8a420 nmethod 9042 0x000001fae1126390 code [0x000001fae1126540, 0x000001fae11267f8]
Event: 6.736 Thread 0x000001fafbd5d770 nmethod 9038 0x000001fae1126910 code [0x000001fae1126ac0, 0x000001fae1126d18]
Event: 6.736 Thread 0x000001fafc394c20 nmethod 9039 0x000001fae1126e10 code [0x000001fae1126fc0, 0x000001fae1127218]
Event: 6.736 Thread 0x000001fafc394c20 9041       3       org.jetbrains.kotlin.types.AbstractTypeConstructor$supertypes$3::invoke (205 bytes)
Event: 6.736 Thread 0x000001fafbe8a420 9040       3       org.jetbrains.kotlin.types.AbstractTypeConstructor$supertypes$3::invoke (12 bytes)
Event: 6.737 Thread 0x000001fafbe89f00 nmethod 9037 0x000001fae1127310 code [0x000001fae1127500, 0x000001fae1127b58]
Event: 6.737 Thread 0x000001fafbe8a420 nmethod 9040 0x000001fae1127d90 code [0x000001fae1127f40, 0x000001fae1128188]
Event: 6.737 Thread 0x000001fafbe8a420 9043       3       org.jetbrains.kotlin.descriptors.impl.FunctionDescriptorImpl::getUserData (20 bytes)
Event: 6.737 Thread 0x000001fafbe8a420 nmethod 9043 0x000001fae1128290 code [0x000001fae1128440, 0x000001fae1128688]
Event: 6.738 Thread 0x000001fafc394c20 nmethod 9041 0x000001fae1128790 code [0x000001fae1128be0, 0x000001fae112af18]
Event: 6.738 Thread 0x000001fafc394c20 9044       3       org.jetbrains.kotlin.com.intellij.psi.impl.source.tree.RecursiveTreeElementWalkingVisitor$ASTTreeGuide::getPrevSibling (9 bytes)
Event: 6.739 Thread 0x000001fafc394c20 nmethod 9044 0x000001fae112b910 code [0x000001fae112bae0, 0x000001fae112bf28]
Event: 6.742 Thread 0x000001fafc394c20 9047       3       org.jetbrains.kotlin.resolve.lazy.descriptors.LazyClassMemberScope$generateFakeOverrides$1::addFakeOverride (88 bytes)
Event: 6.743 Thread 0x000001fafc394c20 nmethod 9047 0x000001fae112c090 code [0x000001fae112c2c0, 0x000001fae112c9a8]

GC Heap History (20 events):
Event: 2.371 GC heap after
{Heap after GC invocations=6 (full 0):
 garbage-first heap   total 73728K, used 26294K [0x0000000704600000, 0x0000000800000000)
  region size 2048K, 2 young (4096K), 2 survivors (4096K)
 Metaspace       used 30350K, committed 30656K, reserved 1114112K
  class space    used 3904K, committed 4032K, reserved 1048576K
}
Event: 2.693 GC heap before
{Heap before GC invocations=6 (full 0):
 garbage-first heap   total 73728K, used 46774K [0x0000000704600000, 0x0000000800000000)
  region size 2048K, 14 young (28672K), 2 survivors (4096K)
 Metaspace       used 35862K, committed 36096K, reserved 1114112K
  class space    used 4412K, committed 4544K, reserved 1048576K
}
Event: 2.698 GC heap after
{Heap after GC invocations=7 (full 0):
 garbage-first heap   total 73728K, used 28895K [0x0000000704600000, 0x0000000800000000)
  region size 2048K, 2 young (4096K), 2 survivors (4096K)
 Metaspace       used 35862K, committed 36096K, reserved 1114112K
  class space    used 4412K, committed 4544K, reserved 1048576K
}
Event: 3.235 GC heap before
{Heap before GC invocations=8 (full 0):
 garbage-first heap   total 73728K, used 55519K [0x0000000704600000, 0x0000000800000000)
  region size 2048K, 14 young (28672K), 2 survivors (4096K)
 Metaspace       used 39254K, committed 39552K, reserved 1114112K
  class space    used 4780K, committed 4928K, reserved 1048576K
}
Event: 3.248 GC heap after
{Heap after GC invocations=9 (full 0):
 garbage-first heap   total 73728K, used 35251K [0x0000000704600000, 0x0000000800000000)
  region size 2048K, 2 young (4096K), 2 survivors (4096K)
 Metaspace       used 39254K, committed 39552K, reserved 1114112K
  class space    used 4780K, committed 4928K, reserved 1048576K
}
Event: 3.480 GC heap before
{Heap before GC invocations=9 (full 0):
 garbage-first heap   total 73728K, used 51635K [0x0000000704600000, 0x0000000800000000)
  region size 2048K, 11 young (22528K), 2 survivors (4096K)
 Metaspace       used 40802K, committed 41088K, reserved 1114112K
  class space    used 4942K, committed 5056K, reserved 1048576K
}
Event: 3.491 GC heap after
{Heap after GC invocations=10 (full 0):
 garbage-first heap   total 73728K, used 39363K [0x0000000704600000, 0x0000000800000000)
  region size 2048K, 2 young (4096K), 2 survivors (4096K)
 Metaspace       used 40802K, committed 41088K, reserved 1114112K
  class space    used 4942K, committed 5056K, reserved 1048576K
}
Event: 3.542 GC heap before
{Heap before GC invocations=10 (full 0):
 garbage-first heap   total 73728K, used 55747K [0x0000000704600000, 0x0000000800000000)
  region size 2048K, 10 young (20480K), 2 survivors (4096K)
 Metaspace       used 40832K, committed 41088K, reserved 1114112K
  class space    used 4942K, committed 5056K, reserved 1048576K
}
Event: 3.548 GC heap after
{Heap after GC invocations=11 (full 0):
 garbage-first heap   total 100352K, used 40488K [0x0000000704600000, 0x0000000800000000)
  region size 2048K, 1 young (2048K), 1 survivors (2048K)
 Metaspace       used 40832K, committed 41088K, reserved 1114112K
  class space    used 4942K, committed 5056K, reserved 1048576K
}
Event: 4.499 GC heap before
{Heap before GC invocations=12 (full 0):
 garbage-first heap   total 100352K, used 77352K [0x0000000704600000, 0x0000000800000000)
  region size 2048K, 19 young (38912K), 1 survivors (2048K)
 Metaspace       used 46950K, committed 47232K, reserved 1114112K
  class space    used 5574K, committed 5696K, reserved 1048576K
}
Event: 4.517 GC heap after
{Heap after GC invocations=13 (full 0):
 garbage-first heap   total 100352K, used 45694K [0x0000000704600000, 0x0000000800000000)
  region size 2048K, 3 young (6144K), 3 survivors (6144K)
 Metaspace       used 46950K, committed 47232K, reserved 1114112K
  class space    used 5574K, committed 5696K, reserved 1048576K
}
Event: 4.525 GC heap before
{Heap before GC invocations=13 (full 0):
 garbage-first heap   total 100352K, used 47742K [0x0000000704600000, 0x0000000800000000)
  region size 2048K, 4 young (8192K), 3 survivors (6144K)
 Metaspace       used 46957K, committed 47232K, reserved 1114112K
  class space    used 5574K, committed 5696K, reserved 1048576K
}
Event: 4.541 GC heap after
{Heap after GC invocations=14 (full 0):
 garbage-first heap   total 100352K, used 45684K [0x0000000704600000, 0x0000000800000000)
  region size 2048K, 1 young (2048K), 1 survivors (2048K)
 Metaspace       used 46957K, committed 47232K, reserved 1114112K
  class space    used 5574K, committed 5696K, reserved 1048576K
}
Event: 5.316 GC heap before
{Heap before GC invocations=14 (full 0):
 garbage-first heap   total 100352K, used 76404K [0x0000000704600000, 0x0000000800000000)
  region size 2048K, 16 young (32768K), 1 survivors (2048K)
 Metaspace       used 50711K, committed 50944K, reserved 1114112K
  class space    used 6047K, committed 6144K, reserved 1048576K
}
Event: 5.330 GC heap after
{Heap after GC invocations=15 (full 0):
 garbage-first heap   total 100352K, used 50216K [0x0000000704600000, 0x0000000800000000)
  region size 2048K, 2 young (4096K), 2 survivors (4096K)
 Metaspace       used 50711K, committed 50944K, reserved 1114112K
  class space    used 6047K, committed 6144K, reserved 1048576K
}
Event: 6.160 GC heap before
{Heap before GC invocations=15 (full 0):
 garbage-first heap   total 100352K, used 76840K [0x0000000704600000, 0x0000000800000000)
  region size 2048K, 15 young (30720K), 2 survivors (4096K)
 Metaspace       used 52018K, committed 52352K, reserved 1114112K
  class space    used 6145K, committed 6272K, reserved 1048576K
}
Event: 6.183 GC heap after
{Heap after GC invocations=16 (full 0):
 garbage-first heap   total 100352K, used 57231K [0x0000000704600000, 0x0000000800000000)
  region size 2048K, 2 young (4096K), 2 survivors (4096K)
 Metaspace       used 52018K, committed 52352K, reserved 1114112K
  class space    used 6145K, committed 6272K, reserved 1048576K
}
Event: 6.515 GC heap before
{Heap before GC invocations=17 (full 0):
 garbage-first heap   total 100352K, used 77711K [0x0000000704600000, 0x0000000800000000)
  region size 2048K, 12 young (24576K), 2 survivors (4096K)
 Metaspace       used 52786K, committed 53120K, reserved 1114112K
  class space    used 6184K, committed 6336K, reserved 1048576K
}
Event: 6.530 GC heap after
{Heap after GC invocations=18 (full 0):
 garbage-first heap   total 100352K, used 61323K [0x0000000704600000, 0x0000000800000000)
  region size 2048K, 2 young (4096K), 2 survivors (4096K)
 Metaspace       used 52786K, committed 53120K, reserved 1114112K
  class space    used 6184K, committed 6336K, reserved 1048576K
}
Event: 6.744 GC heap before
{Heap before GC invocations=18 (full 0):
 garbage-first heap   total 100352K, used 79755K [0x0000000704600000, 0x0000000800000000)
  region size 2048K, 11 young (22528K), 2 survivors (4096K)
 Metaspace       used 53005K, committed 53312K, reserved 1114112K
  class space    used 6202K, committed 6336K, reserved 1048576K
}

Dll operation events (7 events):
Event: 0.006 Loaded shared library C:\Users\vinhn\.jdks\corretto-17.0.9\bin\java.dll
Event: 0.024 Loaded shared library C:\Users\vinhn\.jdks\corretto-17.0.9\bin\jsvml.dll
Event: 0.051 Loaded shared library C:\Users\vinhn\.jdks\corretto-17.0.9\bin\net.dll
Event: 0.052 Loaded shared library C:\Users\vinhn\.jdks\corretto-17.0.9\bin\nio.dll
Event: 0.072 Loaded shared library C:\Users\vinhn\.jdks\corretto-17.0.9\bin\zip.dll
Event: 0.094 Loaded shared library C:\Users\vinhn\.jdks\corretto-17.0.9\bin\jimage.dll
Event: 0.848 Loaded shared library C:\Users\vinhn\.jdks\corretto-17.0.9\bin\verify.dll

Deoptimization events (20 events):
Event: 6.561 Thread 0x000001fad837a1a0 DEOPT PACKING pc=0x000001fae0886cd5 sp=0x000000aea78fb610
Event: 6.561 Thread 0x000001fad837a1a0 DEOPT UNPACKING pc=0x000001fae7327143 sp=0x000000aea78faaa0 mode 0
Event: 6.583 Thread 0x000001fad837a1a0 DEOPT PACKING pc=0x000001fae029f874 sp=0x000000aea78fc040
Event: 6.583 Thread 0x000001fad837a1a0 DEOPT UNPACKING pc=0x000001fae7327143 sp=0x000000aea78fb5c0 mode 0
Event: 6.656 Thread 0x000001fad837a1a0 Uncommon trap: trap_request=0xffffff45 fr.pc=0x000001fae7ab01d8 relative=0x0000000000000518
Event: 6.656 Thread 0x000001fad837a1a0 Uncommon trap: reason=unstable_if action=reinterpret pc=0x000001fae7ab01d8 method=java.util.HashMap.getNode(Ljava/lang/Object;)Ljava/util/HashMap$Node; @ 131 c2
Event: 6.656 Thread 0x000001fad837a1a0 DEOPT PACKING pc=0x000001fae7ab01d8 sp=0x000000aea78fca90
Event: 6.656 Thread 0x000001fad837a1a0 DEOPT UNPACKING pc=0x000001fae73269a3 sp=0x000000aea78fc930 mode 2
Event: 6.657 Thread 0x000001fad837a1a0 Uncommon trap: trap_request=0xffffff45 fr.pc=0x000001fae7d346cc relative=0x00000000000002ac
Event: 6.657 Thread 0x000001fad837a1a0 Uncommon trap: reason=unstable_if action=reinterpret pc=0x000001fae7d346cc method=java.util.HashMap.getNode(Ljava/lang/Object;)Ljava/util/HashMap$Node; @ 131 c2
Event: 6.657 Thread 0x000001fad837a1a0 DEOPT PACKING pc=0x000001fae7d346cc sp=0x000000aea78fca00
Event: 6.657 Thread 0x000001fad837a1a0 DEOPT UNPACKING pc=0x000001fae73269a3 sp=0x000000aea78fc918 mode 2
Event: 6.691 Thread 0x000001fad837a1a0 DEOPT PACKING pc=0x000001fae0886cd5 sp=0x000000aea78fc760
Event: 6.691 Thread 0x000001fad837a1a0 DEOPT UNPACKING pc=0x000001fae7327143 sp=0x000000aea78fbbf0 mode 0
Event: 6.718 Thread 0x000001fad837a1a0 Uncommon trap: trap_request=0xffffff45 fr.pc=0x000001fae7ca3b44 relative=0x0000000000000224
Event: 6.718 Thread 0x000001fad837a1a0 Uncommon trap: reason=unstable_if action=reinterpret pc=0x000001fae7ca3b44 method=java.util.HashMap.getNode(Ljava/lang/Object;)Ljava/util/HashMap$Node; @ 131 c2
Event: 6.718 Thread 0x000001fad837a1a0 DEOPT PACKING pc=0x000001fae7ca3b44 sp=0x000000aea78fc820
Event: 6.718 Thread 0x000001fad837a1a0 DEOPT UNPACKING pc=0x000001fae73269a3 sp=0x000000aea78fc7a0 mode 2
Event: 6.731 Thread 0x000001fad837a1a0 DEOPT PACKING pc=0x000001fae0b4e3f0 sp=0x000000aea78fd890
Event: 6.731 Thread 0x000001fad837a1a0 DEOPT UNPACKING pc=0x000001fae7327143 sp=0x000000aea78fcda8 mode 0

Classes unloaded (0 events):
No events

Classes redefined (0 events):
No events

Internal exceptions (20 events):
Event: 2.968 Thread 0x000001fad837a1a0 Exception <a 'java/lang/NoSuchMethodError'{0x000000071117ef80}: 'java.lang.Object java.lang.invoke.DirectMethodHandle$Holder.invokeSpecial(java.lang.Object, java.lang.Object, java.lang.Object, java.lang.Object, int)'> (0x000000071117ef80) 
thrown [s\src\hotspot\share\interpreter\linkResolver.cpp, line 759]
Event: 2.968 Thread 0x000001fad837a1a0 Exception <a 'java/lang/NoSuchMethodError'{0x0000000711182df0}: 'java.lang.Object java.lang.invoke.Invokers$Holder.linkToTargetMethod(java.lang.Object, java.lang.Object, int, java.lang.Object)'> (0x0000000711182df0) 
thrown [s\src\hotspot\share\interpreter\linkResolver.cpp, line 759]
Event: 3.323 Thread 0x000001fad837a1a0 Exception <a 'java/lang/NoSuchMethodError'{0x0000000711ffcb20}: 'java.lang.Object java.lang.invoke.DirectMethodHandle$Holder.invokeInterface(java.lang.Object, java.lang.Object)'> (0x0000000711ffcb20) 
thrown [s\src\hotspot\share\interpreter\linkResolver.cpp, line 759]
Event: 4.331 Thread 0x000001fad837a1a0 Implicit null exception at 0x000001fae7ca4b88 to 0x000001fae7ca99d8
Event: 4.660 Thread 0x000001fad837a1a0 Exception <a 'java/lang/NoSuchMethodError'{0x00000007110b6c00}: 'java.lang.Object java.lang.invoke.DirectMethodHandle$Holder.newInvokeSpecial(java.lang.Object, java.lang.Object, java.lang.Object, java.lang.Object, java.lang.Object, java.lang.Object)'> (0x00000007110b6c00) 
thrown [s\src\hotspot\share\interpreter\linkResolver.cpp, line 759]
Event: 4.710 Thread 0x000001fad837a1a0 Implicit null exception at 0x000001fae7a6e6ef to 0x000001fae7a6e8d4
Event: 4.718 Thread 0x000001fad837a1a0 Implicit null exception at 0x000001fae7bae7cc to 0x000001fae7bae8d4
Event: 4.986 Thread 0x000001fad837a1a0 Exception <a 'java/lang/NoSuchMethodError'{0x000000070926ed28}: 'java.lang.Object java.lang.invoke.DirectMethodHandle$Holder.invokeStatic(java.lang.Object, java.lang.Object, java.lang.Object, java.lang.Object, int)'> (0x000000070926ed28) 
thrown [s\src\hotspot\share\interpreter\linkResolver.cpp, line 759]
Event: 4.986 Thread 0x000001fad837a1a0 Exception <a 'java/lang/NoSuchMethodError'{0x0000000709278768}: 'java.lang.Object java.lang.invoke.DirectMethodHandle$Holder.newInvokeSpecial(java.lang.Object, java.lang.Object, java.lang.Object, java.lang.Object, int)'> (0x0000000709278768) 
thrown [s\src\hotspot\share\interpreter\linkResolver.cpp, line 759]
Event: 4.987 Thread 0x000001fad837a1a0 Exception <a 'java/lang/NoSuchMethodError'{0x000000070927cff0}: 'java.lang.Object java.lang.invoke.DirectMethodHandle$Holder.invokeSpecial(java.lang.Object, java.lang.Object, java.lang.Object, java.lang.Object, java.lang.Object, int)'> (0x000000070927cff0) 
thrown [s\src\hotspot\share\interpreter\linkResolver.cpp, line 759]
Event: 4.987 Thread 0x000001fad837a1a0 Exception <a 'java/lang/NoSuchMethodError'{0x0000000709281228}: 'java.lang.Object java.lang.invoke.Invokers$Holder.linkToTargetMethod(java.lang.Object, java.lang.Object, java.lang.Object, int, java.lang.Object)'> (0x0000000709281228) 
thrown [s\src\hotspot\share\interpreter\linkResolver.cpp, line 759]
Event: 5.067 Thread 0x000001fad837a1a0 Exception <a 'java/lang/NoSuchMethodError'{0x000000070914a5b8}: 'void java.lang.invoke.DirectMethodHandle$Holder.invokeInterface(java.lang.Object, java.lang.Object)'> (0x000000070914a5b8) 
thrown [s\src\hotspot\share\interpreter\linkResolver.cpp, line 759]
Event: 5.198 Thread 0x000001fad837a1a0 Exception <a 'java/lang/NoSuchMethodError'{0x0000000708a433c8}: 'java.lang.Object java.lang.invoke.DirectMethodHandle$Holder.invokeStaticInit(java.lang.Object, java.lang.Object, java.lang.Object)'> (0x0000000708a433c8) 
thrown [s\src\hotspot\share\interpreter\linkResolver.cpp, line 759]
Event: 5.214 Thread 0x000001fad837a1a0 Exception <a 'java/lang/NoSuchMethodError'{0x0000000708b257f0}: 'int java.lang.invoke.DirectMethodHandle$Holder.invokeVirtual(java.lang.Object, java.lang.Object, java.lang.Object)'> (0x0000000708b257f0) 
thrown [s\src\hotspot\share\interpreter\linkResolver.cpp, line 759]
Event: 5.339 Thread 0x000001fad837a1a0 Exception <a 'java/lang/IncompatibleClassChangeError'{0x0000000714067cb8}: Found class java.lang.Object, but interface was expected> (0x0000000714067cb8) 
thrown [s\src\hotspot\share\interpreter\linkResolver.cpp, line 826]
Event: 5.500 Thread 0x000001fad837a1a0 Exception <a 'java/lang/NoSuchMethodError'{0x0000000711fdac08}: 'java.lang.Object java.lang.invoke.DirectMethodHandle$Holder.newInvokeSpecial(java.lang.Object, java.lang.Object, java.lang.Object, java.lang.Object, java.lang.Object, java.lang.Object, java.lang.Object, java.lang.Object)'> (0x0000000711fdac08) 
thrown [s\src\hotspot\share\interpreter\linkResolver.cpp, line 759]
Event: 5.501 Thread 0x000001fad837a1a0 Exception <a 'java/lang/NoSuchMethodError'{0x0000000711fe0220}: 'java.lang.Object java.lang.invoke.DirectMethodHandle$Holder.invokeSpecial(java.lang.Object, java.lang.Object, java.lang.Object, java.lang.Object, java.lang.Object, java.lang.Object, java.lang.Object, java.lang.Object, java.lang.Object)'> (0x0000000711fe0220) 
thrown [s\src\hotspot\share\interpreter\linkResolver.cpp, line 759]
Event: 5.502 Thread 0x000001fad837a1a0 Exception <a 'java/lang/NoSuchMethodError'{0x0000000711fe5150}: 'java.lang.Object java.lang.invoke.Invokers$Holder.linkToTargetMethod(java.lang.Object, java.lang.Object, java.lang.Object, java.lang.Object, java.lang.Object, java.lang.Object, java.lang.Object, java.lang.Object)'> (0x0000000711fe5150) 
thrown [s\src\hotspot\share\interpreter\linkResolver.cpp, line 759]
Event: 6.643 Thread 0x000001fad837a1a0 Exception <a 'java/lang/NoSuchMethodError'{0x00000007113e77a0}: 'java.lang.Object java.lang.invoke.DirectMethodHandle$Holder.newInvokeSpecial(java.lang.Object, int, java.lang.Object)'> (0x00000007113e77a0) 
thrown [s\src\hotspot\share\interpreter\linkResolver.cpp, line 759]
Event: 6.644 Thread 0x000001fad837a1a0 Exception <a 'java/lang/NoSuchMethodError'{0x00000007113edbf8}: 'int java.lang.invoke.DirectMethodHandle$Holder.invokeInterface(java.lang.Object, java.lang.Object)'> (0x00000007113edbf8) 
thrown [s\src\hotspot\share\interpreter\linkResolver.cpp, line 759]

VM Operations (20 events):
Event: 6.326 Executing VM operation: ICBufferFull done
Event: 6.414 Executing VM operation: ICBufferFull
Event: 6.414 Executing VM operation: ICBufferFull done
Event: 6.440 Executing VM operation: HandshakeAllThreads
Event: 6.440 Executing VM operation: HandshakeAllThreads done
Event: 6.469 Executing VM operation: ICBufferFull
Event: 6.469 Executing VM operation: ICBufferFull done
Event: 6.515 Executing VM operation: G1CollectForAllocation
Event: 6.530 Executing VM operation: G1CollectForAllocation done
Event: 6.591 Executing VM operation: ICBufferFull
Event: 6.591 Executing VM operation: ICBufferFull done
Event: 6.630 Executing VM operation: HandshakeAllThreads
Event: 6.630 Executing VM operation: HandshakeAllThreads done
Event: 6.633 Executing VM operation: HandshakeAllThreads
Event: 6.633 Executing VM operation: HandshakeAllThreads done
Event: 6.649 Executing VM operation: ICBufferFull
Event: 6.649 Executing VM operation: ICBufferFull done
Event: 6.722 Executing VM operation: ICBufferFull
Event: 6.722 Executing VM operation: ICBufferFull done
Event: 6.744 Executing VM operation: G1CollectForAllocation

Events (20 events):
Event: 6.448 Thread 0x000001fafbd5f180 flushing nmethod 0x000001fae05e3c90
Event: 6.448 Thread 0x000001fafbd5f180 flushing nmethod 0x000001fae05f1690
Event: 6.448 Thread 0x000001fafbd5f180 flushing nmethod 0x000001fae05f6e90
Event: 6.448 Thread 0x000001fafbd5f180 flushing nmethod 0x000001fae0605390
Event: 6.448 Thread 0x000001fafbd5f180 flushing nmethod 0x000001fae0619090
Event: 6.449 Thread 0x000001fafbd5f180 flushing nmethod 0x000001fae06a1390
Event: 6.449 Thread 0x000001fafbd5f180 flushing nmethod 0x000001fae06f2590
Event: 6.449 Thread 0x000001fafbd5f180 flushing nmethod 0x000001fae0748a90
Event: 6.450 Thread 0x000001fafbd5f180 flushing nmethod 0x000001fae076bf10
Event: 6.450 Thread 0x000001fafbd5f180 flushing nmethod 0x000001fae0838190
Event: 6.451 Thread 0x000001fafbd5f180 flushing nmethod 0x000001fae08bf690
Event: 6.451 Thread 0x000001fafbd5f180 flushing nmethod 0x000001fae08c8b10
Event: 6.451 Thread 0x000001fafbd5f180 flushing nmethod 0x000001fae0980a90
Event: 6.452 Thread 0x000001fafbd5f180 flushing nmethod 0x000001fae09d5590
Event: 6.452 Thread 0x000001fafbd5f180 flushing nmethod 0x000001fae0a06790
Event: 6.452 Thread 0x000001fafbd5f180 flushing nmethod 0x000001fae0a34c90
Event: 6.452 Thread 0x000001fafbd5f180 flushing nmethod 0x000001fae0a36710
Event: 6.452 Thread 0x000001fafbd5f180 flushing nmethod 0x000001fae0a7ee10
Event: 6.452 Thread 0x000001fafbd5f180 flushing nmethod 0x000001fae0ab4410
Event: 6.453 Thread 0x000001fafbd5f180 flushing nmethod 0x000001fae0b0f490


Dynamic libraries:
0x00007ff74f7b0000 - 0x00007ff74f7be000 	C:\Users\vinhn\.jdks\corretto-17.0.9\bin\java.exe
0x00007ffe73c50000 - 0x00007ffe73e67000 	C:\Windows\SYSTEM32\ntdll.dll
0x00007ffe73870000 - 0x00007ffe73934000 	C:\Windows\System32\KERNEL32.DLL
0x00007ffe71110000 - 0x00007ffe714bc000 	C:\Windows\System32\KERNELBASE.dll
0x00007ffe714c0000 - 0x00007ffe715d1000 	C:\Windows\System32\ucrtbase.dll
0x00007ffe25550000 - 0x00007ffe25567000 	C:\Users\vinhn\.jdks\corretto-17.0.9\bin\jli.dll
0x00007ffe24cc0000 - 0x00007ffe24cdb000 	C:\Users\vinhn\.jdks\corretto-17.0.9\bin\VCRUNTIME140.dll
0x00007ffe72b20000 - 0x00007ffe72cce000 	C:\Windows\System32\USER32.dll
0x00007ffe51300000 - 0x00007ffe51593000 	C:\Windows\WinSxS\amd64_microsoft.windows.common-controls_6595b64144ccf1df_6.0.22621.3672_none_2713b9d173822955\COMCTL32.dll
0x00007ffe70f80000 - 0x00007ffe70fa6000 	C:\Windows\System32\win32u.dll
0x00007ffe72e40000 - 0x00007ffe72ee7000 	C:\Windows\System32\msvcrt.dll
0x00007ffe73960000 - 0x00007ffe73989000 	C:\Windows\System32\GDI32.dll
0x00007ffe715e0000 - 0x00007ffe716f9000 	C:\Windows\System32\gdi32full.dll
0x00007ffe71070000 - 0x00007ffe7110a000 	C:\Windows\System32\msvcp_win.dll
0x00007ffe73bd0000 - 0x00007ffe73c01000 	C:\Windows\System32\IMM32.DLL
0x00007ffe48840000 - 0x00007ffe4884c000 	C:\Users\vinhn\.jdks\corretto-17.0.9\bin\vcruntime140_1.dll
0x00007ffde1280000 - 0x00007ffde130d000 	C:\Users\vinhn\.jdks\corretto-17.0.9\bin\msvcp140.dll
0x00007ffdc5ab0000 - 0x00007ffdc6711000 	C:\Users\vinhn\.jdks\corretto-17.0.9\bin\server\jvm.dll
0x00007ffe72a50000 - 0x00007ffe72b02000 	C:\Windows\System32\ADVAPI32.dll
0x00007ffe72f00000 - 0x00007ffe72faa000 	C:\Windows\System32\sechost.dll
0x00007ffe71960000 - 0x00007ffe71988000 	C:\Windows\System32\bcrypt.dll
0x00007ffe72d20000 - 0x00007ffe72e35000 	C:\Windows\System32\RPCRT4.dll
0x00007ffe70c90000 - 0x00007ffe70cdd000 	C:\Windows\SYSTEM32\POWRPROF.dll
0x00007ffe57340000 - 0x00007ffe57374000 	C:\Windows\SYSTEM32\WINMM.dll
0x00007ffe5adb0000 - 0x00007ffe5adb9000 	C:\Windows\SYSTEM32\WSOCK32.dll
0x00007ffe6a690000 - 0x00007ffe6a69a000 	C:\Windows\SYSTEM32\VERSION.dll
0x00007ffe730b0000 - 0x00007ffe73121000 	C:\Windows\System32\WS2_32.dll
0x00007ffe70c70000 - 0x00007ffe70c83000 	C:\Windows\SYSTEM32\UMPDC.dll
0x00007ffe6ff10000 - 0x00007ffe6ff28000 	C:\Windows\SYSTEM32\kernel.appcore.dll
0x00007ffe45de0000 - 0x00007ffe45dea000 	C:\Users\vinhn\.jdks\corretto-17.0.9\bin\jimage.dll
0x00007ffe574b0000 - 0x00007ffe576e2000 	C:\Windows\SYSTEM32\DBGHELP.DLL
0x00007ffe73250000 - 0x00007ffe735d8000 	C:\Windows\System32\combase.dll
0x00007ffe736a0000 - 0x00007ffe73777000 	C:\Windows\System32\OLEAUT32.dll
0x00007ffe55960000 - 0x00007ffe55992000 	C:\Windows\SYSTEM32\dbgcore.DLL
0x00007ffe71700000 - 0x00007ffe7177b000 	C:\Windows\System32\bcryptPrimitives.dll
0x00007ffe19a90000 - 0x00007ffe19ab5000 	C:\Users\vinhn\.jdks\corretto-17.0.9\bin\java.dll
0x00007ffddbaa0000 - 0x00007ffddbb77000 	C:\Users\vinhn\.jdks\corretto-17.0.9\bin\jsvml.dll
0x00007ffe721f0000 - 0x00007ffe72a4c000 	C:\Windows\System32\SHELL32.dll
0x00007ffe6ee80000 - 0x00007ffe6f777000 	C:\Windows\SYSTEM32\windows.storage.dll
0x00007ffe6ed40000 - 0x00007ffe6ee7f000 	C:\Windows\SYSTEM32\wintypes.dll
0x00007ffe72fb0000 - 0x00007ffe730a4000 	C:\Windows\System32\SHCORE.dll
0x00007ffe73780000 - 0x00007ffe737de000 	C:\Windows\System32\shlwapi.dll
0x00007ffe70eb0000 - 0x00007ffe70ed1000 	C:\Windows\SYSTEM32\profapi.dll
0x00007ffe077b0000 - 0x00007ffe077c9000 	C:\Users\vinhn\.jdks\corretto-17.0.9\bin\net.dll
0x00007ffe6cf00000 - 0x00007ffe6d036000 	C:\Windows\SYSTEM32\WINHTTP.dll
0x00007ffe703e0000 - 0x00007ffe70449000 	C:\Windows\system32\mswsock.dll
0x00007ffdffb00000 - 0x00007ffdffb16000 	C:\Users\vinhn\.jdks\corretto-17.0.9\bin\nio.dll
0x00007ffe24ca0000 - 0x00007ffe24cb8000 	C:\Users\vinhn\.jdks\corretto-17.0.9\bin\zip.dll
0x00007ffe39ea0000 - 0x00007ffe39eb0000 	C:\Users\vinhn\.jdks\corretto-17.0.9\bin\verify.dll

dbghelp: loaded successfully - version: 4.0.5 - missing functions: none
symbol engine: initialized successfully - sym options: 0x614 - pdb path: .;C:\Users\vinhn\.jdks\corretto-17.0.9\bin;C:\Windows\SYSTEM32;C:\Windows\WinSxS\amd64_microsoft.windows.common-controls_6595b64144ccf1df_6.0.22621.3672_none_2713b9d173822955;C:\Users\vinhn\.jdks\corretto-17.0.9\bin\server

VM Arguments:
java_command: org.jetbrains.kotlin.cli.jvm.K2JVMCompiler @E:\gsim-sdk-android\gsim\build\20240710_5770271766747531286.compiler.options
java_class_path (initial): C:\Users\vinhn\.gradle\caches\modules-2\files-2.1\org.jetbrains.kotlin\kotlin-compiler-embeddable\1.8.10\b0757fd774344d54ce93f5ad6c30ba1c1731c8ff\kotlin-compiler-embeddable-1.8.10.jar;C:\Users\vinhn\.gradle\caches\modules-2\files-2.1\org.jetbrains.kotlin\kotlin-stdlib\1.8.10\6d5560a229477df9406943d5feda5618e98eb64c\kotlin-stdlib-1.8.10.jar;C:\Users\vinhn\.gradle\caches\modules-2\files-2.1\org.jetbrains.kotlin\kotlin-script-runtime\1.8.10\b13ea9c7e46d589139e56086a878763290e20bd5\kotlin-script-runtime-1.8.10.jar;C:\Users\vinhn\.gradle\caches\modules-2\files-2.1\org.jetbrains.kotlin\kotlin-reflect\1.6.10\1cbe9c92c12a94eea200d23c2bbaedaf3daf5132\kotlin-reflect-1.6.10.jar;C:\Users\vinhn\.gradle\caches\modules-2\files-2.1\org.jetbrains.kotlin\kotlin-daemon-embeddable\1.8.10\ad8541d9bc1cf9e52c3204161247910c2cf601d4\kotlin-daemon-embeddable-1.8.10.jar;C:\Users\vinhn\.gradle\caches\modules-2\files-2.1\org.jetbrains.intellij.deps\trove4j\1.0.20200330\3afb14d5f9ceb459d724e907a21145e8ff394f02\trove4j-1.0.20200330.jar;C:\Users\vinhn\.gradle\caches\modules-2\files-2.1\net.java.dev.jna\jna\5.6.0\330f2244e9030119ab3030fc3fededc86713d9cc\jna-5.6.0.jar;C:\Users\vinhn\.gradle\caches\modules-2\files-2.1\org.jetbrains.kotlin\kotlin-stdlib-common\1.8.10\a61b182458550492c12aee66157d7b524a63a5ec\kotlin-stdlib-common-1.8.10.jar;C:\Users\vinhn\.gradle\caches\modules-2\files-2.1\org.jetbrains\annotations\13.0\919f0dfe192fb4e063e7dacadee7f8bb9a2672a9\annotations-13.0.jar
Launcher Type: SUN_STANDARD

[Global flags]
     intx CICompilerCount                          = 12                                        {product} {ergonomic}
     uint ConcGCThreads                            = 3                                         {product} {ergonomic}
     uint G1ConcRefinementThreads                  = 13                                        {product} {ergonomic}
   size_t G1HeapRegionSize                         = 2097152                                   {product} {ergonomic}
    uintx GCDrainStackTargetSize                   = 64                                        {product} {ergonomic}
   size_t InitialHeapSize                          = 264241152                                 {product} {ergonomic}
   size_t MarkStackSize                            = 4194304                                   {product} {ergonomic}
   size_t MaxHeapSize                              = 4221566976                                {product} {ergonomic}
   size_t MaxNewSize                               = 2531262464                                {product} {ergonomic}
   size_t MinHeapDeltaBytes                        = 2097152                                   {product} {ergonomic}
   size_t MinHeapSize                              = 8388608                                   {product} {ergonomic}
    uintx NonNMethodCodeHeapSize                   = 7602480                                {pd product} {ergonomic}
    uintx NonProfiledCodeHeapSize                  = 122027880                              {pd product} {ergonomic}
    uintx ProfiledCodeHeapSize                     = 122027880                              {pd product} {ergonomic}
    uintx ReservedCodeCacheSize                    = 251658240                              {pd product} {ergonomic}
     bool SegmentedCodeCache                       = true                                      {product} {ergonomic}
   size_t SoftMaxHeapSize                          = 4221566976                             {manageable} {ergonomic}
     bool UseCompressedClassPointers               = true                           {product lp64_product} {ergonomic}
     bool UseCompressedOops                        = true                           {product lp64_product} {ergonomic}
     bool UseG1GC                                  = true                                      {product} {ergonomic}
     bool UseLargePagesIndividualAllocation        = false                                  {pd product} {ergonomic}

Logging:
Log output configuration:
 #0: stdout all=warning uptime,level,tags
 #1: stderr all=off uptime,level,tags

Environment Variables:
JAVA_HOME=C:/Users/vinhn/.jdks/corretto-17.0.9
PATH=C:\Program Files (x86)\VMware\VMware Player\bin\;C:\Users\vinhn\.jdks\corretto-17.0.9\bin;C:\Windows\system32;C:\Windows;C:\Windows\System32\Wbem;C:\Windows\System32\WindowsPowerShell\v1.0\;C:\Windows\System32\OpenSSH\;C:\Program Files (x86)\NetSarang\Xshell 7\;C:\Program Files (x86)\NetSarang\Xftp 7\;C:\Program Files\Git\cmd;C:\xampp\php;C:\ProgramData\ComposerSetup\bin;C:\Users\vinhn\AppData\Roaming\nvm;C:\Program Files\nodejs;C:\Program Files\MySQL\MySQL Shell 8.0\bin\;C:\Users\vinhn\AppData\Local\Microsoft\WindowsApps;C:\Users\vinhn\AppData\Roaming\npm;C:\Users\vinhn\AppData\Local\Programs\Microsoft VS Code\bin;C:\Users\vinhn\AppData\Roaming\Composer\vendor\bin;C:\Users\vinhn\AppData\Roaming\nvm;C:\Program Files\nodejs;
USERNAME=vinhn
OS=Windows_NT
PROCESSOR_IDENTIFIER=Intel64 Family 6 Model 165 Stepping 5, GenuineIntel
TMP=C:\Users\vinhn\AppData\Local\Temp
TEMP=C:\Users\vinhn\AppData\Local\Temp



Periodic native trim disabled


---------------  S Y S T E M  ---------------

OS:
 Windows 11 , 64 bit Build 22621 (10.0.22621.3672)
OS uptime: 1 days 20:51 hours
Hyper-V role detected

CPU: total 16 (initial active 16) (8 cores per cpu, 2 threads per core) family 6 model 165 stepping 5 microcode 0xee, cx8, cmov, fxsr, ht, mmx, 3dnowpref, sse, sse2, sse3, ssse3, sse4.1, sse4.2, popcnt, lzcnt, tsc, tscinvbit, avx, avx2, aes, erms, clmul, bmi1, bmi2, adx, fma, vzeroupper, clflush, clflushopt, hv
Processor Information for all 16 processors :
  Max Mhz: 2904, Current Mhz: 2904, Mhz Limit: 2904

Memory: 4k page, system-wide physical 16098M (478M free)
TotalPageFile size 22640M (AvailPageFile size 4M)
current process WorkingSet (physical memory assigned to process): 287M, peak: 294M
current process commit charge ("private bytes"): 464M, peak: 478M

vm_info: OpenJDK 64-Bit Server VM (17.0.9+8-LTS) for windows-amd64 JRE (17.0.9+8-LTS), built on Oct 12 2023 16:15:33 by "Administrator" with MS VC++ 16.10 / 16.11 (VS2019)

END.
