#
# There is insufficient memory for the Java Runtime Environment to continue.
# Native memory allocation (malloc) failed to allocate 1664976 bytes for Chunk::new
# Possible reasons:
#   The system is out of physical RAM or swap space
#   The process is running with CompressedOops enabled, and the Java Heap may be blocking the growth of the native heap
# Possible solutions:
#   Reduce memory load on the system
#   Increase physical memory or swap space
#   Check if swap backing store is full
#   Decrease Java heap size (-Xmx/-Xms)
#   Decrease number of Java threads
#   Decrease Java thread stack sizes (-Xss)
#   Set larger code cache with -XX:ReservedCodeCacheSize=
#   JVM is running with Unscaled Compressed Oops mode in which the Java heap is
#     placed in the first 4GB address space. The Java Heap base address is the
#     maximum limit for the native heap growth. Please use -XX:HeapBaseMinAddress
#     to set the Java Heap base and to place the Java Heap above 4GB virtual address.
# This output file may be truncated or incomplete.
#
#  Out of Memory Error (arena.cpp:191), pid=2364, tid=16576
#
# JRE version: OpenJDK Runtime Environment Corretto-17.0.9.8.1 (17.0.9+8) (build 17.0.9+8-LTS)
# Java VM: OpenJDK 64-Bit Server VM Corretto-17.0.9.8.1 (17.0.9+8-LTS, mixed mode, sharing, tiered, compressed oops, compressed class ptrs, g1 gc, windows-amd64)
# No core dump will be written. Minidumps are not enabled by default on client versions of Windows
#

---------------  S U M M A R Y ------------

Command Line: --add-opens=java.base/java.util=ALL-UNNAMED --add-opens=java.base/java.lang=ALL-UNNAMED --add-opens=java.base/java.lang.invoke=ALL-UNNAMED --add-opens=java.prefs/java.util.prefs=ALL-UNNAMED --add-opens=java.base/java.nio.charset=ALL-UNNAMED --add-opens=java.base/java.net=ALL-UNNAMED --add-opens=java.base/java.util.concurrent.atomic=ALL-UNNAMED -Xmx2048m -Dfile.encoding=UTF-8 -Duser.country=US -Duser.language=en -Duser.variant -javaagent:C:\Users\vinhn\.gradle\wrapper\dists\gradle-8.5-bin\5t9huq95ubn472n8rpzujfbqh\gradle-8.5\lib\agents\gradle-instrumentation-agent-8.5.jar org.gradle.launcher.daemon.bootstrap.GradleDaemon 8.5

Host: Intel(R) Core(TM) i7-10700 CPU @ 2.90GHz, 16 cores, 15G,  Windows 11 , 64 bit Build 22621 (10.0.22621.3672)
Time: Wed Jul  3 11:11:17 2024 SE Asia Standard Time elapsed time: 19.672112 seconds (0d 0h 0m 19s)

---------------  T H R E A D  ---------------

Current thread (0x000001d665533250):  JavaThread "C2 CompilerThread0" daemon [_thread_in_native, id=16576, stack(0x000000becd500000,0x000000becd600000)]


Current CompileTask:
C2:  19672 8703       4       org.codehaus.groovy.runtime.metaclass.MetaMethodIndex::isMatchingMethod (61 bytes)

Stack: [0x000000becd500000,0x000000becd600000]
Native frames: (J=compiled Java code, j=interpreted, Vv=VM code, C=native code)
V  [jvm.dll+0x67cb49]
V  [jvm.dll+0x8344da]
V  [jvm.dll+0x835f9e]
V  [jvm.dll+0x836603]
V  [jvm.dll+0x247b5f]
V  [jvm.dll+0xac43c]
V  [jvm.dll+0xaca8c]
V  [jvm.dll+0x366c87]
V  [jvm.dll+0x330fda]
V  [jvm.dll+0x33047a]
V  [jvm.dll+0x21a201]
V  [jvm.dll+0x219621]
V  [jvm.dll+0x1a56cd]
V  [jvm.dll+0x2293ee]
V  [jvm.dll+0x2275bc]
V  [jvm.dll+0x7e95a7]
V  [jvm.dll+0x7e396a]
V  [jvm.dll+0x67ba35]
C  [ucrtbase.dll+0x29333]
C  [KERNEL32.DLL+0x1257d]
C  [ntdll.dll+0x5af28]


---------------  P R O C E S S  ---------------

Threads class SMR info:
_java_thread_list=0x000001d666ae6440, length=71, elements={
0x000001d646dd2350, 0x000001d66550c8e0, 0x000001d66550d670, 0x000001d66551eb50,
0x000001d66551f520, 0x000001d66551fff0, 0x000001d6655228d0, 0x000001d665533250,
0x000001d6655231a0, 0x000001d665524290, 0x000001d665e904a0, 0x000001d6660e3400,
0x000001d66bafd8c0, 0x000001d66c6990f0, 0x000001d66cf5d8a0, 0x000001d66c99c6d0,
0x000001d66c06a120, 0x000001d66b57f9c0, 0x000001d66c57de70, 0x000001d66cd60f30,
0x000001d66cd60510, 0x000001d66cd60a20, 0x000001d66cd61440, 0x000001d66cd5dc90,
0x000001d66cd5e1a0, 0x000001d66cd5f5e0, 0x000001d66cd5e6b0, 0x000001d66cd60000,
0x000001d66cd5ebc0, 0x000001d66cd5f0d0, 0x000001d66eb0eed0, 0x000001d66eb11c60,
0x000001d66eb12680, 0x000001d66eb135b0, 0x000001d66eb130a0, 0x000001d66eb0f3e0,
0x000001d66eb12170, 0x000001d66eb13ac0, 0x000001d66eb0f8f0, 0x000001d66eb0e9c0,
0x000001d66eb0d070, 0x000001d66eb0fe00, 0x000001d66eb13fd0, 0x000001d66eb10310,
0x000001d66eb149f0, 0x000001d66eb11240, 0x000001d66eb144e0, 0x000001d66eb11750,
0x000001d66eb0d580, 0x000001d66eb0da90, 0x000001d66eb0dfa0, 0x000001d66d5c7540,
0x000001d66d5cc130, 0x000001d66d5cacf0, 0x000001d66d5c6610, 0x000001d66d5c7030,
0x000001d66d5c8470, 0x000001d66d5c8e90, 0x000001d66d5c4cc0, 0x000001d66d5c9dc0,
0x000001d66d5c8980, 0x000001d66d5c6b20, 0x000001d66d5c5bf0, 0x000001d66d5c7f60,
0x000001d66d5cc640, 0x000001d66d5ca7e0, 0x000001d66d5c93a0, 0x000001d66d5c98b0,
0x000001d66b29da60, 0x000001d66b29c520, 0x000001d66d5c7a50
}

Java Threads: ( => current thread )
  0x000001d646dd2350 JavaThread "main" [_thread_blocked, id=18084, stack(0x000000becc800000,0x000000becc900000)]
  0x000001d66550c8e0 JavaThread "Reference Handler" daemon [_thread_blocked, id=3664, stack(0x000000beccf00000,0x000000becd000000)]
  0x000001d66550d670 JavaThread "Finalizer" daemon [_thread_blocked, id=5048, stack(0x000000becd000000,0x000000becd100000)]
  0x000001d66551eb50 JavaThread "Signal Dispatcher" daemon [_thread_blocked, id=18548, stack(0x000000becd100000,0x000000becd200000)]
  0x000001d66551f520 JavaThread "Attach Listener" daemon [_thread_blocked, id=11448, stack(0x000000becd200000,0x000000becd300000)]
  0x000001d66551fff0 JavaThread "Service Thread" daemon [_thread_blocked, id=15724, stack(0x000000becd300000,0x000000becd400000)]
  0x000001d6655228d0 JavaThread "Monitor Deflation Thread" daemon [_thread_blocked, id=11576, stack(0x000000becd400000,0x000000becd500000)]
=>0x000001d665533250 JavaThread "C2 CompilerThread0" daemon [_thread_in_native, id=16576, stack(0x000000becd500000,0x000000becd600000)]
  0x000001d6655231a0 JavaThread "C1 CompilerThread0" daemon [_thread_blocked, id=10804, stack(0x000000becd600000,0x000000becd700000)]
  0x000001d665524290 JavaThread "Sweeper thread" daemon [_thread_blocked, id=19708, stack(0x000000becd700000,0x000000becd800000)]
  0x000001d665e904a0 JavaThread "Common-Cleaner" daemon [_thread_blocked, id=5828, stack(0x000000becd800000,0x000000becd900000)]
  0x000001d6660e3400 JavaThread "Notification Thread" daemon [_thread_blocked, id=3264, stack(0x000000becdc00000,0x000000becdd00000)]
  0x000001d66bafd8c0 JavaThread "Daemon health stats" [_thread_blocked, id=11868, stack(0x000000bece400000,0x000000bece500000)]
  0x000001d66c6990f0 JavaThread "Incoming local TCP Connector on port 50718" [_thread_in_native, id=16008, stack(0x000000bece500000,0x000000bece600000)]
  0x000001d66cf5d8a0 JavaThread "Daemon periodic checks" [_thread_blocked, id=11392, stack(0x000000bece600000,0x000000bece700000)]
  0x000001d66c99c6d0 JavaThread "Daemon" [_thread_blocked, id=928, stack(0x000000bece700000,0x000000bece800000)]
  0x000001d66c06a120 JavaThread "Handler for socket connection from /127.0.0.1:50718 to /127.0.0.1:50719" [_thread_in_native, id=18472, stack(0x000000bece800000,0x000000bece900000)]
  0x000001d66b57f9c0 JavaThread "Cancel handler" [_thread_blocked, id=21612, stack(0x000000bece900000,0x000000becea00000)]
  0x000001d66c57de70 JavaThread "Daemon worker" [_thread_in_vm, id=16272, stack(0x000000becea00000,0x000000beceb00000)]
  0x000001d66cd60f30 JavaThread "Asynchronous log dispatcher for DefaultDaemonConnection: socket connection from /127.0.0.1:50718 to /127.0.0.1:50719" [_thread_blocked, id=22332, stack(0x000000beceb00000,0x000000becec00000)]
  0x000001d66cd60510 JavaThread "Stdin handler" [_thread_blocked, id=15364, stack(0x000000becec00000,0x000000beced00000)]
  0x000001d66cd60a20 JavaThread "Daemon client event forwarder" [_thread_blocked, id=16648, stack(0x000000beced00000,0x000000becee00000)]
  0x000001d66cd61440 JavaThread "Cache worker for journal cache (C:\Users\vinhn\.gradle\caches\journal-1)" [_thread_blocked, id=21900, stack(0x000000becee00000,0x000000becef00000)]
  0x000001d66cd5dc90 JavaThread "File lock request listener" [_thread_in_native, id=22468, stack(0x000000becef00000,0x000000becf000000)]
  0x000001d66cd5e1a0 JavaThread "Cache worker for file hash cache (C:\Users\vinhn\.gradle\caches\8.5\fileHashes)" [_thread_blocked, id=10504, stack(0x000000becf000000,0x000000becf100000)]
  0x000001d66cd5f5e0 JavaThread "File watcher server" daemon [_thread_in_native, id=11188, stack(0x000000becf100000,0x000000becf200000)]
  0x000001d66cd5e6b0 JavaThread "File watcher consumer" daemon [_thread_blocked, id=1496, stack(0x000000becf200000,0x000000becf300000)]
  0x000001d66cd60000 JavaThread "Cache worker for checksums cache (E:\gsim-sdk-android\.gradle\8.5\checksums)" [_thread_blocked, id=15308, stack(0x000000becfc00000,0x000000becfd00000)]
  0x000001d66cd5ebc0 JavaThread "Cache worker for file hash cache (E:\gsim-sdk-android\.gradle\8.5\fileHashes)" [_thread_blocked, id=21728, stack(0x000000becfd00000,0x000000becfe00000)]
  0x000001d66cd5f0d0 JavaThread "Cache worker for cache directory md-supplier (C:\Users\vinhn\.gradle\caches\8.5\md-supplier)" [_thread_blocked, id=16844, stack(0x000000becfe00000,0x000000becff00000)]
  0x000001d66eb0eed0 JavaThread "Cache worker for cache directory md-rule (C:\Users\vinhn\.gradle\caches\8.5\md-rule)" [_thread_blocked, id=19568, stack(0x000000becff00000,0x000000bed0000000)]
  0x000001d66eb11c60 JavaThread "Cache worker for file content cache (C:\Users\vinhn\.gradle\caches\8.5\fileContent)" [_thread_blocked, id=3008, stack(0x000000bed0000000,0x000000bed0100000)]
  0x000001d66eb12680 JavaThread "Cache worker for execution history cache (C:\Users\vinhn\.gradle\caches\8.5\executionHistory)" [_thread_blocked, id=6316, stack(0x000000bed0100000,0x000000bed0200000)]
  0x000001d66eb135b0 JavaThread "jar transforms" [_thread_blocked, id=16212, stack(0x000000bed0200000,0x000000bed0300000)]
  0x000001d66eb130a0 JavaThread "jar transforms Thread 2" [_thread_blocked, id=19692, stack(0x000000bed0300000,0x000000bed0400000)]
  0x000001d66eb0f3e0 JavaThread "Cache worker for kotlin-dsl (C:\Users\vinhn\.gradle\caches\8.5\kotlin-dsl)" [_thread_blocked, id=7308, stack(0x000000bed0400000,0x000000bed0500000)]
  0x000001d66eb12170 JavaThread "jar transforms Thread 3" [_thread_blocked, id=11828, stack(0x000000bed0500000,0x000000bed0600000)]
  0x000001d66eb13ac0 JavaThread "jar transforms Thread 4" [_thread_blocked, id=18768, stack(0x000000bed0600000,0x000000bed0700000)]
  0x000001d66eb0f8f0 JavaThread "jar transforms Thread 5" [_thread_blocked, id=19016, stack(0x000000bed0700000,0x000000bed0800000)]
  0x000001d66eb0e9c0 JavaThread "jar transforms Thread 6" [_thread_blocked, id=20740, stack(0x000000bed0800000,0x000000bed0900000)]
  0x000001d66eb0d070 JavaThread "Cache worker for dependencies-accessors (E:\gsim-sdk-android\.gradle\8.5\dependencies-accessors)" [_thread_blocked, id=9744, stack(0x000000bed0900000,0x000000bed0a00000)]
  0x000001d66eb0fe00 JavaThread "Cache worker for Build Output Cleanup Cache (E:\gsim-sdk-android\.gradle\buildOutputCleanup)" [_thread_blocked, id=18944, stack(0x000000bed0a00000,0x000000bed0b00000)]
  0x000001d66eb13fd0 JavaThread "jar transforms Thread 7" [_thread_blocked, id=20016, stack(0x000000bed0b00000,0x000000bed0c00000)]
  0x000001d66eb10310 JavaThread "jar transforms Thread 8" [_thread_blocked, id=8716, stack(0x000000bed0c00000,0x000000bed0d00000)]
  0x000001d66eb149f0 JavaThread "Unconstrained build operations" [_thread_blocked, id=14392, stack(0x000000becdb00000,0x000000becdc00000)]
  0x000001d66eb11240 JavaThread "Unconstrained build operations Thread 2" [_thread_blocked, id=14412, stack(0x000000becde00000,0x000000becdf00000)]
  0x000001d66eb144e0 JavaThread "Unconstrained build operations Thread 3" [_thread_blocked, id=15772, stack(0x000000bed0e00000,0x000000bed0f00000)]
  0x000001d66eb11750 JavaThread "Unconstrained build operations Thread 4" [_thread_blocked, id=9660, stack(0x000000bed0f00000,0x000000bed1000000)]
  0x000001d66eb0d580 JavaThread "Unconstrained build operations Thread 5" [_thread_blocked, id=10564, stack(0x000000bed1000000,0x000000bed1100000)]
  0x000001d66eb0da90 JavaThread "Unconstrained build operations Thread 6" [_thread_blocked, id=14772, stack(0x000000bed1100000,0x000000bed1200000)]
  0x000001d66eb0dfa0 JavaThread "Unconstrained build operations Thread 7" [_thread_blocked, id=19076, stack(0x000000bed1200000,0x000000bed1300000)]
  0x000001d66d5c7540 JavaThread "Unconstrained build operations Thread 8" [_thread_blocked, id=18860, stack(0x000000bed1300000,0x000000bed1400000)]
  0x000001d66d5cc130 JavaThread "Unconstrained build operations Thread 9" [_thread_blocked, id=9964, stack(0x000000bed1400000,0x000000bed1500000)]
  0x000001d66d5cacf0 JavaThread "Unconstrained build operations Thread 10" [_thread_blocked, id=15616, stack(0x000000bed1500000,0x000000bed1600000)]
  0x000001d66d5c6610 JavaThread "Unconstrained build operations Thread 11" [_thread_blocked, id=4472, stack(0x000000bed1600000,0x000000bed1700000)]
  0x000001d66d5c7030 JavaThread "Unconstrained build operations Thread 12" [_thread_blocked, id=16800, stack(0x000000bed1700000,0x000000bed1800000)]
  0x000001d66d5c8470 JavaThread "Unconstrained build operations Thread 13" [_thread_blocked, id=16972, stack(0x000000bed1800000,0x000000bed1900000)]
  0x000001d66d5c8e90 JavaThread "Unconstrained build operations Thread 14" [_thread_blocked, id=21476, stack(0x000000bed1900000,0x000000bed1a00000)]
  0x000001d66d5c4cc0 JavaThread "Unconstrained build operations Thread 15" [_thread_blocked, id=12044, stack(0x000000bed1a00000,0x000000bed1b00000)]
  0x000001d66d5c9dc0 JavaThread "jar transforms Thread 9" [_thread_blocked, id=10656, stack(0x000000bed1d00000,0x000000bed1e00000)]
  0x000001d66d5c8980 JavaThread "jar transforms Thread 10" [_thread_blocked, id=9848, stack(0x000000bed1e00000,0x000000bed1f00000)]
  0x000001d66d5c6b20 JavaThread "jar transforms Thread 11" [_thread_blocked, id=21620, stack(0x000000bed1f00000,0x000000bed2000000)]
  0x000001d66d5c5bf0 JavaThread "jar transforms Thread 12" [_thread_blocked, id=14400, stack(0x000000bed2000000,0x000000bed2100000)]
  0x000001d66d5c7f60 JavaThread "jar transforms Thread 13" [_thread_blocked, id=10956, stack(0x000000bed2100000,0x000000bed2200000)]
  0x000001d66d5cc640 JavaThread "jar transforms Thread 14" [_thread_blocked, id=5228, stack(0x000000bed2200000,0x000000bed2300000)]
  0x000001d66d5ca7e0 JavaThread "jar transforms Thread 15" [_thread_blocked, id=10380, stack(0x000000bed2300000,0x000000bed2400000)]
  0x000001d66d5c93a0 JavaThread "jar transforms Thread 16" [_thread_blocked, id=22484, stack(0x000000bed2400000,0x000000bed2500000)]
  0x000001d66d5c98b0 JavaThread "build event listener" [_thread_blocked, id=19668, stack(0x000000becd900000,0x000000becda00000)]
  0x000001d66b29da60 JavaThread "C1 CompilerThread1" daemon [_thread_blocked, id=8472, stack(0x000000becda00000,0x000000becdb00000)]
  0x000001d66b29c520 JavaThread "C1 CompilerThread2" daemon [_thread_in_native, id=19976, stack(0x000000bed2500000,0x000000bed2600000)]
  0x000001d66d5c7a50 JavaThread "Memory manager" [_thread_blocked, id=16396, stack(0x000000bed2600000,0x000000bed2700000)]

Other Threads:
  0x000001d665508380 VMThread "VM Thread" [stack: 0x000000becce00000,0x000000beccf00000] [id=5868]
  0x000001d6660e38e0 WatcherThread [stack: 0x000000becdd00000,0x000000becde00000] [id=20012]
  0x000001d644bde820 GCTaskThread "GC Thread#0" [stack: 0x000000becc900000,0x000000becca00000] [id=7900]
  0x000001d66b497950 GCTaskThread "GC Thread#1" [stack: 0x000000becdf00000,0x000000bece000000] [id=100]
  0x000001d66b3f8fe0 GCTaskThread "GC Thread#2" [stack: 0x000000bece000000,0x000000bece100000] [id=19744]
  0x000001d66b3ec1f0 GCTaskThread "GC Thread#3" [stack: 0x000000bece100000,0x000000bece200000] [id=12268]
  0x000001d66b3ec4b0 GCTaskThread "GC Thread#4" [stack: 0x000000bece200000,0x000000bece300000] [id=20912]
  0x000001d66b3ec770 GCTaskThread "GC Thread#5" [stack: 0x000000bece300000,0x000000bece400000] [id=19684]
  0x000001d66ca75470 GCTaskThread "GC Thread#6" [stack: 0x000000becf300000,0x000000becf400000] [id=16760]
  0x000001d66ca75f70 GCTaskThread "GC Thread#7" [stack: 0x000000becf400000,0x000000becf500000] [id=21816]
  0x000001d66ca75cb0 GCTaskThread "GC Thread#8" [stack: 0x000000becf500000,0x000000becf600000] [id=2948]
  0x000001d66ca76230 GCTaskThread "GC Thread#9" [stack: 0x000000becf600000,0x000000becf700000] [id=9568]
  0x000001d66ca767b0 GCTaskThread "GC Thread#10" [stack: 0x000000becf700000,0x000000becf800000] [id=18848]
  0x000001d66ca75730 GCTaskThread "GC Thread#11" [stack: 0x000000becf800000,0x000000becf900000] [id=10748]
  0x000001d66ca76a70 GCTaskThread "GC Thread#12" [stack: 0x000000becf900000,0x000000becfa00000] [id=8016]
  0x000001d646e3a000 ConcurrentGCThread "G1 Main Marker" [stack: 0x000000becca00000,0x000000beccb00000] [id=19240]
  0x000001d646e3a930 ConcurrentGCThread "G1 Conc#0" [stack: 0x000000beccb00000,0x000000beccc00000] [id=19948]
  0x000001d66ca759f0 ConcurrentGCThread "G1 Conc#1" [stack: 0x000000becfa00000,0x000000becfb00000] [id=6116]
  0x000001d66ca764f0 ConcurrentGCThread "G1 Conc#2" [stack: 0x000000becfb00000,0x000000becfc00000] [id=21352]
  0x000001d646e7d010 ConcurrentGCThread "G1 Refine#0" [stack: 0x000000beccc00000,0x000000beccd00000] [id=19772]
  0x000001d66c311500 ConcurrentGCThread "G1 Refine#1" [stack: 0x000000bed1b00000,0x000000bed1c00000] [id=2492]
  0x000001d66c3117f0 ConcurrentGCThread "G1 Refine#2" [stack: 0x000000bed1c00000,0x000000bed1d00000] [id=18228]
  0x000001d646e7d950 ConcurrentGCThread "G1 Service" [stack: 0x000000beccd00000,0x000000becce00000] [id=16688]

Threads with active compile tasks:
C2 CompilerThread0    19689 8703       4       org.codehaus.groovy.runtime.metaclass.MetaMethodIndex::isMatchingMethod (61 bytes)

VM state: not at safepoint (normal execution)

VM Mutex/Monitor currently owned by a thread: None

Heap address: 0x0000000080000000, size: 2048 MB, Compressed Oops mode: 32-bit

CDS archive(s) mapped at: [0x000001d600000000-0x000001d600ba0000-0x000001d600ba0000), size 12189696, SharedBaseAddress: 0x000001d600000000, ArchiveRelocationMode: 1.
Compressed class space mapped at: 0x000001d601000000-0x000001d641000000, reserved size: 1073741824
Narrow klass base: 0x000001d600000000, Narrow klass shift: 0, Narrow klass range: 0x100000000

GC Precious Log:
 CPUs: 16 total, 16 available
 Memory: 16098M
 Large Page Support: Disabled
 NUMA Support: Disabled
 Compressed Oops: Enabled (32-bit)
 Heap Region Size: 1M
 Heap Min Capacity: 8M
 Heap Initial Capacity: 252M
 Heap Max Capacity: 2G
 Pre-touch: Disabled
 Parallel Workers: 13
 Concurrent Workers: 3
 Concurrent Refinement Workers: 13
 Periodic GC: Disabled

Heap:
 garbage-first heap   total 203776K, used 110499K [0x0000000080000000, 0x0000000100000000)
  region size 1024K, 33 young (33792K), 9 survivors (9216K)
 Metaspace       used 72529K, committed 73216K, reserved 1114112K
  class space    used 9813K, committed 10176K, reserved 1048576K

Heap Regions: E=young(eden), S=young(survivor), O=old, HS=humongous(starts), HC=humongous(continues), CS=collection set, F=free, OA=open archive, CA=closed archive, TAMS=top-at-mark-start (previous, next)
|   0|0x0000000080000000, 0x0000000080100000, 0x0000000080100000|100%|HS|  |TAMS 0x0000000080100000, 0x0000000080000000| Complete 
|   1|0x0000000080100000, 0x0000000080200000, 0x0000000080200000|100%|HC|  |TAMS 0x0000000080200000, 0x0000000080100000| Complete 
|   2|0x0000000080200000, 0x0000000080300000, 0x0000000080300000|100%|HC|  |TAMS 0x0000000080300000, 0x0000000080200000| Complete 
|   3|0x0000000080300000, 0x0000000080400000, 0x0000000080400000|100%|HC|  |TAMS 0x0000000080400000, 0x0000000080300000| Complete 
|   4|0x0000000080400000, 0x0000000080500000, 0x0000000080500000|100%| O|  |TAMS 0x0000000080500000, 0x0000000080400000| Untracked 
|   5|0x0000000080500000, 0x0000000080600000, 0x0000000080600000|100%| O|  |TAMS 0x0000000080600000, 0x0000000080500000| Untracked 
|   6|0x0000000080600000, 0x0000000080700000, 0x0000000080700000|100%| O|  |TAMS 0x0000000080700000, 0x0000000080600000| Untracked 
|   7|0x0000000080700000, 0x0000000080800000, 0x0000000080800000|100%| O|  |TAMS 0x0000000080800000, 0x0000000080700000| Untracked 
|   8|0x0000000080800000, 0x0000000080900000, 0x0000000080900000|100%| O|  |TAMS 0x0000000080900000, 0x0000000080800000| Untracked 
|   9|0x0000000080900000, 0x0000000080a00000, 0x0000000080a00000|100%| O|  |TAMS 0x0000000080a00000, 0x0000000080900000| Untracked 
|  10|0x0000000080a00000, 0x0000000080b00000, 0x0000000080b00000|100%| O|  |TAMS 0x0000000080a00000, 0x0000000080a00000| Untracked 
|  11|0x0000000080b00000, 0x0000000080c00000, 0x0000000080c00000|100%| O|  |TAMS 0x0000000080c00000, 0x0000000080b00000| Untracked 
|  12|0x0000000080c00000, 0x0000000080d00000, 0x0000000080d00000|100%| O|  |TAMS 0x0000000080d00000, 0x0000000080c00000| Untracked 
|  13|0x0000000080d00000, 0x0000000080e00000, 0x0000000080e00000|100%| O|  |TAMS 0x0000000080e00000, 0x0000000080d00000| Untracked 
|  14|0x0000000080e00000, 0x0000000080f00000, 0x0000000080f00000|100%| O|  |TAMS 0x0000000080f00000, 0x0000000080e00000| Untracked 
|  15|0x0000000080f00000, 0x0000000081000000, 0x0000000081000000|100%| O|  |TAMS 0x0000000081000000, 0x0000000080f00000| Untracked 
|  16|0x0000000081000000, 0x0000000081100000, 0x0000000081100000|100%| O|  |TAMS 0x0000000081100000, 0x0000000081000000| Untracked 
|  17|0x0000000081100000, 0x0000000081200000, 0x0000000081200000|100%| O|  |TAMS 0x0000000081200000, 0x0000000081100000| Untracked 
|  18|0x0000000081200000, 0x0000000081300000, 0x0000000081300000|100%| O|  |TAMS 0x0000000081300000, 0x0000000081200000| Untracked 
|  19|0x0000000081300000, 0x0000000081400000, 0x0000000081400000|100%| O|  |TAMS 0x0000000081400000, 0x0000000081300000| Untracked 
|  20|0x0000000081400000, 0x0000000081500000, 0x0000000081500000|100%| O|  |TAMS 0x0000000081500000, 0x0000000081400000| Untracked 
|  21|0x0000000081500000, 0x0000000081600000, 0x0000000081600000|100%| O|  |TAMS 0x0000000081600000, 0x0000000081500000| Untracked 
|  22|0x0000000081600000, 0x0000000081700000, 0x0000000081700000|100%| O|  |TAMS 0x0000000081700000, 0x0000000081600000| Untracked 
|  23|0x0000000081700000, 0x0000000081800000, 0x0000000081800000|100%| O|  |TAMS 0x0000000081700000, 0x0000000081700000| Untracked 
|  24|0x0000000081800000, 0x0000000081900000, 0x0000000081900000|100%| O|  |TAMS 0x0000000081900000, 0x0000000081800000| Untracked 
|  25|0x0000000081900000, 0x0000000081a00000, 0x0000000081a00000|100%| O|  |TAMS 0x0000000081a00000, 0x0000000081900000| Untracked 
|  26|0x0000000081a00000, 0x0000000081b00000, 0x0000000081b00000|100%| O|  |TAMS 0x0000000081b00000, 0x0000000081a00000| Untracked 
|  27|0x0000000081b00000, 0x0000000081c00000, 0x0000000081c00000|100%| O|  |TAMS 0x0000000081c00000, 0x0000000081b00000| Untracked 
|  28|0x0000000081c00000, 0x0000000081d00000, 0x0000000081d00000|100%| O|  |TAMS 0x0000000081d00000, 0x0000000081c00000| Untracked 
|  29|0x0000000081d00000, 0x0000000081e00000, 0x0000000081e00000|100%| O|  |TAMS 0x0000000081e00000, 0x0000000081d00000| Untracked 
|  30|0x0000000081e00000, 0x0000000081f00000, 0x0000000081f00000|100%| O|  |TAMS 0x0000000081f00000, 0x0000000081e00000| Untracked 
|  31|0x0000000081f00000, 0x0000000082000000, 0x0000000082000000|100%| O|  |TAMS 0x0000000082000000, 0x0000000081f00000| Untracked 
|  32|0x0000000082000000, 0x0000000082100000, 0x0000000082100000|100%| O|  |TAMS 0x0000000082100000, 0x0000000082000000| Untracked 
|  33|0x0000000082100000, 0x0000000082200000, 0x0000000082200000|100%| O|  |TAMS 0x0000000082200000, 0x0000000082100000| Untracked 
|  34|0x0000000082200000, 0x0000000082300000, 0x0000000082300000|100%| O|  |TAMS 0x0000000082300000, 0x0000000082200000| Untracked 
|  35|0x0000000082300000, 0x0000000082400000, 0x0000000082400000|100%| O|  |TAMS 0x0000000082400000, 0x0000000082300000| Untracked 
|  36|0x0000000082400000, 0x0000000082500000, 0x0000000082500000|100%|HS|  |TAMS 0x0000000082500000, 0x0000000082400000| Complete 
|  37|0x0000000082500000, 0x0000000082600000, 0x0000000082600000|100%|HS|  |TAMS 0x0000000082600000, 0x0000000082500000| Complete 
|  38|0x0000000082600000, 0x0000000082700000, 0x0000000082700000|100%|HS|  |TAMS 0x0000000082700000, 0x0000000082600000| Complete 
|  39|0x0000000082700000, 0x0000000082800000, 0x0000000082800000|100%|HC|  |TAMS 0x0000000082800000, 0x0000000082700000| Complete 
|  40|0x0000000082800000, 0x0000000082900000, 0x0000000082900000|100%|HS|  |TAMS 0x0000000082900000, 0x0000000082800000| Complete 
|  41|0x0000000082900000, 0x0000000082a00000, 0x0000000082a00000|100%|HC|  |TAMS 0x0000000082a00000, 0x0000000082900000| Complete 
|  42|0x0000000082a00000, 0x0000000082b00000, 0x0000000082b00000|100%|HS|  |TAMS 0x0000000082b00000, 0x0000000082a00000| Complete 
|  43|0x0000000082b00000, 0x0000000082c00000, 0x0000000082c00000|100%| O|  |TAMS 0x0000000082c00000, 0x0000000082b00000| Untracked 
|  44|0x0000000082c00000, 0x0000000082d00000, 0x0000000082d00000|100%| O|  |TAMS 0x0000000082d00000, 0x0000000082c00000| Untracked 
|  45|0x0000000082d00000, 0x0000000082e00000, 0x0000000082e00000|100%| O|  |TAMS 0x0000000082e00000, 0x0000000082d00000| Untracked 
|  46|0x0000000082e00000, 0x0000000082f00000, 0x0000000082f00000|100%| O|  |TAMS 0x0000000082f00000, 0x0000000082e00000| Untracked 
|  47|0x0000000082f00000, 0x0000000083000000, 0x0000000083000000|100%| O|  |TAMS 0x0000000083000000, 0x0000000082f00000| Untracked 
|  48|0x0000000083000000, 0x0000000083100000, 0x0000000083100000|100%|HS|  |TAMS 0x0000000083100000, 0x0000000083000000| Complete 
|  49|0x0000000083100000, 0x0000000083200000, 0x0000000083200000|100%|HC|  |TAMS 0x0000000083200000, 0x0000000083100000| Complete 
|  50|0x0000000083200000, 0x0000000083300000, 0x0000000083300000|100%|HC|  |TAMS 0x0000000083300000, 0x0000000083200000| Complete 
|  51|0x0000000083300000, 0x0000000083400000, 0x0000000083400000|100%|HC|  |TAMS 0x0000000083400000, 0x0000000083300000| Complete 
|  52|0x0000000083400000, 0x0000000083500000, 0x0000000083500000|100%| O|  |TAMS 0x0000000083500000, 0x0000000083400000| Untracked 
|  53|0x0000000083500000, 0x0000000083600000, 0x0000000083600000|100%| O|  |TAMS 0x0000000083600000, 0x0000000083500000| Untracked 
|  54|0x0000000083600000, 0x0000000083700000, 0x0000000083700000|100%|HS|  |TAMS 0x0000000083700000, 0x0000000083600000| Complete 
|  55|0x0000000083700000, 0x0000000083800000, 0x0000000083800000|100%| O|  |TAMS 0x0000000083800000, 0x0000000083700000| Untracked 
|  56|0x0000000083800000, 0x0000000083900000, 0x0000000083900000|100%| O|  |TAMS 0x0000000083900000, 0x0000000083800000| Untracked 
|  57|0x0000000083900000, 0x0000000083a00000, 0x0000000083a00000|100%| O|  |TAMS 0x0000000083a00000, 0x0000000083900000| Untracked 
|  58|0x0000000083a00000, 0x0000000083b00000, 0x0000000083b00000|100%| O|  |TAMS 0x0000000083b00000, 0x0000000083a00000| Untracked 
|  59|0x0000000083b00000, 0x0000000083c00000, 0x0000000083c00000|100%| O|  |TAMS 0x0000000083c00000, 0x0000000083b00000| Untracked 
|  60|0x0000000083c00000, 0x0000000083d00000, 0x0000000083d00000|100%| O|  |TAMS 0x0000000083d00000, 0x0000000083c00000| Untracked 
|  61|0x0000000083d00000, 0x0000000083e00000, 0x0000000083e00000|100%| O|  |TAMS 0x0000000083e00000, 0x0000000083d00000| Untracked 
|  62|0x0000000083e00000, 0x0000000083f00000, 0x0000000083f00000|100%| O|  |TAMS 0x0000000083f00000, 0x0000000083e00000| Untracked 
|  63|0x0000000083f00000, 0x0000000084000000, 0x0000000084000000|100%| O|  |TAMS 0x0000000084000000, 0x0000000083f00000| Untracked 
|  64|0x0000000084000000, 0x0000000084100000, 0x0000000084100000|100%| O|  |TAMS 0x0000000084100000, 0x0000000084000000| Untracked 
|  65|0x0000000084100000, 0x0000000084200000, 0x0000000084200000|100%| O|  |TAMS 0x0000000084200000, 0x0000000084100000| Untracked 
|  66|0x0000000084200000, 0x0000000084300000, 0x0000000084300000|100%| O|  |TAMS 0x0000000084278400, 0x0000000084200000| Untracked 
|  67|0x0000000084300000, 0x0000000084400000, 0x0000000084400000|100%|HS|  |TAMS 0x0000000084300000, 0x0000000084300000| Complete 
|  68|0x0000000084400000, 0x0000000084500000, 0x0000000084500000|100%|HC|  |TAMS 0x0000000084400000, 0x0000000084400000| Complete 
|  69|0x0000000084500000, 0x0000000084600000, 0x0000000084600000|100%|HC|  |TAMS 0x0000000084500000, 0x0000000084500000| Complete 
|  70|0x0000000084600000, 0x0000000084700000, 0x0000000084700000|100%|HC|  |TAMS 0x0000000084600000, 0x0000000084600000| Complete 
|  71|0x0000000084700000, 0x0000000084800000, 0x0000000084800000|100%| O|  |TAMS 0x0000000084700000, 0x0000000084700000| Untracked 
|  72|0x0000000084800000, 0x0000000084900000, 0x0000000084900000|100%| O|  |TAMS 0x0000000084800000, 0x0000000084800000| Untracked 
|  73|0x0000000084900000, 0x0000000084a00000, 0x0000000084a00000|100%| O|  |TAMS 0x0000000084900000, 0x0000000084900000| Untracked 
|  74|0x0000000084a00000, 0x0000000084b00000, 0x0000000084b00000|100%| O|  |TAMS 0x0000000084a00000, 0x0000000084a00000| Untracked 
|  75|0x0000000084b00000, 0x0000000084be8c00, 0x0000000084c00000| 90%| O|  |TAMS 0x0000000084b00000, 0x0000000084b00000| Untracked 
|  76|0x0000000084c00000, 0x0000000084c00000, 0x0000000084d00000|  0%| F|  |TAMS 0x0000000084c00000, 0x0000000084c00000| Untracked 
|  77|0x0000000084d00000, 0x0000000084d00000, 0x0000000084e00000|  0%| F|  |TAMS 0x0000000084d00000, 0x0000000084d00000| Untracked 
|  78|0x0000000084e00000, 0x0000000084e00000, 0x0000000084f00000|  0%| F|  |TAMS 0x0000000084e00000, 0x0000000084e00000| Untracked 
|  79|0x0000000084f00000, 0x0000000084f00000, 0x0000000085000000|  0%| F|  |TAMS 0x0000000084f00000, 0x0000000084f00000| Untracked 
|  80|0x0000000085000000, 0x0000000085000000, 0x0000000085100000|  0%| F|  |TAMS 0x0000000085000000, 0x0000000085000000| Untracked 
|  81|0x0000000085100000, 0x0000000085100000, 0x0000000085200000|  0%| F|  |TAMS 0x0000000085100000, 0x0000000085100000| Untracked 
|  82|0x0000000085200000, 0x0000000085200000, 0x0000000085300000|  0%| F|  |TAMS 0x0000000085200000, 0x0000000085200000| Untracked 
|  83|0x0000000085300000, 0x0000000085300000, 0x0000000085400000|  0%| F|  |TAMS 0x0000000085300000, 0x0000000085300000| Untracked 
|  84|0x0000000085400000, 0x0000000085400000, 0x0000000085500000|  0%| F|  |TAMS 0x0000000085400000, 0x0000000085400000| Untracked 
|  85|0x0000000085500000, 0x0000000085500000, 0x0000000085600000|  0%| F|  |TAMS 0x0000000085500000, 0x0000000085500000| Untracked 
|  86|0x0000000085600000, 0x0000000085600000, 0x0000000085700000|  0%| F|  |TAMS 0x0000000085600000, 0x0000000085600000| Untracked 
|  87|0x0000000085700000, 0x0000000085700000, 0x0000000085800000|  0%| F|  |TAMS 0x0000000085700000, 0x0000000085700000| Untracked 
|  88|0x0000000085800000, 0x0000000085800000, 0x0000000085900000|  0%| F|  |TAMS 0x0000000085800000, 0x0000000085800000| Untracked 
|  89|0x0000000085900000, 0x0000000085900000, 0x0000000085a00000|  0%| F|  |TAMS 0x0000000085900000, 0x0000000085900000| Untracked 
|  90|0x0000000085a00000, 0x0000000085a00000, 0x0000000085b00000|  0%| F|  |TAMS 0x0000000085a00000, 0x0000000085a00000| Untracked 
|  91|0x0000000085b00000, 0x0000000085b00000, 0x0000000085c00000|  0%| F|  |TAMS 0x0000000085b00000, 0x0000000085b00000| Untracked 
|  92|0x0000000085c00000, 0x0000000085c00000, 0x0000000085d00000|  0%| F|  |TAMS 0x0000000085c00000, 0x0000000085c00000| Untracked 
|  93|0x0000000085d00000, 0x0000000085d00000, 0x0000000085e00000|  0%| F|  |TAMS 0x0000000085d00000, 0x0000000085d00000| Untracked 
|  94|0x0000000085e00000, 0x0000000085e00000, 0x0000000085f00000|  0%| F|  |TAMS 0x0000000085e00000, 0x0000000085e00000| Untracked 
|  95|0x0000000085f00000, 0x0000000085f00000, 0x0000000086000000|  0%| F|  |TAMS 0x0000000085f00000, 0x0000000085f00000| Untracked 
|  96|0x0000000086000000, 0x0000000086000000, 0x0000000086100000|  0%| F|  |TAMS 0x0000000086000000, 0x0000000086000000| Untracked 
|  97|0x0000000086100000, 0x0000000086100000, 0x0000000086200000|  0%| F|  |TAMS 0x0000000086100000, 0x0000000086100000| Untracked 
|  98|0x0000000086200000, 0x0000000086200000, 0x0000000086300000|  0%| F|  |TAMS 0x0000000086200000, 0x0000000086200000| Untracked 
|  99|0x0000000086300000, 0x0000000086300000, 0x0000000086400000|  0%| F|  |TAMS 0x0000000086300000, 0x0000000086300000| Untracked 
| 100|0x0000000086400000, 0x0000000086400000, 0x0000000086500000|  0%| F|  |TAMS 0x0000000086400000, 0x0000000086400000| Untracked 
| 101|0x0000000086500000, 0x0000000086500000, 0x0000000086600000|  0%| F|  |TAMS 0x0000000086500000, 0x0000000086500000| Untracked 
| 102|0x0000000086600000, 0x0000000086600000, 0x0000000086700000|  0%| F|  |TAMS 0x0000000086600000, 0x0000000086600000| Untracked 
| 103|0x0000000086700000, 0x0000000086700000, 0x0000000086800000|  0%| F|  |TAMS 0x0000000086700000, 0x0000000086700000| Untracked 
| 104|0x0000000086800000, 0x0000000086800000, 0x0000000086900000|  0%| F|  |TAMS 0x0000000086800000, 0x0000000086800000| Untracked 
| 105|0x0000000086900000, 0x0000000086900000, 0x0000000086a00000|  0%| F|  |TAMS 0x0000000086900000, 0x0000000086900000| Untracked 
| 106|0x0000000086a00000, 0x0000000086a00000, 0x0000000086b00000|  0%| F|  |TAMS 0x0000000086a00000, 0x0000000086a00000| Untracked 
| 107|0x0000000086b00000, 0x0000000086b00000, 0x0000000086c00000|  0%| F|  |TAMS 0x0000000086b00000, 0x0000000086b00000| Untracked 
| 108|0x0000000086c00000, 0x0000000086c00000, 0x0000000086d00000|  0%| F|  |TAMS 0x0000000086c00000, 0x0000000086c00000| Untracked 
| 109|0x0000000086d00000, 0x0000000086d00000, 0x0000000086e00000|  0%| F|  |TAMS 0x0000000086d00000, 0x0000000086d00000| Untracked 
| 110|0x0000000086e00000, 0x0000000086e00000, 0x0000000086f00000|  0%| F|  |TAMS 0x0000000086e00000, 0x0000000086e00000| Untracked 
| 111|0x0000000086f00000, 0x0000000086f00000, 0x0000000087000000|  0%| F|  |TAMS 0x0000000086f00000, 0x0000000086f00000| Untracked 
| 112|0x0000000087000000, 0x0000000087000000, 0x0000000087100000|  0%| F|  |TAMS 0x0000000087000000, 0x0000000087000000| Untracked 
| 113|0x0000000087100000, 0x0000000087100000, 0x0000000087200000|  0%| F|  |TAMS 0x0000000087100000, 0x0000000087100000| Untracked 
| 114|0x0000000087200000, 0x0000000087200000, 0x0000000087300000|  0%| F|  |TAMS 0x0000000087200000, 0x0000000087200000| Untracked 
| 115|0x0000000087300000, 0x0000000087300000, 0x0000000087400000|  0%| F|  |TAMS 0x0000000087300000, 0x0000000087300000| Untracked 
| 116|0x0000000087400000, 0x0000000087400000, 0x0000000087500000|  0%| F|  |TAMS 0x0000000087400000, 0x0000000087400000| Untracked 
| 117|0x0000000087500000, 0x0000000087500000, 0x0000000087600000|  0%| F|  |TAMS 0x0000000087500000, 0x0000000087500000| Untracked 
| 118|0x0000000087600000, 0x0000000087600000, 0x0000000087700000|  0%| F|  |TAMS 0x0000000087600000, 0x0000000087600000| Untracked 
| 119|0x0000000087700000, 0x0000000087700000, 0x0000000087800000|  0%| F|  |TAMS 0x0000000087700000, 0x0000000087700000| Untracked 
| 120|0x0000000087800000, 0x0000000087800000, 0x0000000087900000|  0%| F|  |TAMS 0x0000000087800000, 0x0000000087800000| Untracked 
| 121|0x0000000087900000, 0x0000000087900000, 0x0000000087a00000|  0%| F|  |TAMS 0x0000000087900000, 0x0000000087900000| Untracked 
| 122|0x0000000087a00000, 0x0000000087b00000, 0x0000000087b00000|100%| S|CS|TAMS 0x0000000087a00000, 0x0000000087a00000| Complete 
| 123|0x0000000087b00000, 0x0000000087c00000, 0x0000000087c00000|100%| S|CS|TAMS 0x0000000087b00000, 0x0000000087b00000| Complete 
| 124|0x0000000087c00000, 0x0000000087d00000, 0x0000000087d00000|100%| S|CS|TAMS 0x0000000087c00000, 0x0000000087c00000| Complete 
| 125|0x0000000087d00000, 0x0000000087e00000, 0x0000000087e00000|100%| S|CS|TAMS 0x0000000087d00000, 0x0000000087d00000| Complete 
| 126|0x0000000087e00000, 0x0000000087f00000, 0x0000000087f00000|100%| S|CS|TAMS 0x0000000087e00000, 0x0000000087e00000| Complete 
| 127|0x0000000087f00000, 0x0000000088000000, 0x0000000088000000|100%| S|CS|TAMS 0x0000000087f00000, 0x0000000087f00000| Complete 
| 128|0x0000000088000000, 0x0000000088100000, 0x0000000088100000|100%| S|CS|TAMS 0x0000000088000000, 0x0000000088000000| Complete 
| 129|0x0000000088100000, 0x0000000088100000, 0x0000000088200000|  0%| F|  |TAMS 0x0000000088100000, 0x0000000088100000| Untracked 
| 130|0x0000000088200000, 0x0000000088300000, 0x0000000088300000|100%| S|CS|TAMS 0x0000000088200000, 0x0000000088200000| Complete 
| 131|0x0000000088300000, 0x0000000088400000, 0x0000000088400000|100%| S|CS|TAMS 0x0000000088300000, 0x0000000088300000| Complete 
| 132|0x0000000088400000, 0x0000000088400000, 0x0000000088500000|  0%| F|  |TAMS 0x0000000088400000, 0x0000000088400000| Untracked 
| 133|0x0000000088500000, 0x0000000088500000, 0x0000000088600000|  0%| F|  |TAMS 0x0000000088500000, 0x0000000088500000| Untracked 
| 134|0x0000000088600000, 0x0000000088600000, 0x0000000088700000|  0%| F|  |TAMS 0x0000000088600000, 0x0000000088600000| Untracked 
| 135|0x0000000088700000, 0x0000000088700000, 0x0000000088800000|  0%| F|  |TAMS 0x0000000088700000, 0x0000000088700000| Untracked 
| 136|0x0000000088800000, 0x0000000088800000, 0x0000000088900000|  0%| F|  |TAMS 0x0000000088800000, 0x0000000088800000| Untracked 
| 137|0x0000000088900000, 0x0000000088900000, 0x0000000088a00000|  0%| F|  |TAMS 0x0000000088900000, 0x0000000088900000| Untracked 
| 138|0x0000000088a00000, 0x0000000088a00000, 0x0000000088b00000|  0%| F|  |TAMS 0x0000000088a00000, 0x0000000088a00000| Untracked 
| 139|0x0000000088b00000, 0x0000000088b00000, 0x0000000088c00000|  0%| F|  |TAMS 0x0000000088b00000, 0x0000000088b00000| Untracked 
| 140|0x0000000088c00000, 0x0000000088c00000, 0x0000000088d00000|  0%| F|  |TAMS 0x0000000088c00000, 0x0000000088c00000| Untracked 
| 141|0x0000000088d00000, 0x0000000088d00000, 0x0000000088e00000|  0%| F|  |TAMS 0x0000000088d00000, 0x0000000088d00000| Untracked 
| 142|0x0000000088e00000, 0x0000000088e00000, 0x0000000088f00000|  0%| F|  |TAMS 0x0000000088e00000, 0x0000000088e00000| Untracked 
| 143|0x0000000088f00000, 0x0000000088f00000, 0x0000000089000000|  0%| F|  |TAMS 0x0000000088f00000, 0x0000000088f00000| Untracked 
| 144|0x0000000089000000, 0x0000000089000000, 0x0000000089100000|  0%| F|  |TAMS 0x0000000089000000, 0x0000000089000000| Untracked 
| 145|0x0000000089100000, 0x0000000089100000, 0x0000000089200000|  0%| F|  |TAMS 0x0000000089100000, 0x0000000089100000| Untracked 
| 146|0x0000000089200000, 0x0000000089200000, 0x0000000089300000|  0%| F|  |TAMS 0x0000000089200000, 0x0000000089200000| Untracked 
| 147|0x0000000089300000, 0x0000000089300000, 0x0000000089400000|  0%| F|  |TAMS 0x0000000089300000, 0x0000000089300000| Untracked 
| 148|0x0000000089400000, 0x0000000089400000, 0x0000000089500000|  0%| F|  |TAMS 0x0000000089400000, 0x0000000089400000| Untracked 
| 149|0x0000000089500000, 0x0000000089500000, 0x0000000089600000|  0%| F|  |TAMS 0x0000000089500000, 0x0000000089500000| Untracked 
| 150|0x0000000089600000, 0x0000000089600000, 0x0000000089700000|  0%| F|  |TAMS 0x0000000089600000, 0x0000000089600000| Untracked 
| 151|0x0000000089700000, 0x0000000089700000, 0x0000000089800000|  0%| F|  |TAMS 0x0000000089700000, 0x0000000089700000| Untracked 
| 152|0x0000000089800000, 0x0000000089800000, 0x0000000089900000|  0%| F|  |TAMS 0x0000000089800000, 0x0000000089800000| Untracked 
| 153|0x0000000089900000, 0x0000000089900000, 0x0000000089a00000|  0%| F|  |TAMS 0x0000000089900000, 0x0000000089900000| Untracked 
| 154|0x0000000089a00000, 0x0000000089a00000, 0x0000000089b00000|  0%| F|  |TAMS 0x0000000089a00000, 0x0000000089a00000| Untracked 
| 155|0x0000000089b00000, 0x0000000089b00000, 0x0000000089c00000|  0%| F|  |TAMS 0x0000000089b00000, 0x0000000089b00000| Untracked 
| 156|0x0000000089c00000, 0x0000000089c00000, 0x0000000089d00000|  0%| F|  |TAMS 0x0000000089c00000, 0x0000000089c00000| Untracked 
| 157|0x0000000089d00000, 0x0000000089d00000, 0x0000000089e00000|  0%| F|  |TAMS 0x0000000089d00000, 0x0000000089d00000| Untracked 
| 158|0x0000000089e00000, 0x0000000089e00000, 0x0000000089f00000|  0%| F|  |TAMS 0x0000000089e00000, 0x0000000089e00000| Untracked 
| 159|0x0000000089f00000, 0x0000000089f00000, 0x000000008a000000|  0%| F|  |TAMS 0x0000000089f00000, 0x0000000089f00000| Untracked 
| 160|0x000000008a000000, 0x000000008a000000, 0x000000008a100000|  0%| F|  |TAMS 0x000000008a000000, 0x000000008a000000| Untracked 
| 161|0x000000008a100000, 0x000000008a100000, 0x000000008a200000|  0%| F|  |TAMS 0x000000008a100000, 0x000000008a100000| Untracked 
| 162|0x000000008a200000, 0x000000008a200000, 0x000000008a300000|  0%| F|  |TAMS 0x000000008a200000, 0x000000008a200000| Untracked 
| 163|0x000000008a300000, 0x000000008a300000, 0x000000008a400000|  0%| F|  |TAMS 0x000000008a300000, 0x000000008a300000| Untracked 
| 164|0x000000008a400000, 0x000000008a400000, 0x000000008a500000|  0%| F|  |TAMS 0x000000008a400000, 0x000000008a400000| Untracked 
| 165|0x000000008a500000, 0x000000008a500000, 0x000000008a600000|  0%| F|  |TAMS 0x000000008a500000, 0x000000008a500000| Untracked 
| 166|0x000000008a600000, 0x000000008a600000, 0x000000008a700000|  0%| F|  |TAMS 0x000000008a600000, 0x000000008a600000| Untracked 
| 167|0x000000008a700000, 0x000000008a700000, 0x000000008a800000|  0%| F|  |TAMS 0x000000008a700000, 0x000000008a700000| Untracked 
| 168|0x000000008a800000, 0x000000008a800000, 0x000000008a900000|  0%| F|  |TAMS 0x000000008a800000, 0x000000008a800000| Untracked 
| 169|0x000000008a900000, 0x000000008a900000, 0x000000008aa00000|  0%| F|  |TAMS 0x000000008a900000, 0x000000008a900000| Untracked 
| 170|0x000000008aa00000, 0x000000008aa00000, 0x000000008ab00000|  0%| F|  |TAMS 0x000000008aa00000, 0x000000008aa00000| Untracked 
| 171|0x000000008ab00000, 0x000000008ab00000, 0x000000008ac00000|  0%| F|  |TAMS 0x000000008ab00000, 0x000000008ab00000| Untracked 
| 172|0x000000008ac00000, 0x000000008ac00000, 0x000000008ad00000|  0%| F|  |TAMS 0x000000008ac00000, 0x000000008ac00000| Untracked 
| 173|0x000000008ad00000, 0x000000008ad00000, 0x000000008ae00000|  0%| F|  |TAMS 0x000000008ad00000, 0x000000008ad00000| Untracked 
| 174|0x000000008ae00000, 0x000000008ae00000, 0x000000008af00000|  0%| F|  |TAMS 0x000000008ae00000, 0x000000008ae00000| Untracked 
| 175|0x000000008af00000, 0x000000008afce7f8, 0x000000008b000000| 80%| E|  |TAMS 0x000000008af00000, 0x000000008af00000| Complete 
| 176|0x000000008b000000, 0x000000008b100000, 0x000000008b100000|100%| E|CS|TAMS 0x000000008b000000, 0x000000008b000000| Complete 
| 177|0x000000008b100000, 0x000000008b200000, 0x000000008b200000|100%| E|CS|TAMS 0x000000008b100000, 0x000000008b100000| Complete 
| 178|0x000000008b200000, 0x000000008b300000, 0x000000008b300000|100%| E|CS|TAMS 0x000000008b200000, 0x000000008b200000| Complete 
| 179|0x000000008b300000, 0x000000008b400000, 0x000000008b400000|100%| E|CS|TAMS 0x000000008b300000, 0x000000008b300000| Complete 
| 180|0x000000008b400000, 0x000000008b500000, 0x000000008b500000|100%| E|CS|TAMS 0x000000008b400000, 0x000000008b400000| Complete 
| 181|0x000000008b500000, 0x000000008b600000, 0x000000008b600000|100%| E|CS|TAMS 0x000000008b500000, 0x000000008b500000| Complete 
| 182|0x000000008b600000, 0x000000008b700000, 0x000000008b700000|100%| E|CS|TAMS 0x000000008b600000, 0x000000008b600000| Complete 
| 183|0x000000008b700000, 0x000000008b800000, 0x000000008b800000|100%| E|CS|TAMS 0x000000008b700000, 0x000000008b700000| Complete 
| 184|0x000000008b800000, 0x000000008b900000, 0x000000008b900000|100%| E|CS|TAMS 0x000000008b800000, 0x000000008b800000| Complete 
| 185|0x000000008b900000, 0x000000008ba00000, 0x000000008ba00000|100%| E|CS|TAMS 0x000000008b900000, 0x000000008b900000| Complete 
| 186|0x000000008ba00000, 0x000000008bb00000, 0x000000008bb00000|100%| E|CS|TAMS 0x000000008ba00000, 0x000000008ba00000| Complete 
| 187|0x000000008bb00000, 0x000000008bc00000, 0x000000008bc00000|100%| E|CS|TAMS 0x000000008bb00000, 0x000000008bb00000| Complete 
| 188|0x000000008bc00000, 0x000000008bd00000, 0x000000008bd00000|100%| E|CS|TAMS 0x000000008bc00000, 0x000000008bc00000| Complete 
| 189|0x000000008bd00000, 0x000000008be00000, 0x000000008be00000|100%| E|CS|TAMS 0x000000008bd00000, 0x000000008bd00000| Complete 
| 190|0x000000008be00000, 0x000000008bf00000, 0x000000008bf00000|100%| E|CS|TAMS 0x000000008be00000, 0x000000008be00000| Complete 
| 191|0x000000008bf00000, 0x000000008c000000, 0x000000008c000000|100%| E|CS|TAMS 0x000000008bf00000, 0x000000008bf00000| Complete 
| 192|0x000000008c000000, 0x000000008c100000, 0x000000008c100000|100%| E|CS|TAMS 0x000000008c000000, 0x000000008c000000| Complete 
| 193|0x000000008c100000, 0x000000008c200000, 0x000000008c200000|100%| E|CS|TAMS 0x000000008c100000, 0x000000008c100000| Complete 
| 194|0x000000008c200000, 0x000000008c300000, 0x000000008c300000|100%| E|CS|TAMS 0x000000008c200000, 0x000000008c200000| Complete 
| 195|0x000000008c300000, 0x000000008c400000, 0x000000008c400000|100%| E|CS|TAMS 0x000000008c300000, 0x000000008c300000| Complete 
| 196|0x000000008c400000, 0x000000008c500000, 0x000000008c500000|100%| E|CS|TAMS 0x000000008c400000, 0x000000008c400000| Complete 
| 197|0x000000008c500000, 0x000000008c600000, 0x000000008c600000|100%| E|CS|TAMS 0x000000008c500000, 0x000000008c500000| Complete 
| 251|0x000000008fb00000, 0x000000008fc00000, 0x000000008fc00000|100%| E|CS|TAMS 0x000000008fb00000, 0x000000008fb00000| Complete 

Card table byte_map: [0x000001d65e550000,0x000001d65e950000] _byte_map_base: 0x000001d65e150000

Marking Bits (Prev, Next): (CMBitMap*) 0x000001d646e29910, (CMBitMap*) 0x000001d646e29950
 Prev Bits: [0x000001d65ed50000, 0x000001d660d50000)
 Next Bits: [0x000001d660d50000, 0x000001d662d50000)

Polling page: 0x000001d646580000

Metaspace:

Usage:
  Non-class:     61.25 MB used.
      Class:      9.58 MB used.
       Both:     70.83 MB used.

Virtual space:
  Non-class space:       64.00 MB reserved,      61.56 MB ( 96%) committed,  1 nodes.
      Class space:        1.00 GB reserved,       9.94 MB ( <1%) committed,  1 nodes.
             Both:        1.06 GB reserved,      71.50 MB (  7%) committed. 

Chunk freelists:
   Non-Class:  2.38 MB
       Class:  6.05 MB
        Both:  8.42 MB

MaxMetaspaceSize: unlimited
CompressedClassSpaceSize: 1.00 GB
Initial GC threshold: 21.00 MB
Current GC threshold: 89.81 MB
CDS: on
MetaspaceReclaimPolicy: balanced
 - commit_granule_bytes: 65536.
 - commit_granule_words: 8192.
 - virtual_space_node_default_size: 8388608.
 - enlarge_chunks_in_place: 1.
 - new_chunks_are_fully_committed: 0.
 - uncommit_free_chunks: 1.
 - use_allocation_guard: 0.
 - handle_deallocations: 1.


Internal statistics:

num_allocs_failed_limit: 6.
num_arena_births: 812.
num_arena_deaths: 0.
num_vsnodes_births: 2.
num_vsnodes_deaths: 0.
num_space_committed: 1144.
num_space_uncommitted: 0.
num_chunks_returned_to_freelist: 6.
num_chunks_taken_from_freelist: 3527.
num_chunk_merges: 6.
num_chunk_splits: 2365.
num_chunks_enlarged: 1612.
num_inconsistent_stats: 0.

CodeHeap 'non-profiled nmethods': size=119168Kb used=3899Kb max_used=3899Kb free=115268Kb
 bounds [0x000001d656470000, 0x000001d656840000, 0x000001d65d8d0000]
CodeHeap 'profiled nmethods': size=119104Kb used=16361Kb max_used=16361Kb free=102742Kb
 bounds [0x000001d64e8d0000, 0x000001d64f8d0000, 0x000001d655d20000]
CodeHeap 'non-nmethods': size=7488Kb used=3532Kb max_used=4105Kb free=3955Kb
 bounds [0x000001d655d20000, 0x000001d656140000, 0x000001d656470000]
 total_blobs=9096 nmethods=8158 adapters=848
 compilation: enabled
              stopped_count=0, restarted_count=0
 full_count=0

Compilation events (20 events):
Event: 19.668 Thread 0x000001d66b29da60 nmethod 8900 0x000001d65683a790 code [0x000001d65683a920, 0x000001d65683a9f8]
Event: 19.669 Thread 0x000001d66b29c520 8901       1       org.gradle.internal.extensibility.DefaultConvention::getExtensionsAsDynamicObject (5 bytes)
Event: 19.669 Thread 0x000001d66b29da60 8902       1       org.gradle.internal.extensibility.ExtensionsStorage$ExtensionHolder::get (5 bytes)
Event: 19.669 Thread 0x000001d66b29c520 nmethod 8901 0x000001d65683aa90 code [0x000001d65683ac20, 0x000001d65683acf8]
Event: 19.669 Thread 0x000001d66b29da60 nmethod 8902 0x000001d65683ad90 code [0x000001d65683af20, 0x000001d65683aff8]
Event: 19.669 Thread 0x000001d6655231a0 8903       1       org.gradle.internal.extensibility.ExtensionsStorage$ExtensionHolder::getPublicType (5 bytes)
Event: 19.669 Thread 0x000001d6655231a0 nmethod 8903 0x000001d65683b090 code [0x000001d65683b220, 0x000001d65683b2f8]
Event: 19.669 Thread 0x000001d66b29da60 8904       3       java.util.TreeMap$KeyIterator::next (8 bytes)
Event: 19.669 Thread 0x000001d66b29da60 nmethod 8904 0x000001d64f897690 code [0x000001d64f897840, 0x000001d64f897988]
Event: 19.670 Thread 0x000001d6655231a0 8905       3       kotlin.reflect.jvm.internal.impl.metadata.ProtoBuf$Type::initFields (79 bytes)
Event: 19.670 Thread 0x000001d66b29c520 8909   !   3       kotlin.reflect.jvm.internal.impl.metadata.ProtoBuf$Type::<init> (875 bytes)
Event: 19.670 Thread 0x000001d66b29da60 8906       3       kotlin.reflect.jvm.internal.impl.metadata.ProtoBuf$Type$1::parsePartialFrom (7 bytes)
Event: 19.670 Thread 0x000001d6655231a0 nmethod 8905 0x000001d64f897a90 code [0x000001d64f897c60, 0x000001d64f8980d8]
Event: 19.670 Thread 0x000001d6655231a0 8907       3       kotlin.reflect.jvm.internal.impl.metadata.ProtoBuf$Type$1::parsePartialFrom (11 bytes)
Event: 19.670 Thread 0x000001d66b29da60 nmethod 8906 0x000001d64f898210 code [0x000001d64f8983a0, 0x000001d64f8984e8]
Event: 19.670 Thread 0x000001d66b29da60 8908       3       kotlin.reflect.jvm.internal.impl.metadata.ProtoBuf$Type::<init> (7 bytes)
Event: 19.670 Thread 0x000001d6655231a0 nmethod 8907 0x000001d64f898590 code [0x000001d64f898740, 0x000001d64f898948]
Event: 19.670 Thread 0x000001d66b29da60 nmethod 8908 0x000001d64f898a90 code [0x000001d64f898c20, 0x000001d64f898d68]
Event: 19.670 Thread 0x000001d6655231a0 8910       3       kotlin.reflect.jvm.internal.impl.protobuf.SmallSortedMap::checkMutable (16 bytes)
Event: 19.670 Thread 0x000001d6655231a0 nmethod 8910 0x000001d64f898e10 code [0x000001d64f898fc0, 0x000001d64f8991e8]

GC Heap History (20 events):
Event: 14.175 GC heap before
{Heap before GC invocations=11 (full 0):
 garbage-first heap   total 103424K, used 78773K [0x0000000080000000, 0x0000000100000000)
  region size 1024K, 47 young (48128K), 6 survivors (6144K)
 Metaspace       used 50945K, committed 51456K, reserved 1114112K
  class space    used 6986K, committed 7232K, reserved 1048576K
}
Event: 14.179 GC heap after
{Heap after GC invocations=12 (full 0):
 garbage-first heap   total 103424K, used 41589K [0x0000000080000000, 0x0000000100000000)
  region size 1024K, 6 young (6144K), 6 survivors (6144K)
 Metaspace       used 50945K, committed 51456K, reserved 1114112K
  class space    used 6986K, committed 7232K, reserved 1048576K
}
Event: 16.292 GC heap before
{Heap before GC invocations=12 (full 0):
 garbage-first heap   total 103424K, used 71285K [0x0000000080000000, 0x0000000100000000)
  region size 1024K, 29 young (29696K), 6 survivors (6144K)
 Metaspace       used 51523K, committed 52032K, reserved 1114112K
  class space    used 7039K, committed 7296K, reserved 1048576K
}
Event: 16.296 GC heap after
{Heap after GC invocations=13 (full 0):
 garbage-first heap   total 103424K, used 55210K [0x0000000080000000, 0x0000000100000000)
  region size 1024K, 6 young (6144K), 6 survivors (6144K)
 Metaspace       used 51523K, committed 52032K, reserved 1114112K
  class space    used 7039K, committed 7296K, reserved 1048576K
}
Event: 17.646 GC heap before
{Heap before GC invocations=14 (full 0):
 garbage-first heap   total 103424K, used 84906K [0x0000000080000000, 0x0000000100000000)
  region size 1024K, 30 young (30720K), 6 survivors (6144K)
 Metaspace       used 52960K, committed 53504K, reserved 1114112K
  class space    used 7229K, committed 7488K, reserved 1048576K
}
Event: 17.649 GC heap after
{Heap after GC invocations=15 (full 0):
 garbage-first heap   total 103424K, used 66807K [0x0000000080000000, 0x0000000100000000)
  region size 1024K, 4 young (4096K), 4 survivors (4096K)
 Metaspace       used 52960K, committed 53504K, reserved 1114112K
  class space    used 7229K, committed 7488K, reserved 1048576K
}
Event: 17.656 GC heap before
{Heap before GC invocations=15 (full 0):
 garbage-first heap   total 103424K, used 67831K [0x0000000080000000, 0x0000000100000000)
  region size 1024K, 5 young (5120K), 4 survivors (4096K)
 Metaspace       used 53031K, committed 53568K, reserved 1114112K
  class space    used 7243K, committed 7488K, reserved 1048576K
}
Event: 17.658 GC heap after
{Heap after GC invocations=16 (full 0):
 garbage-first heap   total 103424K, used 66731K [0x0000000080000000, 0x0000000100000000)
  region size 1024K, 1 young (1024K), 1 survivors (1024K)
 Metaspace       used 53031K, committed 53568K, reserved 1114112K
  class space    used 7243K, committed 7488K, reserved 1048576K
}
Event: 17.787 GC heap before
{Heap before GC invocations=16 (full 0):
 garbage-first heap   total 103424K, used 82091K [0x0000000080000000, 0x0000000100000000)
  region size 1024K, 17 young (17408K), 1 survivors (1024K)
 Metaspace       used 54459K, committed 55040K, reserved 1114112K
  class space    used 7448K, committed 7744K, reserved 1048576K
}
Event: 17.789 GC heap after
{Heap after GC invocations=17 (full 0):
 garbage-first heap   total 103424K, used 67040K [0x0000000080000000, 0x0000000100000000)
  region size 1024K, 1 young (1024K), 1 survivors (1024K)
 Metaspace       used 54459K, committed 55040K, reserved 1114112K
  class space    used 7448K, committed 7744K, reserved 1048576K
}
Event: 17.932 GC heap before
{Heap before GC invocations=18 (full 0):
 garbage-first heap   total 117760K, used 83424K [0x0000000080000000, 0x0000000100000000)
  region size 1024K, 17 young (17408K), 1 survivors (1024K)
 Metaspace       used 56164K, committed 56640K, reserved 1114112K
  class space    used 7627K, committed 7872K, reserved 1048576K
}
Event: 17.934 GC heap after
{Heap after GC invocations=19 (full 0):
 garbage-first heap   total 117760K, used 67358K [0x0000000080000000, 0x0000000100000000)
  region size 1024K, 1 young (1024K), 1 survivors (1024K)
 Metaspace       used 56164K, committed 56640K, reserved 1114112K
  class space    used 7627K, committed 7872K, reserved 1048576K
}
Event: 17.960 GC heap before
{Heap before GC invocations=19 (full 0):
 garbage-first heap   total 117760K, used 71454K [0x0000000080000000, 0x0000000100000000)
  region size 1024K, 5 young (5120K), 1 survivors (1024K)
 Metaspace       used 56557K, committed 57088K, reserved 1114112K
  class space    used 7681K, committed 7936K, reserved 1048576K
}
Event: 17.963 GC heap after
{Heap after GC invocations=20 (full 0):
 garbage-first heap   total 203776K, used 67371K [0x0000000080000000, 0x0000000100000000)
  region size 1024K, 1 young (1024K), 1 survivors (1024K)
 Metaspace       used 56557K, committed 57088K, reserved 1114112K
  class space    used 7681K, committed 7936K, reserved 1048576K
}
Event: 18.533 GC heap before
{Heap before GC invocations=20 (full 0):
 garbage-first heap   total 203776K, used 144171K [0x0000000080000000, 0x0000000100000000)
  region size 1024K, 70 young (71680K), 1 survivors (1024K)
 Metaspace       used 61527K, committed 62144K, reserved 1114112K
  class space    used 8377K, committed 8704K, reserved 1048576K
}
Event: 18.536 GC heap after
{Heap after GC invocations=21 (full 0):
 garbage-first heap   total 203776K, used 73133K [0x0000000080000000, 0x0000000100000000)
  region size 1024K, 7 young (7168K), 7 survivors (7168K)
 Metaspace       used 61527K, committed 62144K, reserved 1114112K
  class space    used 8377K, committed 8704K, reserved 1048576K
}
Event: 19.130 GC heap before
{Heap before GC invocations=21 (full 0):
 garbage-first heap   total 203776K, used 147885K [0x0000000080000000, 0x0000000100000000)
  region size 1024K, 76 young (77824K), 7 survivors (7168K)
 Metaspace       used 67573K, committed 68160K, reserved 1114112K
  class space    used 9138K, committed 9472K, reserved 1048576K
}
Event: 19.134 GC heap after
{Heap after GC invocations=22 (full 0):
 garbage-first heap   total 203776K, used 81362K [0x0000000080000000, 0x0000000100000000)
  region size 1024K, 5 young (5120K), 5 survivors (5120K)
 Metaspace       used 67573K, committed 68160K, reserved 1114112K
  class space    used 9138K, committed 9472K, reserved 1048576K
}
Event: 19.500 GC heap before
{Heap before GC invocations=22 (full 0):
 garbage-first heap   total 203776K, used 149970K [0x0000000080000000, 0x0000000100000000)
  region size 1024K, 72 young (73728K), 5 survivors (5120K)
 Metaspace       used 69627K, committed 70272K, reserved 1114112K
  class space    used 9443K, committed 9792K, reserved 1048576K
}
Event: 19.505 GC heap after
{Heap after GC invocations=23 (full 0):
 garbage-first heap   total 203776K, used 86947K [0x0000000080000000, 0x0000000100000000)
  region size 1024K, 9 young (9216K), 9 survivors (9216K)
 Metaspace       used 69627K, committed 70272K, reserved 1114112K
  class space    used 9443K, committed 9792K, reserved 1048576K
}

Dll operation events (14 events):
Event: 0.027 Loaded shared library C:\Users\vinhn\.jdks\corretto-17.0.9\bin\java.dll
Event: 0.048 Loaded shared library C:\Users\vinhn\.jdks\corretto-17.0.9\bin\jsvml.dll
Event: 0.085 Loaded shared library C:\Users\vinhn\.jdks\corretto-17.0.9\bin\zip.dll
Event: 0.087 Loaded shared library C:\Users\vinhn\.jdks\corretto-17.0.9\bin\instrument.dll
Event: 0.092 Loaded shared library C:\Users\vinhn\.jdks\corretto-17.0.9\bin\net.dll
Event: 0.094 Loaded shared library C:\Users\vinhn\.jdks\corretto-17.0.9\bin\nio.dll
Event: 0.104 Loaded shared library C:\Users\vinhn\.jdks\corretto-17.0.9\bin\zip.dll
Event: 2.253 Loaded shared library C:\Users\vinhn\.jdks\corretto-17.0.9\bin\jimage.dll
Event: 2.644 Loaded shared library C:\Users\vinhn\.jdks\corretto-17.0.9\bin\verify.dll
Event: 3.669 Loaded shared library C:\Users\vinhn\.gradle\native\c067742578af261105cb4f569cf0c3c89f3d7b1fecec35dd04571415982c5e48\windows-amd64\native-platform.dll
Event: 3.681 Loaded shared library C:\Users\vinhn\.gradle\native\38dada09dfb8b06ba9b0570ebf7e218e3eb74d4ef43ca46872605cf95ebc2f47\windows-amd64\native-platform-file-events.dll
Event: 7.211 Loaded shared library C:\Users\vinhn\.jdks\corretto-17.0.9\bin\management.dll
Event: 7.214 Loaded shared library C:\Users\vinhn\.jdks\corretto-17.0.9\bin\management_ext.dll
Event: 7.635 Loaded shared library C:\Users\vinhn\.jdks\corretto-17.0.9\bin\sunmscapi.dll

Deoptimization events (20 events):
Event: 18.837 Thread 0x000001d66c57de70 Uncommon trap: trap_request=0xffffffde fr.pc=0x000001d65669d9e0 relative=0x0000000000000160
Event: 18.837 Thread 0x000001d66c57de70 Uncommon trap: reason=class_check action=maybe_recompile pc=0x000001d65669d9e0 method=java.lang.reflect.Array.newInstance(Ljava/lang/Class;I)Ljava/lang/Object; @ 2 c2
Event: 18.837 Thread 0x000001d66c57de70 DEOPT PACKING pc=0x000001d65669d9e0 sp=0x000000beceaf60b0
Event: 18.837 Thread 0x000001d66c57de70 DEOPT UNPACKING pc=0x000001d655d769a3 sp=0x000000beceaf6048 mode 2
Event: 19.219 Thread 0x000001d66c57de70 Uncommon trap: trap_request=0xffffff45 fr.pc=0x000001d6566f6780 relative=0x0000000000000140
Event: 19.219 Thread 0x000001d66c57de70 Uncommon trap: reason=unstable_if action=reinterpret pc=0x000001d6566f6780 method=java.lang.ClassLoader.defineClassSourceLocation(Ljava/security/ProtectionDomain;)Ljava/lang/String; @ 8 c2
Event: 19.219 Thread 0x000001d66c57de70 DEOPT PACKING pc=0x000001d6566f6780 sp=0x000000beceaf8040
Event: 19.219 Thread 0x000001d66c57de70 DEOPT UNPACKING pc=0x000001d655d769a3 sp=0x000000beceaf7f88 mode 2
Event: 19.220 Thread 0x000001d66c57de70 Uncommon trap: trap_request=0xffffff45 fr.pc=0x000001d65676189c relative=0x0000000000000b1c
Event: 19.220 Thread 0x000001d66c57de70 Uncommon trap: reason=unstable_if action=reinterpret pc=0x000001d65676189c method=java.lang.ClassLoader.loadClass(Ljava/lang/String;Z)Ljava/lang/Class; @ 29 c2
Event: 19.220 Thread 0x000001d66c57de70 DEOPT PACKING pc=0x000001d65676189c sp=0x000000beceaf4030
Event: 19.220 Thread 0x000001d66c57de70 DEOPT UNPACKING pc=0x000001d655d769a3 sp=0x000000beceaf3ff8 mode 2
Event: 19.266 Thread 0x000001d66c57de70 Uncommon trap: trap_request=0xffffff45 fr.pc=0x000001d6565a1c8c relative=0x00000000000009cc
Event: 19.266 Thread 0x000001d66c57de70 Uncommon trap: reason=unstable_if action=reinterpret pc=0x000001d6565a1c8c method=java.util.WeakHashMap.put(Ljava/lang/Object;Ljava/lang/Object;)Ljava/lang/Object; @ 57 c2
Event: 19.266 Thread 0x000001d66c57de70 DEOPT PACKING pc=0x000001d6565a1c8c sp=0x000000beceaf4880
Event: 19.266 Thread 0x000001d66c57de70 DEOPT UNPACKING pc=0x000001d655d769a3 sp=0x000000beceaf4860 mode 2
Event: 19.354 Thread 0x000001d66c57de70 Uncommon trap: trap_request=0xffffff45 fr.pc=0x000001d6566996e0 relative=0x0000000000000060
Event: 19.354 Thread 0x000001d66c57de70 Uncommon trap: reason=unstable_if action=reinterpret pc=0x000001d6566996e0 method=java.lang.Class.getComponentType()Ljava/lang/Class; @ 4 c2
Event: 19.354 Thread 0x000001d66c57de70 DEOPT PACKING pc=0x000001d6566996e0 sp=0x000000beceaf5910
Event: 19.354 Thread 0x000001d66c57de70 DEOPT UNPACKING pc=0x000001d655d769a3 sp=0x000000beceaf58a0 mode 2

Classes unloaded (0 events):
No events

Classes redefined (0 events):
No events

Internal exceptions (20 events):
Event: 19.364 Thread 0x000001d66c57de70 Exception <a 'java/lang/ClassNotFoundException'{0x0000000089bea560}: com/google/firebase/crashlytics/buildtools/gradle/CrashlyticsExtension$SymbolGenerator_DecoratedBeanInfo> (0x0000000089bea560) 
thrown [s\src\hotspot\share\classfile\systemDictionary.cpp, line 256]
Event: 19.364 Thread 0x000001d66c57de70 Exception <a 'java/lang/ClassNotFoundException'{0x0000000089bf86a0}: com/google/firebase/crashlytics/buildtools/gradle/CrashlyticsExtension$SymbolGenerator_DecoratedCustomizer> (0x0000000089bf86a0) 
thrown [s\src\hotspot\share\classfile\systemDictionary.cpp, line 256]
Event: 19.369 Thread 0x000001d66c57de70 Exception <a 'java/lang/ClassNotFoundException'{0x00000000898aa340}: org/gradle/api/internal/FactoryNamedDomainObjectContainer_DecoratedBeanInfo> (0x00000000898aa340) 
thrown [s\src\hotspot\share\classfile\systemDictionary.cpp, line 256]
Event: 19.370 Thread 0x000001d66c57de70 Exception <a 'java/lang/ClassNotFoundException'{0x00000000898c12f8}: org/gradle/api/internal/FactoryNamedDomainObjectContainerBeanInfo> (0x00000000898c12f8) 
thrown [s\src\hotspot\share\classfile\systemDictionary.cpp, line 256]
Event: 19.370 Thread 0x000001d66c57de70 Exception <a 'java/lang/ClassNotFoundException'{0x00000000898d87f8}: org/gradle/api/internal/AbstractNamedDomainObjectContainerBeanInfo> (0x00000000898d87f8) 
thrown [s\src\hotspot\share\classfile\systemDictionary.cpp, line 256]
Event: 19.370 Thread 0x000001d66c57de70 Exception <a 'java/lang/ClassNotFoundException'{0x00000000898f05e8}: org/gradle/api/internal/DefaultNamedDomainObjectSetBeanInfo> (0x00000000898f05e8) 
thrown [s\src\hotspot\share\classfile\systemDictionary.cpp, line 256]
Event: 19.371 Thread 0x000001d66c57de70 Exception <a 'java/lang/ClassNotFoundException'{0x0000000089708d18}: org/gradle/api/internal/DefaultNamedDomainObjectCollectionBeanInfo> (0x0000000089708d18) 
thrown [s\src\hotspot\share\classfile\systemDictionary.cpp, line 256]
Event: 19.371 Thread 0x000001d66c57de70 Exception <a 'java/lang/ClassNotFoundException'{0x0000000089721210}: org/gradle/api/internal/DefaultNamedDomainObjectCollectionCustomizer> (0x0000000089721210) 
thrown [s\src\hotspot\share\classfile\systemDictionary.cpp, line 256]
Event: 19.373 Thread 0x000001d66c57de70 Exception <a 'java/lang/ClassNotFoundException'{0x0000000089760098}: org/gradle/api/internal/DefaultNamedDomainObjectSetCustomizer> (0x0000000089760098) 
thrown [s\src\hotspot\share\classfile\systemDictionary.cpp, line 256]
Event: 19.374 Thread 0x000001d66c57de70 Exception <a 'java/lang/ClassNotFoundException'{0x00000000897905a0}: org/gradle/api/internal/AbstractNamedDomainObjectContainerCustomizer> (0x00000000897905a0) 
thrown [s\src\hotspot\share\classfile\systemDictionary.cpp, line 256]
Event: 19.375 Thread 0x000001d66c57de70 Exception <a 'java/lang/ClassNotFoundException'{0x00000000897ba228}: org/gradle/api/internal/FactoryNamedDomainObjectContainerCustomizer> (0x00000000897ba228) 
thrown [s\src\hotspot\share\classfile\systemDictionary.cpp, line 256]
Event: 19.375 Thread 0x000001d66c57de70 Exception <a 'java/lang/ClassNotFoundException'{0x00000000897d9c48}: org/gradle/api/internal/FactoryNamedDomainObjectContainer_DecoratedCustomizer> (0x00000000897d9c48) 
thrown [s\src\hotspot\share\classfile\systemDictionary.cpp, line 256]
Event: 19.398 Thread 0x000001d66c57de70 Exception <a 'java/lang/ClassNotFoundException'{0x0000000089082300}: com/android/build/gradle/internal/dsl/BuildType$AgpDecorated_DecoratedBeanInfo> (0x0000000089082300) 
thrown [s\src\hotspot\share\classfile\systemDictionary.cpp, line 256]
Event: 19.399 Thread 0x000001d66c57de70 Exception <a 'java/lang/ClassNotFoundException'{0x0000000089090858}: com/android/build/gradle/internal/dsl/BuildType$AgpDecoratedBeanInfo> (0x0000000089090858) 
thrown [s\src\hotspot\share\classfile\systemDictionary.cpp, line 256]
Event: 19.399 Thread 0x000001d66c57de70 Exception <a 'java/lang/ClassNotFoundException'{0x000000008909f180}: com/android/build/gradle/internal/dsl/BuildTypeBeanInfo> (0x000000008909f180) 
thrown [s\src\hotspot\share\classfile\systemDictionary.cpp, line 256]
Event: 19.399 Thread 0x000001d66c57de70 Exception <a 'java/lang/ClassNotFoundException'{0x00000000890ad878}: com/android/builder/core/AbstractBuildTypeBeanInfo> (0x00000000890ad878) 
thrown [s\src\hotspot\share\classfile\systemDictionary.cpp, line 256]
Event: 19.399 Thread 0x000001d66c57de70 Exception <a 'java/lang/ClassNotFoundException'{0x00000000890bc208}: com/android/builder/core/AbstractBuildTypeCustomizer> (0x00000000890bc208) 
thrown [s\src\hotspot\share\classfile\systemDictionary.cpp, line 256]
Event: 19.400 Thread 0x000001d66c57de70 Exception <a 'java/lang/ClassNotFoundException'{0x00000000890e75f0}: com/android/build/gradle/internal/dsl/BuildTypeCustomizer> (0x00000000890e75f0) 
thrown [s\src\hotspot\share\classfile\systemDictionary.cpp, line 256]
Event: 19.401 Thread 0x000001d66c57de70 Exception <a 'java/lang/ClassNotFoundException'{0x0000000088f711e8}: com/android/build/gradle/internal/dsl/BuildType$AgpDecoratedCustomizer> (0x0000000088f711e8) 
thrown [s\src\hotspot\share\classfile\systemDictionary.cpp, line 256]
Event: 19.402 Thread 0x000001d66c57de70 Exception <a 'java/lang/ClassNotFoundException'{0x0000000088fc3d50}: com/android/build/gradle/internal/dsl/BuildType$AgpDecorated_DecoratedCustomizer> (0x0000000088fc3d50) 
thrown [s\src\hotspot\share\classfile\systemDictionary.cpp, line 256]

VM Operations (20 events):
Event: 17.817 Executing VM operation: HandshakeAllThreads
Event: 17.817 Executing VM operation: HandshakeAllThreads done
Event: 17.818 Executing VM operation: HandshakeAllThreads
Event: 17.818 Executing VM operation: HandshakeAllThreads done
Event: 17.932 Executing VM operation: G1CollectForAllocation
Event: 17.934 Executing VM operation: G1CollectForAllocation done
Event: 17.960 Executing VM operation: G1CollectForAllocation
Event: 17.963 Executing VM operation: G1CollectForAllocation done
Event: 18.254 Executing VM operation: HandshakeAllThreads
Event: 18.255 Executing VM operation: HandshakeAllThreads done
Event: 18.533 Executing VM operation: G1CollectForAllocation
Event: 18.536 Executing VM operation: G1CollectForAllocation done
Event: 18.933 Executing VM operation: HandshakeAllThreads
Event: 18.933 Executing VM operation: HandshakeAllThreads done
Event: 19.051 Executing VM operation: ICBufferFull
Event: 19.051 Executing VM operation: ICBufferFull done
Event: 19.130 Executing VM operation: G1CollectForAllocation
Event: 19.134 Executing VM operation: G1CollectForAllocation done
Event: 19.500 Executing VM operation: G1CollectForAllocation
Event: 19.505 Executing VM operation: G1CollectForAllocation done

Events (20 events):
Event: 19.234 loading class java/lang/BooleanCustomizer
Event: 19.234 loading class java/lang/BooleanCustomizer done
Event: 19.234 loading class java/lang/BooleanCustomizer
Event: 19.234 loading class java/lang/BooleanCustomizer done
Event: 19.234 loading class jdk/internal/ValueBased
Event: 19.234 loading class jdk/internal/ValueBased done
Event: 19.262 loading class java/util/AbstractCollectionBeanInfo
Event: 19.262 loading class java/util/AbstractCollectionBeanInfo done
Event: 19.262 loading class java/util/AbstractCollectionBeanInfo
Event: 19.262 loading class java/util/AbstractCollectionBeanInfo done
Event: 19.263 loading class java/util/AbstractCollectionCustomizer
Event: 19.263 loading class java/util/AbstractCollectionCustomizer done
Event: 19.263 loading class java/util/AbstractCollectionCustomizer
Event: 19.263 loading class java/util/AbstractCollectionCustomizer done
Event: 19.344 loading class java/beans/IntrospectionException
Event: 19.344 loading class java/beans/IntrospectionException done
Event: 19.620 loading class java/util/ArrayList$SubList$1
Event: 19.620 loading class java/util/ArrayList$SubList$1 done
Event: 19.626 loading class java/lang/Override
Event: 19.626 loading class java/lang/Override done


Dynamic libraries:
0x00007ff62fba0000 - 0x00007ff62fbae000 	C:\Users\vinhn\.jdks\corretto-17.0.9\bin\java.exe
0x00007ff9dfff0000 - 0x00007ff9e0207000 	C:\Windows\SYSTEM32\ntdll.dll
0x00007ff9df710000 - 0x00007ff9df7d4000 	C:\Windows\System32\KERNEL32.DLL
0x00007ff9dd4f0000 - 0x00007ff9dd89c000 	C:\Windows\System32\KERNELBASE.dll
0x00007ff9dd960000 - 0x00007ff9dda71000 	C:\Windows\System32\ucrtbase.dll
0x00007ff9b33a0000 - 0x00007ff9b33b7000 	C:\Users\vinhn\.jdks\corretto-17.0.9\bin\jli.dll
0x00007ff9ace10000 - 0x00007ff9ace2b000 	C:\Users\vinhn\.jdks\corretto-17.0.9\bin\VCRUNTIME140.dll
0x00007ff9ddd30000 - 0x00007ff9ddede000 	C:\Windows\System32\USER32.dll
0x00007ff9bd480000 - 0x00007ff9bd713000 	C:\Windows\WinSxS\amd64_microsoft.windows.common-controls_6595b64144ccf1df_6.0.22621.3672_none_2713b9d173822955\COMCTL32.dll
0x00007ff9dd320000 - 0x00007ff9dd346000 	C:\Windows\System32\win32u.dll
0x00007ff9de5a0000 - 0x00007ff9de5c9000 	C:\Windows\System32\GDI32.dll
0x00007ff9de130000 - 0x00007ff9de1d7000 	C:\Windows\System32\msvcrt.dll
0x00007ff9ddc10000 - 0x00007ff9ddd29000 	C:\Windows\System32\gdi32full.dll
0x00007ff9ddaf0000 - 0x00007ff9ddb8a000 	C:\Windows\System32\msvcp_win.dll
0x00007ff9de5e0000 - 0x00007ff9de611000 	C:\Windows\System32\IMM32.DLL
0x00007ff9bd1f0000 - 0x00007ff9bd1fc000 	C:\Users\vinhn\.jdks\corretto-17.0.9\bin\vcruntime140_1.dll
0x00007ff99dfd0000 - 0x00007ff99e05d000 	C:\Users\vinhn\.jdks\corretto-17.0.9\bin\msvcp140.dll
0x00007ff98c630000 - 0x00007ff98d291000 	C:\Users\vinhn\.jdks\corretto-17.0.9\bin\server\jvm.dll
0x00007ff9de2c0000 - 0x00007ff9de372000 	C:\Windows\System32\ADVAPI32.dll
0x00007ff9ddfa0000 - 0x00007ff9de04a000 	C:\Windows\System32\sechost.dll
0x00007ff9dd350000 - 0x00007ff9dd378000 	C:\Windows\System32\bcrypt.dll
0x00007ff9df7e0000 - 0x00007ff9df8f5000 	C:\Windows\System32\RPCRT4.dll
0x00007ff9c2370000 - 0x00007ff9c2379000 	C:\Windows\SYSTEM32\WSOCK32.dll
0x00007ff9dd130000 - 0x00007ff9dd17d000 	C:\Windows\SYSTEM32\POWRPROF.dll
0x00007ff9c1e50000 - 0x00007ff9c1e84000 	C:\Windows\SYSTEM32\WINMM.dll
0x00007ff9d7390000 - 0x00007ff9d739a000 	C:\Windows\SYSTEM32\VERSION.dll
0x00007ff9de240000 - 0x00007ff9de2b1000 	C:\Windows\System32\WS2_32.dll
0x00007ff9dd010000 - 0x00007ff9dd023000 	C:\Windows\SYSTEM32\UMPDC.dll
0x00007ff9dc2b0000 - 0x00007ff9dc2c8000 	C:\Windows\SYSTEM32\kernel.appcore.dll
0x00007ff9b6fd0000 - 0x00007ff9b6fda000 	C:\Users\vinhn\.jdks\corretto-17.0.9\bin\jimage.dll
0x00007ff9c3cd0000 - 0x00007ff9c3f02000 	C:\Windows\SYSTEM32\DBGHELP.DLL
0x00007ff9df900000 - 0x00007ff9dfc88000 	C:\Windows\System32\combase.dll
0x00007ff9de880000 - 0x00007ff9de957000 	C:\Windows\System32\OLEAUT32.dll
0x00007ff9c2890000 - 0x00007ff9c28c2000 	C:\Windows\SYSTEM32\dbgcore.DLL
0x00007ff9ddb90000 - 0x00007ff9ddc0b000 	C:\Windows\System32\bcryptPrimitives.dll
0x00007ff9b6e50000 - 0x00007ff9b6e5e000 	C:\Users\vinhn\.jdks\corretto-17.0.9\bin\instrument.dll
0x00007ff9a9860000 - 0x00007ff9a9885000 	C:\Users\vinhn\.jdks\corretto-17.0.9\bin\java.dll
0x00007ff99def0000 - 0x00007ff99dfc7000 	C:\Users\vinhn\.jdks\corretto-17.0.9\bin\jsvml.dll
0x00007ff9de960000 - 0x00007ff9df1bc000 	C:\Windows\System32\SHELL32.dll
0x00007ff9db220000 - 0x00007ff9dbb17000 	C:\Windows\SYSTEM32\windows.storage.dll
0x00007ff9db0e0000 - 0x00007ff9db21f000 	C:\Windows\SYSTEM32\wintypes.dll
0x00007ff9de720000 - 0x00007ff9de814000 	C:\Windows\System32\SHCORE.dll
0x00007ff9de530000 - 0x00007ff9de58e000 	C:\Windows\System32\shlwapi.dll
0x00007ff9dd250000 - 0x00007ff9dd271000 	C:\Windows\SYSTEM32\profapi.dll
0x00007ff9a9700000 - 0x00007ff9a9718000 	C:\Users\vinhn\.jdks\corretto-17.0.9\bin\zip.dll
0x00007ff9a4550000 - 0x00007ff9a4569000 	C:\Users\vinhn\.jdks\corretto-17.0.9\bin\net.dll
0x00007ff9d71a0000 - 0x00007ff9d72d6000 	C:\Windows\SYSTEM32\WINHTTP.dll
0x00007ff9dc780000 - 0x00007ff9dc7e9000 	C:\Windows\system32\mswsock.dll
0x00007ff9a4530000 - 0x00007ff9a4546000 	C:\Users\vinhn\.jdks\corretto-17.0.9\bin\nio.dll
0x00007ff9b6af0000 - 0x00007ff9b6b00000 	C:\Users\vinhn\.jdks\corretto-17.0.9\bin\verify.dll
0x00007ff9ace30000 - 0x00007ff9ace57000 	C:\Users\vinhn\.gradle\native\c067742578af261105cb4f569cf0c3c89f3d7b1fecec35dd04571415982c5e48\windows-amd64\native-platform.dll
0x00007ff9970a0000 - 0x00007ff9971e4000 	C:\Users\vinhn\.gradle\native\38dada09dfb8b06ba9b0570ebf7e218e3eb74d4ef43ca46872605cf95ebc2f47\windows-amd64\native-platform-file-events.dll
0x00007ff9b67c0000 - 0x00007ff9b67c9000 	C:\Users\vinhn\.jdks\corretto-17.0.9\bin\management.dll
0x00007ff9b5f00000 - 0x00007ff9b5f0b000 	C:\Users\vinhn\.jdks\corretto-17.0.9\bin\management_ext.dll
0x00007ff9ddf90000 - 0x00007ff9ddf98000 	C:\Windows\System32\PSAPI.DLL
0x00007ff9dc9a0000 - 0x00007ff9dc9bb000 	C:\Windows\SYSTEM32\CRYPTSP.dll
0x00007ff9dc270000 - 0x00007ff9dc2a5000 	C:\Windows\system32\rsaenh.dll
0x00007ff9dc840000 - 0x00007ff9dc868000 	C:\Windows\SYSTEM32\USERENV.dll
0x00007ff9dc9c0000 - 0x00007ff9dc9cc000 	C:\Windows\SYSTEM32\CRYPTBASE.dll
0x00007ff9dbd80000 - 0x00007ff9dbdad000 	C:\Windows\SYSTEM32\IPHLPAPI.DLL
0x00007ff9de5d0000 - 0x00007ff9de5d9000 	C:\Windows\System32\NSI.dll
0x00007ff9d7770000 - 0x00007ff9d7789000 	C:\Windows\SYSTEM32\dhcpcsvc6.DLL
0x00007ff9d7750000 - 0x00007ff9d776f000 	C:\Windows\SYSTEM32\dhcpcsvc.DLL
0x00007ff9dbdb0000 - 0x00007ff9dbea8000 	C:\Windows\SYSTEM32\DNSAPI.dll
0x00007ff9b49f0000 - 0x00007ff9b49fe000 	C:\Users\vinhn\.jdks\corretto-17.0.9\bin\sunmscapi.dll
0x00007ff9dd380000 - 0x00007ff9dd4e7000 	C:\Windows\System32\CRYPT32.dll
0x00007ff9dcbe0000 - 0x00007ff9dcc0e000 	C:\Windows\SYSTEM32\ncrypt.dll
0x00007ff9dcba0000 - 0x00007ff9dcbd7000 	C:\Windows\SYSTEM32\NTASN1.dll
0x00007ff9c65b0000 - 0x00007ff9c65b8000 	C:\Windows\system32\wshunix.dll
0x00007ff9d4250000 - 0x00007ff9d425a000 	C:\Windows\System32\rasadhlp.dll
0x00007ff9d62f0000 - 0x00007ff9d6373000 	C:\Windows\System32\fwpuclnt.dll

dbghelp: loaded successfully - version: 4.0.5 - missing functions: none
symbol engine: initialized successfully - sym options: 0x614 - pdb path: .;C:\Users\vinhn\.jdks\corretto-17.0.9\bin;C:\Windows\SYSTEM32;C:\Windows\WinSxS\amd64_microsoft.windows.common-controls_6595b64144ccf1df_6.0.22621.3672_none_2713b9d173822955;C:\Users\vinhn\.jdks\corretto-17.0.9\bin\server;C:\Users\vinhn\.gradle\native\c067742578af261105cb4f569cf0c3c89f3d7b1fecec35dd04571415982c5e48\windows-amd64;C:\Users\vinhn\.gradle\native\38dada09dfb8b06ba9b0570ebf7e218e3eb74d4ef43ca46872605cf95ebc2f47\windows-amd64

VM Arguments:
jvm_args: --add-opens=java.base/java.util=ALL-UNNAMED --add-opens=java.base/java.lang=ALL-UNNAMED --add-opens=java.base/java.lang.invoke=ALL-UNNAMED --add-opens=java.prefs/java.util.prefs=ALL-UNNAMED --add-opens=java.base/java.nio.charset=ALL-UNNAMED --add-opens=java.base/java.net=ALL-UNNAMED --add-opens=java.base/java.util.concurrent.atomic=ALL-UNNAMED -Xmx2048m -Dfile.encoding=UTF-8 -Duser.country=US -Duser.language=en -Duser.variant -javaagent:C:\Users\vinhn\.gradle\wrapper\dists\gradle-8.5-bin\5t9huq95ubn472n8rpzujfbqh\gradle-8.5\lib\agents\gradle-instrumentation-agent-8.5.jar 
java_command: org.gradle.launcher.daemon.bootstrap.GradleDaemon 8.5
java_class_path (initial): C:\Users\vinhn\.gradle\wrapper\dists\gradle-8.5-bin\5t9huq95ubn472n8rpzujfbqh\gradle-8.5\lib\gradle-launcher-8.5.jar
Launcher Type: SUN_STANDARD

[Global flags]
     intx CICompilerCount                          = 12                                        {product} {ergonomic}
     uint ConcGCThreads                            = 3                                         {product} {ergonomic}
     uint G1ConcRefinementThreads                  = 13                                        {product} {ergonomic}
   size_t G1HeapRegionSize                         = 1048576                                   {product} {ergonomic}
    uintx GCDrainStackTargetSize                   = 64                                        {product} {ergonomic}
   size_t InitialHeapSize                          = 264241152                                 {product} {ergonomic}
   size_t MarkStackSize                            = 4194304                                   {product} {ergonomic}
   size_t MaxHeapSize                              = 2147483648                                {product} {command line}
   size_t MaxNewSize                               = 1287651328                                {product} {ergonomic}
   size_t MinHeapDeltaBytes                        = 1048576                                   {product} {ergonomic}
   size_t MinHeapSize                              = 8388608                                   {product} {ergonomic}
    uintx NonNMethodCodeHeapSize                   = 7602480                                {pd product} {ergonomic}
    uintx NonProfiledCodeHeapSize                  = 122027880                              {pd product} {ergonomic}
    uintx ProfiledCodeHeapSize                     = 122027880                              {pd product} {ergonomic}
    uintx ReservedCodeCacheSize                    = 251658240                              {pd product} {ergonomic}
     bool SegmentedCodeCache                       = true                                      {product} {ergonomic}
   size_t SoftMaxHeapSize                          = 2147483648                             {manageable} {ergonomic}
     bool UseCompressedClassPointers               = true                           {product lp64_product} {ergonomic}
     bool UseCompressedOops                        = true                           {product lp64_product} {ergonomic}
     bool UseG1GC                                  = true                                      {product} {ergonomic}
     bool UseLargePagesIndividualAllocation        = false                                  {pd product} {ergonomic}

Logging:
Log output configuration:
 #0: stdout all=warning uptime,level,tags
 #1: stderr all=off uptime,level,tags

Environment Variables:
JAVA_HOME=C:/Users/vinhn/.jdks/corretto-17.0.9
PATH=C:\Program Files (x86)\VMware\VMware Player\bin\;C:\Users\vinhn\.jdks\corretto-17.0.9\bin;C:\Windows\system32;C:\Windows;C:\Windows\System32\Wbem;C:\Windows\System32\WindowsPowerShell\v1.0\;C:\Windows\System32\OpenSSH\;C:\Program Files (x86)\NetSarang\Xshell 7\;C:\Program Files (x86)\NetSarang\Xftp 7\;C:\Program Files\Git\cmd;C:\xampp\php;C:\ProgramData\ComposerSetup\bin;C:\Users\vinhn\AppData\Roaming\nvm;C:\Program Files\nodejs;C:\Program Files\MySQL\MySQL Shell 8.0\bin\;C:\Users\vinhn\AppData\Local\Microsoft\WindowsApps;C:\Users\vinhn\AppData\Roaming\npm;C:\Users\vinhn\AppData\Local\Programs\Microsoft VS Code\bin;C:\Users\vinhn\AppData\Roaming\Composer\vendor\bin;C:\Users\vinhn\AppData\Roaming\nvm;C:\Program Files\nodejs;
USERNAME=vinhn
OS=Windows_NT
PROCESSOR_IDENTIFIER=Intel64 Family 6 Model 165 Stepping 5, GenuineIntel
TMP=C:\Users\vinhn\AppData\Local\Temp
TEMP=C:\Users\vinhn\AppData\Local\Temp



Periodic native trim disabled


---------------  S Y S T E M  ---------------

OS:
 Windows 11 , 64 bit Build 22621 (10.0.22621.3672)
OS uptime: 1 days 17:42 hours
Hyper-V role detected

CPU: total 16 (initial active 16) (8 cores per cpu, 2 threads per core) family 6 model 165 stepping 5 microcode 0xee, cx8, cmov, fxsr, ht, mmx, 3dnowpref, sse, sse2, sse3, ssse3, sse4.1, sse4.2, popcnt, lzcnt, tsc, tscinvbit, avx, avx2, aes, erms, clmul, bmi1, bmi2, adx, fma, vzeroupper, clflush, clflushopt, hv
Processor Information for all 16 processors :
  Max Mhz: 2904, Current Mhz: 2904, Mhz Limit: 2904

Memory: 4k page, system-wide physical 16098M (287M free)
TotalPageFile size 22640M (AvailPageFile size 6M)
current process WorkingSet (physical memory assigned to process): 383M, peak: 384M
current process commit charge ("private bytes"): 473M, peak: 474M

vm_info: OpenJDK 64-Bit Server VM (17.0.9+8-LTS) for windows-amd64 JRE (17.0.9+8-LTS), built on Oct 12 2023 16:15:33 by "Administrator" with MS VC++ 16.10 / 16.11 (VS2019)

END.
