#
# There is insufficient memory for the Java Runtime Environment to continue.
# Native memory allocation (malloc) failed to allocate 960976 bytes for Chunk::new
# Possible reasons:
#   The system is out of physical RAM or swap space
#   The process is running with CompressedOops enabled, and the Java Heap may be blocking the growth of the native heap
# Possible solutions:
#   Reduce memory load on the system
#   Increase physical memory or swap space
#   Check if swap backing store is full
#   Decrease Java heap size (-Xmx/-Xms)
#   Decrease number of Java threads
#   Decrease Java thread stack sizes (-Xss)
#   Set larger code cache with -XX:ReservedCodeCacheSize=
#   JVM is running with Zero Based Compressed Oops mode in which the Java heap is
#     placed in the first 32GB address space. The Java Heap base address is the
#     maximum limit for the native heap growth. Please use -XX:HeapBaseMinAddress
#     to set the Java Heap base and to place the Java Heap above 32GB virtual address.
# This output file may be truncated or incomplete.
#
#  Out of Memory Error (arena.cpp:191), pid=13132, tid=21132
#
# JRE version: OpenJDK Runtime Environment Corretto-17.0.9.8.1 (17.0.9+8) (build 17.0.9+8-LTS)
# Java VM: OpenJDK 64-Bit Server VM Corretto-17.0.9.8.1 (17.0.9+8-LTS, mixed mode, sharing, tiered, compressed oops, compressed class ptrs, g1 gc, windows-amd64)
# No core dump will be written. Minidumps are not enabled by default on client versions of Windows
#

---------------  S U M M A R Y ------------

Command Line: org.jetbrains.kotlin.cli.jvm.K2JVMCompiler @E:\gsim-sdk-android\gsim\build\20240710_2066804055065838266.compiler.options

Host: Intel(R) Core(TM) i7-10700 CPU @ 2.90GHz, 16 cores, 15G,  Windows 11 , 64 bit Build 22621 (10.0.22621.3672)
Time: Wed Jul 10 13:59:40 2024 SE Asia Standard Time elapsed time: 6.777631 seconds (0d 0h 0m 6s)

---------------  T H R E A D  ---------------

Current thread (0x00000172a0bfe940):  JavaThread "C2 CompilerThread2" daemon [_thread_in_native, id=21132, stack(0x0000002f09200000,0x0000002f09300000)]


Current CompileTask:
C2:   6777 8646       4       org.jetbrains.kotlin.types.TypeUtils::contains (301 bytes)

Stack: [0x0000002f09200000,0x0000002f09300000]
Native frames: (J=compiled Java code, j=interpreted, Vv=VM code, C=native code)
V  [jvm.dll+0x67cb49]
V  [jvm.dll+0x8344da]
V  [jvm.dll+0x835f9e]
V  [jvm.dll+0x836603]
V  [jvm.dll+0x247b5f]
V  [jvm.dll+0xac43c]
V  [jvm.dll+0xaca8c]
V  [jvm.dll+0x2af07f]
V  [jvm.dll+0x585037]
V  [jvm.dll+0x222bb2]
V  [jvm.dll+0x222f9f]
V  [jvm.dll+0x21c0c6]
V  [jvm.dll+0x219511]
V  [jvm.dll+0x1a56cd]
V  [jvm.dll+0x2293ee]
V  [jvm.dll+0x2275bc]
V  [jvm.dll+0x7e95a7]
V  [jvm.dll+0x7e396a]
V  [jvm.dll+0x67ba35]
C  [ucrtbase.dll+0x29333]
C  [KERNEL32.DLL+0x1257d]
C  [ntdll.dll+0x5af28]


---------------  P R O C E S S  ---------------

Threads class SMR info:
_java_thread_list=0x00000172a54c60c0, length=18, elements={
0x000001723b30a6d0, 0x00000172a0007cb0, 0x00000172a000ab40, 0x00000172a001f820,
0x00000172a0021200, 0x00000172a0023cd0, 0x00000172a00286a0, 0x00000172a0029440,
0x00000172a0035400, 0x00000172a0038e20, 0x00000172a0152d00, 0x00000172a0155230,
0x00000172a0177bb0, 0x00000172a017a4f0, 0x00000172a01c2560, 0x00000172a04a99c0,
0x00000172a0bfe940, 0x00000172a50d0810
}

Java Threads: ( => current thread )
  0x000001723b30a6d0 JavaThread "main" [_thread_in_Java, id=14936, stack(0x0000002f07600000,0x0000002f07700000)]
  0x00000172a0007cb0 JavaThread "Reference Handler" daemon [_thread_blocked, id=19416, stack(0x0000002f07d00000,0x0000002f07e00000)]
  0x00000172a000ab40 JavaThread "Finalizer" daemon [_thread_blocked, id=11624, stack(0x0000002f07e00000,0x0000002f07f00000)]
  0x00000172a001f820 JavaThread "Signal Dispatcher" daemon [_thread_blocked, id=18568, stack(0x0000002f07f00000,0x0000002f08000000)]
  0x00000172a0021200 JavaThread "Attach Listener" daemon [_thread_blocked, id=11544, stack(0x0000002f08000000,0x0000002f08100000)]
  0x00000172a0023cd0 JavaThread "Service Thread" daemon [_thread_blocked, id=20788, stack(0x0000002f08100000,0x0000002f08200000)]
  0x00000172a00286a0 JavaThread "Monitor Deflation Thread" daemon [_thread_blocked, id=12204, stack(0x0000002f08200000,0x0000002f08300000)]
  0x00000172a0029440 JavaThread "C2 CompilerThread0" daemon [_thread_in_native, id=8348, stack(0x0000002f08300000,0x0000002f08400000)]
  0x00000172a0035400 JavaThread "C1 CompilerThread0" daemon [_thread_blocked, id=10972, stack(0x0000002f08400000,0x0000002f08500000)]
  0x00000172a0038e20 JavaThread "Sweeper thread" daemon [_thread_blocked, id=3324, stack(0x0000002f08500000,0x0000002f08600000)]
  0x00000172a0152d00 JavaThread "C1 CompilerThread1" daemon [_thread_blocked, id=18536, stack(0x0000002f08600000,0x0000002f08700000)]
  0x00000172a0155230 JavaThread "C1 CompilerThread2" daemon [_thread_blocked, id=2140, stack(0x0000002f08700000,0x0000002f08800000)]
  0x00000172a0177bb0 JavaThread "Notification Thread" daemon [_thread_blocked, id=19472, stack(0x0000002f08800000,0x0000002f08900000)]
  0x00000172a017a4f0 JavaThread "Common-Cleaner" daemon [_thread_blocked, id=21064, stack(0x0000002f08a00000,0x0000002f08b00000)]
  0x00000172a01c2560 JavaThread "C2 CompilerThread1" daemon [_thread_in_native, id=16356, stack(0x0000002f08b00000,0x0000002f08c00000)]
  0x00000172a04a99c0 JavaThread "C1 CompilerThread3" daemon [_thread_blocked, id=5632, stack(0x0000002f08c00000,0x0000002f08d00000)]
=>0x00000172a0bfe940 JavaThread "C2 CompilerThread2" daemon [_thread_in_native, id=21132, stack(0x0000002f09200000,0x0000002f09300000)]
  0x00000172a50d0810 JavaThread "C2 CompilerThread3" daemon [_thread_in_native, id=14464, stack(0x0000002f09c00000,0x0000002f09d00000)]

Other Threads:
  0x00000172a0002090 VMThread "VM Thread" [stack: 0x0000002f07c00000,0x0000002f07d00000] [id=10988]
  0x00000172a0178090 WatcherThread [stack: 0x0000002f08900000,0x0000002f08a00000] [id=4360]
  0x000001723b378980 GCTaskThread "GC Thread#0" [stack: 0x0000002f07700000,0x0000002f07800000] [id=13296]
  0x00000172a0687b20 GCTaskThread "GC Thread#1" [stack: 0x0000002f08d00000,0x0000002f08e00000] [id=13136]
  0x00000172a04f59e0 GCTaskThread "GC Thread#2" [stack: 0x0000002f08e00000,0x0000002f08f00000] [id=9996]
  0x00000172a04f5ca0 GCTaskThread "GC Thread#3" [stack: 0x0000002f08f00000,0x0000002f09000000] [id=12284]
  0x00000172a061ae90 GCTaskThread "GC Thread#4" [stack: 0x0000002f09000000,0x0000002f09100000] [id=10708]
  0x00000172a061bb30 GCTaskThread "GC Thread#5" [stack: 0x0000002f09100000,0x0000002f09200000] [id=9768]
  0x00000172a061c0b0 GCTaskThread "GC Thread#6" [stack: 0x0000002f09300000,0x0000002f09400000] [id=19096]
  0x00000172a061cbb0 GCTaskThread "GC Thread#7" [stack: 0x0000002f09400000,0x0000002f09500000] [id=21816]
  0x00000172a061c8f0 GCTaskThread "GC Thread#8" [stack: 0x0000002f09500000,0x0000002f09600000] [id=6772]
  0x00000172a061ce70 GCTaskThread "GC Thread#9" [stack: 0x0000002f09600000,0x0000002f09700000] [id=13556]
  0x00000172a061d130 GCTaskThread "GC Thread#10" [stack: 0x0000002f09700000,0x0000002f09800000] [id=11820]
  0x00000172a061b870 GCTaskThread "GC Thread#11" [stack: 0x0000002f09800000,0x0000002f09900000] [id=7828]
  0x00000172a061c370 GCTaskThread "GC Thread#12" [stack: 0x0000002f09900000,0x0000002f09a00000] [id=20460]
  0x000001723b389460 ConcurrentGCThread "G1 Main Marker" [stack: 0x0000002f07800000,0x0000002f07900000] [id=22480]
  0x000001723b38b630 ConcurrentGCThread "G1 Conc#0" [stack: 0x0000002f07900000,0x0000002f07a00000] [id=16992]
  0x00000172a5241c00 ConcurrentGCThread "G1 Conc#1" [stack: 0x0000002f09a00000,0x0000002f09b00000] [id=9000]
  0x00000172a5240600 ConcurrentGCThread "G1 Conc#2" [stack: 0x0000002f09b00000,0x0000002f09c00000] [id=8668]
  0x000001725e96bf30 ConcurrentGCThread "G1 Refine#0" [stack: 0x0000002f07a00000,0x0000002f07b00000] [id=11656]
  0x00000172a59027f0 ConcurrentGCThread "G1 Refine#1" [stack: 0x0000002f09d00000,0x0000002f09e00000] [id=2868]
  0x000001725e96c960 ConcurrentGCThread "G1 Service" [stack: 0x0000002f07b00000,0x0000002f07c00000] [id=21228]

Threads with active compile tasks:
C2 CompilerThread0     6790 8701       4       org.jetbrains.kotlin.cli.jvm.index.JvmDependenciesIndexImpl::travelPath (157 bytes)
C2 CompilerThread1     6790 8066       4       org.jetbrains.kotlin.load.java.structure.impl.classFiles.BinaryJavaMethodBase$Companion::create (572 bytes)
C2 CompilerThread2     6790 8646       4       org.jetbrains.kotlin.types.TypeUtils::contains (301 bytes)
C2 CompilerThread3     6790 8699       4       org.jetbrains.kotlin.cli.jvm.index.JvmDependenciesIndexImpl::search (379 bytes)

VM state: not at safepoint (normal execution)

VM Mutex/Monitor currently owned by a thread: None

Heap address: 0x0000000704600000, size: 4026 MB, Compressed Oops mode: Zero based, Oop shift amount: 3

CDS archive(s) mapped at: [0x000001725f000000-0x000001725fba0000-0x000001725fba0000), size 12189696, SharedBaseAddress: 0x000001725f000000, ArchiveRelocationMode: 1.
Compressed class space mapped at: 0x0000017260000000-0x00000172a0000000, reserved size: 1073741824
Narrow klass base: 0x000001725f000000, Narrow klass shift: 0, Narrow klass range: 0x100000000

GC Precious Log:
 CPUs: 16 total, 16 available
 Memory: 16098M
 Large Page Support: Disabled
 NUMA Support: Disabled
 Compressed Oops: Enabled (Zero based)
 Heap Region Size: 2M
 Heap Min Capacity: 8M
 Heap Initial Capacity: 252M
 Heap Max Capacity: 4026M
 Pre-touch: Disabled
 Parallel Workers: 13
 Concurrent Workers: 3
 Concurrent Refinement Workers: 13
 Periodic GC: Disabled

Heap:
 garbage-first heap   total 204800K, used 97122K [0x0000000704600000, 0x0000000800000000)
  region size 2048K, 22 young (45056K), 2 survivors (4096K)
 Metaspace       used 52953K, committed 53248K, reserved 1114112K
  class space    used 6202K, committed 6336K, reserved 1048576K

Heap Regions: E=young(eden), S=young(survivor), O=old, HS=humongous(starts), HC=humongous(continues), CS=collection set, F=free, OA=open archive, CA=closed archive, TAMS=top-at-mark-start (previous, next)
|   0|0x0000000704600000, 0x0000000704800000, 0x0000000704800000|100%|HS|  |TAMS 0x0000000704800000, 0x0000000704600000| Complete 
|   1|0x0000000704800000, 0x0000000704a00000, 0x0000000704a00000|100%|HC|  |TAMS 0x0000000704a00000, 0x0000000704800000| Complete 
|   2|0x0000000704a00000, 0x0000000704bd6e00, 0x0000000704c00000| 91%| O|  |TAMS 0x0000000704bd6e00, 0x0000000704a00000| Untracked 
|   3|0x0000000704c00000, 0x0000000704e00000, 0x0000000704e00000|100%|HS|  |TAMS 0x0000000704e00000, 0x0000000704c00000| Complete 
|   4|0x0000000704e00000, 0x0000000705000000, 0x0000000705000000|100%|HC|  |TAMS 0x0000000705000000, 0x0000000704e00000| Complete 
|   5|0x0000000705000000, 0x0000000705200000, 0x0000000705200000|100%|HS|  |TAMS 0x0000000705200000, 0x0000000705000000| Complete 
|   6|0x0000000705200000, 0x0000000705400000, 0x0000000705400000|100%| O|  |TAMS 0x0000000705400000, 0x0000000705200000| Untracked 
|   7|0x0000000705400000, 0x0000000705600000, 0x0000000705600000|100%| O|  |TAMS 0x0000000705600000, 0x0000000705400000| Untracked 
|   8|0x0000000705600000, 0x0000000705800000, 0x0000000705800000|100%| O|  |TAMS 0x0000000705800000, 0x0000000705600000| Untracked 
|   9|0x0000000705800000, 0x0000000705a00000, 0x0000000705a00000|100%| O|  |TAMS 0x0000000705a00000, 0x0000000705800000| Untracked 
|  10|0x0000000705a00000, 0x0000000705c00000, 0x0000000705c00000|100%| O|  |TAMS 0x0000000705c00000, 0x0000000705a00000| Untracked 
|  11|0x0000000705c00000, 0x0000000705e00000, 0x0000000705e00000|100%| O|  |TAMS 0x0000000705e00000, 0x0000000705c00000| Untracked 
|  12|0x0000000705e00000, 0x0000000706000000, 0x0000000706000000|100%| O|  |TAMS 0x0000000706000000, 0x0000000705e00000| Untracked 
|  13|0x0000000706000000, 0x0000000706200000, 0x0000000706200000|100%| O|  |TAMS 0x0000000706200000, 0x0000000706000000| Untracked 
|  14|0x0000000706200000, 0x0000000706400000, 0x0000000706400000|100%| O|  |TAMS 0x0000000706400000, 0x0000000706200000| Untracked 
|  15|0x0000000706400000, 0x0000000706600000, 0x0000000706600000|100%| O|  |TAMS 0x0000000706600000, 0x0000000706400000| Untracked 
|  16|0x0000000706600000, 0x0000000706800000, 0x0000000706800000|100%| O|  |TAMS 0x0000000706800000, 0x0000000706600000| Untracked 
|  17|0x0000000706800000, 0x0000000706a00000, 0x0000000706a00000|100%| O|  |TAMS 0x0000000706917c00, 0x0000000706800000| Untracked 
|  18|0x0000000706a00000, 0x0000000706c00000, 0x0000000706c00000|100%| O|  |TAMS 0x0000000706a00000, 0x0000000706a00000| Untracked 
|  19|0x0000000706c00000, 0x0000000706e00000, 0x0000000706e00000|100%| O|  |TAMS 0x0000000706c00000, 0x0000000706c00000| Untracked 
|  20|0x0000000706e00000, 0x0000000707000000, 0x0000000707000000|100%| O|  |TAMS 0x0000000707000000, 0x0000000706e00000| Untracked 
|  21|0x0000000707000000, 0x0000000707200000, 0x0000000707200000|100%| O|  |TAMS 0x0000000707200000, 0x0000000707000000| Untracked 
|  22|0x0000000707200000, 0x0000000707400000, 0x0000000707400000|100%| O|  |TAMS 0x0000000707400000, 0x0000000707200000| Untracked 
|  23|0x0000000707400000, 0x0000000707600000, 0x0000000707600000|100%| O|  |TAMS 0x0000000707600000, 0x0000000707400000| Untracked 
|  24|0x0000000707600000, 0x0000000707800000, 0x0000000707800000|100%| O|  |TAMS 0x0000000707800000, 0x0000000707600000| Untracked 
|  25|0x0000000707800000, 0x0000000707a00000, 0x0000000707a00000|100%| O|  |TAMS 0x0000000707800000, 0x0000000707800000| Untracked 
|  26|0x0000000707a00000, 0x0000000707b01a00, 0x0000000707c00000| 50%| O|  |TAMS 0x0000000707a00000, 0x0000000707a00000| Untracked 
|  27|0x0000000707c00000, 0x0000000707c00000, 0x0000000707e00000|  0%| F|  |TAMS 0x0000000707c00000, 0x0000000707c00000| Untracked 
|  28|0x0000000707e00000, 0x0000000707e00000, 0x0000000708000000|  0%| F|  |TAMS 0x0000000707e00000, 0x0000000707e00000| Untracked 
|  29|0x0000000708000000, 0x0000000708000000, 0x0000000708200000|  0%| F|  |TAMS 0x0000000708000000, 0x0000000708000000| Untracked 
|  30|0x0000000708200000, 0x0000000708200000, 0x0000000708400000|  0%| F|  |TAMS 0x0000000708200000, 0x0000000708200000| Untracked 
|  31|0x0000000708400000, 0x0000000708400000, 0x0000000708600000|  0%| F|  |TAMS 0x0000000708400000, 0x0000000708400000| Untracked 
|  32|0x0000000708600000, 0x0000000708600000, 0x0000000708800000|  0%| F|  |TAMS 0x0000000708600000, 0x0000000708600000| Untracked 
|  33|0x0000000708800000, 0x0000000708800000, 0x0000000708a00000|  0%| F|  |TAMS 0x0000000708800000, 0x0000000708800000| Untracked 
|  34|0x0000000708a00000, 0x0000000708a00000, 0x0000000708c00000|  0%| F|  |TAMS 0x0000000708a00000, 0x0000000708a00000| Untracked 
|  35|0x0000000708c00000, 0x0000000708e00000, 0x0000000708e00000|100%| S|CS|TAMS 0x0000000708c00000, 0x0000000708c00000| Complete 
|  36|0x0000000708e00000, 0x0000000709000000, 0x0000000709000000|100%| S|CS|TAMS 0x0000000708e00000, 0x0000000708e00000| Complete 
|  37|0x0000000709000000, 0x0000000709000000, 0x0000000709200000|  0%| F|  |TAMS 0x0000000709000000, 0x0000000709000000| Untracked 
|  38|0x0000000709200000, 0x0000000709200000, 0x0000000709400000|  0%| F|  |TAMS 0x0000000709200000, 0x0000000709200000| Untracked 
|  39|0x0000000709400000, 0x0000000709400000, 0x0000000709600000|  0%| F|  |TAMS 0x0000000709400000, 0x0000000709400000| Untracked 
|  40|0x0000000709600000, 0x0000000709600000, 0x0000000709800000|  0%| F|  |TAMS 0x0000000709600000, 0x0000000709600000| Untracked 
|  41|0x0000000709800000, 0x0000000709800000, 0x0000000709a00000|  0%| F|  |TAMS 0x0000000709800000, 0x0000000709800000| Untracked 
|  42|0x0000000709a00000, 0x0000000709a00000, 0x0000000709c00000|  0%| F|  |TAMS 0x0000000709a00000, 0x0000000709a00000| Untracked 
|  43|0x0000000709c00000, 0x0000000709c00000, 0x0000000709e00000|  0%| F|  |TAMS 0x0000000709c00000, 0x0000000709c00000| Untracked 
|  44|0x0000000709e00000, 0x0000000709e00000, 0x000000070a000000|  0%| F|  |TAMS 0x0000000709e00000, 0x0000000709e00000| Untracked 
|  45|0x000000070a000000, 0x000000070a000000, 0x000000070a200000|  0%| F|  |TAMS 0x000000070a000000, 0x000000070a000000| Untracked 
|  46|0x000000070a200000, 0x000000070a200000, 0x000000070a400000|  0%| F|  |TAMS 0x000000070a200000, 0x000000070a200000| Untracked 
|  47|0x000000070a400000, 0x000000070a400000, 0x000000070a600000|  0%| F|  |TAMS 0x000000070a400000, 0x000000070a400000| Untracked 
|  48|0x000000070a600000, 0x000000070a600000, 0x000000070a800000|  0%| F|  |TAMS 0x000000070a600000, 0x000000070a600000| Untracked 
|  49|0x000000070a800000, 0x000000070a800000, 0x000000070aa00000|  0%| F|  |TAMS 0x000000070a800000, 0x000000070a800000| Untracked 
|  50|0x000000070aa00000, 0x000000070aa00000, 0x000000070ac00000|  0%| F|  |TAMS 0x000000070aa00000, 0x000000070aa00000| Untracked 
|  51|0x000000070ac00000, 0x000000070ac00000, 0x000000070ae00000|  0%| F|  |TAMS 0x000000070ac00000, 0x000000070ac00000| Untracked 
|  52|0x000000070ae00000, 0x000000070ae00000, 0x000000070b000000|  0%| F|  |TAMS 0x000000070ae00000, 0x000000070ae00000| Untracked 
|  53|0x000000070b000000, 0x000000070b000000, 0x000000070b200000|  0%| F|  |TAMS 0x000000070b000000, 0x000000070b000000| Untracked 
|  54|0x000000070b200000, 0x000000070b200000, 0x000000070b400000|  0%| F|  |TAMS 0x000000070b200000, 0x000000070b200000| Untracked 
|  55|0x000000070b400000, 0x000000070b400000, 0x000000070b600000|  0%| F|  |TAMS 0x000000070b400000, 0x000000070b400000| Untracked 
|  56|0x000000070b600000, 0x000000070b600000, 0x000000070b800000|  0%| F|  |TAMS 0x000000070b600000, 0x000000070b600000| Untracked 
|  57|0x000000070b800000, 0x000000070b800000, 0x000000070ba00000|  0%| F|  |TAMS 0x000000070b800000, 0x000000070b800000| Untracked 
|  58|0x000000070ba00000, 0x000000070ba00000, 0x000000070bc00000|  0%| F|  |TAMS 0x000000070ba00000, 0x000000070ba00000| Untracked 
|  59|0x000000070bc00000, 0x000000070bc00000, 0x000000070be00000|  0%| F|  |TAMS 0x000000070bc00000, 0x000000070bc00000| Untracked 
|  60|0x000000070be00000, 0x000000070be00000, 0x000000070c000000|  0%| F|  |TAMS 0x000000070be00000, 0x000000070be00000| Untracked 
|  61|0x000000070c000000, 0x000000070c000000, 0x000000070c200000|  0%| F|  |TAMS 0x000000070c000000, 0x000000070c000000| Untracked 
|  62|0x000000070c200000, 0x000000070c200000, 0x000000070c400000|  0%| F|  |TAMS 0x000000070c200000, 0x000000070c200000| Untracked 
|  63|0x000000070c400000, 0x000000070c400000, 0x000000070c600000|  0%| F|  |TAMS 0x000000070c400000, 0x000000070c400000| Untracked 
|  64|0x000000070c600000, 0x000000070c600000, 0x000000070c800000|  0%| F|  |TAMS 0x000000070c600000, 0x000000070c600000| Untracked 
|  65|0x000000070c800000, 0x000000070c800000, 0x000000070ca00000|  0%| F|  |TAMS 0x000000070c800000, 0x000000070c800000| Untracked 
|  66|0x000000070ca00000, 0x000000070ca00000, 0x000000070cc00000|  0%| F|  |TAMS 0x000000070ca00000, 0x000000070ca00000| Untracked 
|  67|0x000000070cc00000, 0x000000070cc00000, 0x000000070ce00000|  0%| F|  |TAMS 0x000000070cc00000, 0x000000070cc00000| Untracked 
|  68|0x000000070ce00000, 0x000000070ce00000, 0x000000070d000000|  0%| F|  |TAMS 0x000000070ce00000, 0x000000070ce00000| Untracked 
|  69|0x000000070d000000, 0x000000070d000000, 0x000000070d200000|  0%| F|  |TAMS 0x000000070d000000, 0x000000070d000000| Untracked 
|  70|0x000000070d200000, 0x000000070d200000, 0x000000070d400000|  0%| F|  |TAMS 0x000000070d200000, 0x000000070d200000| Untracked 
|  71|0x000000070d400000, 0x000000070d400000, 0x000000070d600000|  0%| F|  |TAMS 0x000000070d400000, 0x000000070d400000| Untracked 
|  72|0x000000070d600000, 0x000000070d600000, 0x000000070d800000|  0%| F|  |TAMS 0x000000070d600000, 0x000000070d600000| Untracked 
|  73|0x000000070d800000, 0x000000070d800000, 0x000000070da00000|  0%| F|  |TAMS 0x000000070d800000, 0x000000070d800000| Untracked 
|  74|0x000000070da00000, 0x000000070da00000, 0x000000070dc00000|  0%| F|  |TAMS 0x000000070da00000, 0x000000070da00000| Untracked 
|  75|0x000000070dc00000, 0x000000070dc00000, 0x000000070de00000|  0%| F|  |TAMS 0x000000070dc00000, 0x000000070dc00000| Untracked 
|  76|0x000000070de00000, 0x000000070de00000, 0x000000070e000000|  0%| F|  |TAMS 0x000000070de00000, 0x000000070de00000| Untracked 
|  77|0x000000070e000000, 0x000000070e000000, 0x000000070e200000|  0%| F|  |TAMS 0x000000070e000000, 0x000000070e000000| Untracked 
|  78|0x000000070e200000, 0x000000070e200000, 0x000000070e400000|  0%| F|  |TAMS 0x000000070e200000, 0x000000070e200000| Untracked 
|  79|0x000000070e400000, 0x000000070e400000, 0x000000070e600000|  0%| F|  |TAMS 0x000000070e400000, 0x000000070e400000| Untracked 
|  80|0x000000070e600000, 0x000000070e701100, 0x000000070e800000| 50%| E|  |TAMS 0x000000070e600000, 0x000000070e600000| Complete 
|  81|0x000000070e800000, 0x000000070ea00000, 0x000000070ea00000|100%| E|CS|TAMS 0x000000070e800000, 0x000000070e800000| Complete 
|  82|0x000000070ea00000, 0x000000070ec00000, 0x000000070ec00000|100%| E|CS|TAMS 0x000000070ea00000, 0x000000070ea00000| Complete 
|  83|0x000000070ec00000, 0x000000070ee00000, 0x000000070ee00000|100%| E|CS|TAMS 0x000000070ec00000, 0x000000070ec00000| Complete 
|  84|0x000000070ee00000, 0x000000070f000000, 0x000000070f000000|100%| E|CS|TAMS 0x000000070ee00000, 0x000000070ee00000| Complete 
|  85|0x000000070f000000, 0x000000070f200000, 0x000000070f200000|100%| E|CS|TAMS 0x000000070f000000, 0x000000070f000000| Complete 
|  86|0x000000070f200000, 0x000000070f400000, 0x000000070f400000|100%| E|CS|TAMS 0x000000070f200000, 0x000000070f200000| Complete 
|  87|0x000000070f400000, 0x000000070f600000, 0x000000070f600000|100%| E|CS|TAMS 0x000000070f400000, 0x000000070f400000| Complete 
|  88|0x000000070f600000, 0x000000070f800000, 0x000000070f800000|100%| E|CS|TAMS 0x000000070f600000, 0x000000070f600000| Complete 
|  89|0x000000070f800000, 0x000000070fa00000, 0x000000070fa00000|100%| E|CS|TAMS 0x000000070f800000, 0x000000070f800000| Complete 
|  90|0x000000070fa00000, 0x000000070fc00000, 0x000000070fc00000|100%| E|CS|TAMS 0x000000070fa00000, 0x000000070fa00000| Complete 
|  91|0x000000070fc00000, 0x000000070fe00000, 0x000000070fe00000|100%| E|CS|TAMS 0x000000070fc00000, 0x000000070fc00000| Complete 
|  92|0x000000070fe00000, 0x0000000710000000, 0x0000000710000000|100%| E|CS|TAMS 0x000000070fe00000, 0x000000070fe00000| Complete 
|  93|0x0000000710000000, 0x0000000710200000, 0x0000000710200000|100%| E|CS|TAMS 0x0000000710000000, 0x0000000710000000| Complete 
|  94|0x0000000710200000, 0x0000000710400000, 0x0000000710400000|100%| E|CS|TAMS 0x0000000710200000, 0x0000000710200000| Complete 
|  95|0x0000000710400000, 0x0000000710600000, 0x0000000710600000|100%| E|CS|TAMS 0x0000000710400000, 0x0000000710400000| Complete 
|  96|0x0000000710600000, 0x0000000710800000, 0x0000000710800000|100%| E|CS|TAMS 0x0000000710600000, 0x0000000710600000| Complete 
|  97|0x0000000710800000, 0x0000000710a00000, 0x0000000710a00000|100%| E|CS|TAMS 0x0000000710800000, 0x0000000710800000| Complete 
|  98|0x0000000710a00000, 0x0000000710c00000, 0x0000000710c00000|100%| E|CS|TAMS 0x0000000710a00000, 0x0000000710a00000| Complete 
| 131|0x0000000714c00000, 0x0000000714e00000, 0x0000000714e00000|100%| E|CS|TAMS 0x0000000714c00000, 0x0000000714c00000| Complete 

Card table byte_map: [0x0000017252e80000,0x0000017253660000] _byte_map_base: 0x000001724f65d000

Marking Bits (Prev, Next): (CMBitMap*) 0x000001723b378fe0, (CMBitMap*) 0x000001723b378fa0
 Prev Bits: [0x0000017257d30000, 0x000001725bc18000)
 Next Bits: [0x0000017253e40000, 0x0000017257d28000)

Polling page: 0x0000017239280000

Metaspace:

Usage:
  Non-class:     45.67 MB used.
      Class:      6.06 MB used.
       Both:     51.72 MB used.

Virtual space:
  Non-class space:       64.00 MB reserved,      45.81 MB ( 72%) committed,  1 nodes.
      Class space:        1.00 GB reserved,       6.19 MB ( <1%) committed,  1 nodes.
             Both:        1.06 GB reserved,      52.00 MB (  5%) committed. 

Chunk freelists:
   Non-Class:  2.06 MB
       Class:  9.65 MB
        Both:  11.72 MB

MaxMetaspaceSize: unlimited
CompressedClassSpaceSize: 1.00 GB
Initial GC threshold: 21.00 MB
Current GC threshold: 84.81 MB
CDS: on
MetaspaceReclaimPolicy: balanced
 - commit_granule_bytes: 65536.
 - commit_granule_words: 8192.
 - virtual_space_node_default_size: 8388608.
 - enlarge_chunks_in_place: 1.
 - new_chunks_are_fully_committed: 0.
 - uncommit_free_chunks: 1.
 - use_allocation_guard: 0.
 - handle_deallocations: 1.


Internal statistics:

num_allocs_failed_limit: 6.
num_arena_births: 308.
num_arena_deaths: 0.
num_vsnodes_births: 2.
num_vsnodes_deaths: 0.
num_space_committed: 830.
num_space_uncommitted: 0.
num_chunks_returned_to_freelist: 6.
num_chunks_taken_from_freelist: 2216.
num_chunk_merges: 6.
num_chunk_splits: 1740.
num_chunks_enlarged: 1498.
num_inconsistent_stats: 0.

CodeHeap 'non-profiled nmethods': size=119168Kb used=4495Kb max_used=4495Kb free=114672Kb
 bounds [0x000001724a9b0000, 0x000001724ae20000, 0x0000017251e10000]
CodeHeap 'profiled nmethods': size=119104Kb used=21010Kb max_used=21010Kb free=98093Kb
 bounds [0x0000017242e10000, 0x00000172442a0000, 0x000001724a260000]
CodeHeap 'non-nmethods': size=7488Kb used=2993Kb max_used=3084Kb free=4494Kb
 bounds [0x000001724a260000, 0x000001724a570000, 0x000001724a9b0000]
 total_blobs=8495 nmethods=7872 adapters=531
 compilation: enabled
              stopped_count=0, restarted_count=0
 full_count=0

Compilation events (20 events):
Event: 6.757 Thread 0x00000172a0152d00 8730       1       javaslang.collection.HashArrayMappedTrieModule$IndexedNode::isEmpty (2 bytes)
Event: 6.757 Thread 0x00000172a0152d00 nmethod 8730 0x000001724ae12690 code [0x000001724ae12820, 0x000001724ae128f8]
Event: 6.761 Thread 0x00000172a04a99c0 8731       3       org.jetbrains.kotlin.load.java.AbstractAnnotationTypeQualifierResolver::hasAnnotation (85 bytes)
Event: 6.762 Thread 0x00000172a04a99c0 nmethod 8731 0x0000017244288f90 code [0x0000017244289280, 0x000001724428a508]
Event: 6.763 Thread 0x00000172a0035400 8733       3       org.jetbrains.kotlin.load.java.lazy.descriptors.LazyJavaClassDescriptor$declaredParameters$1::invoke (5 bytes)
Event: 6.763 Thread 0x00000172a0152d00 8734       3       org.jetbrains.kotlin.load.java.lazy.descriptors.LazyJavaClassDescriptor$declaredParameters$1::invoke (173 bytes)
Event: 6.763 Thread 0x00000172a0035400 nmethod 8733 0x000001724428aa90 code [0x000001724428ac20, 0x000001724428ad68]
Event: 6.764 Thread 0x00000172a0152d00 nmethod 8734 0x000001724428ae10 code [0x000001724428b260, 0x000001724428d388]
Event: 6.765 Thread 0x00000172a0152d00 8736       3       org.jetbrains.kotlin.load.java.lazy.descriptors.LazyJavaClassDescriptor$LazyJavaClassTypeConstructor$parameters$1::invoke (5 bytes)
Event: 6.765 Thread 0x00000172a04a99c0 8737       3       org.jetbrains.kotlin.load.java.lazy.descriptors.LazyJavaClassDescriptor$LazyJavaClassTypeConstructor$parameters$1::invoke (11 bytes)
Event: 6.765 Thread 0x00000172a0152d00 nmethod 8736 0x000001724428df10 code [0x000001724428e0c0, 0x000001724428e268]
Event: 6.765 Thread 0x00000172a04a99c0 nmethod 8737 0x000001724428e310 code [0x000001724428e4a0, 0x000001724428e5e8]
Event: 6.766 Thread 0x00000172a04a99c0 8738       3       org.jetbrains.kotlin.load.java.lazy.descriptors.LazyJavaClassDescriptor$scopeHolder$1::invoke (9 bytes)
Event: 6.766 Thread 0x00000172a0152d00 8739       3       org.jetbrains.kotlin.load.java.lazy.descriptors.LazyJavaClassDescriptor$scopeHolder$1::invoke (57 bytes)
Event: 6.766 Thread 0x00000172a04a99c0 nmethod 8738 0x000001724428e690 code [0x000001724428e840, 0x000001724428ea68]
Event: 6.767 Thread 0x00000172a0152d00 nmethod 8739 0x000001724428eb10 code [0x000001724428ed40, 0x000001724428f488]
Event: 6.767 Thread 0x00000172a0152d00 8740       3       javaslang.collection.HashArrayMappedTrieModule$LeafSingleton::modify (77 bytes)
Event: 6.767 Thread 0x00000172a0152d00 nmethod 8740 0x000001724428f710 code [0x000001724428f940, 0x0000017244290498]
Event: 6.772 Thread 0x00000172a0152d00 8741       1       org.jetbrains.kotlin.load.java.structure.impl.classFiles.BinaryJavaTypeParameter::getName (5 bytes)
Event: 6.772 Thread 0x00000172a0152d00 nmethod 8741 0x000001724ae12990 code [0x000001724ae12b20, 0x000001724ae12bf8]

GC Heap History (20 events):
Event: 1.511 GC heap before
{Heap before GC invocations=2 (full 0):
 garbage-first heap   total 258048K, used 45066K [0x0000000704600000, 0x0000000800000000)
  region size 2048K, 19 young (38912K), 3 survivors (6144K)
 Metaspace       used 21273K, committed 21504K, reserved 1114112K
  class space    used 2639K, committed 2752K, reserved 1048576K
}
Event: 1.518 GC heap after
{Heap after GC invocations=3 (full 0):
 garbage-first heap   total 258048K, used 16963K [0x0000000704600000, 0x0000000800000000)
  region size 2048K, 5 young (10240K), 5 survivors (10240K)
 Metaspace       used 21273K, committed 21504K, reserved 1114112K
  class space    used 2639K, committed 2752K, reserved 1048576K
}
Event: 2.026 GC heap before
{Heap before GC invocations=4 (full 0):
 garbage-first heap   total 75776K, used 53827K [0x0000000704600000, 0x0000000800000000)
  region size 2048K, 22 young (45056K), 5 survivors (10240K)
 Metaspace       used 26264K, committed 26560K, reserved 1114112K
  class space    used 3470K, committed 3584K, reserved 1048576K
}
Event: 2.041 GC heap after
{Heap after GC invocations=5 (full 0):
 garbage-first heap   total 75776K, used 24638K [0x0000000704600000, 0x0000000800000000)
  region size 2048K, 3 young (6144K), 3 survivors (6144K)
 Metaspace       used 26264K, committed 26560K, reserved 1114112K
  class space    used 3470K, committed 3584K, reserved 1048576K
}
Event: 2.070 GC heap before
{Heap before GC invocations=5 (full 0):
 garbage-first heap   total 75776K, used 26686K [0x0000000704600000, 0x0000000800000000)
  region size 2048K, 4 young (8192K), 3 survivors (6144K)
 Metaspace       used 26587K, committed 26880K, reserved 1114112K
  class space    used 3506K, committed 3648K, reserved 1048576K
}
Event: 2.077 GC heap after
{Heap after GC invocations=6 (full 0):
 garbage-first heap   total 75776K, used 26136K [0x0000000704600000, 0x0000000800000000)
  region size 2048K, 1 young (2048K), 1 survivors (2048K)
 Metaspace       used 26587K, committed 26880K, reserved 1114112K
  class space    used 3506K, committed 3648K, reserved 1048576K
}
Event: 2.405 GC heap before
{Heap before GC invocations=6 (full 0):
 garbage-first heap   total 75776K, used 52760K [0x0000000704600000, 0x0000000800000000)
  region size 2048K, 14 young (28672K), 1 survivors (2048K)
 Metaspace       used 31374K, committed 31616K, reserved 1114112K
  class space    used 3973K, committed 4096K, reserved 1048576K
}
Event: 2.411 GC heap after
{Heap after GC invocations=7 (full 0):
 garbage-first heap   total 75776K, used 26611K [0x0000000704600000, 0x0000000800000000)
  region size 2048K, 2 young (4096K), 2 survivors (4096K)
 Metaspace       used 31374K, committed 31616K, reserved 1114112K
  class space    used 3973K, committed 4096K, reserved 1048576K
}
Event: 2.694 GC heap before
{Heap before GC invocations=7 (full 0):
 garbage-first heap   total 75776K, used 45043K [0x0000000704600000, 0x0000000800000000)
  region size 2048K, 12 young (24576K), 2 survivors (4096K)
 Metaspace       used 35862K, committed 36096K, reserved 1114112K
  class space    used 4411K, committed 4544K, reserved 1048576K
}
Event: 2.701 GC heap after
{Heap after GC invocations=8 (full 0):
 garbage-first heap   total 143360K, used 28501K [0x0000000704600000, 0x0000000800000000)
  region size 2048K, 1 young (2048K), 1 survivors (2048K)
 Metaspace       used 35862K, committed 36096K, reserved 1114112K
  class space    used 4411K, committed 4544K, reserved 1048576K
}
Event: 3.537 GC heap before
{Heap before GC invocations=9 (full 0):
 garbage-first heap   total 102400K, used 87893K [0x0000000704600000, 0x0000000800000000)
  region size 2048K, 30 young (61440K), 1 survivors (2048K)
 Metaspace       used 40822K, committed 41088K, reserved 1114112K
  class space    used 4941K, committed 5056K, reserved 1048576K
}
Event: 3.555 GC heap after
{Heap after GC invocations=10 (full 0):
 garbage-first heap   total 102400K, used 38363K [0x0000000704600000, 0x0000000800000000)
  region size 2048K, 5 young (10240K), 5 survivors (10240K)
 Metaspace       used 40822K, committed 41088K, reserved 1114112K
  class space    used 4941K, committed 5056K, reserved 1048576K
}
Event: 3.557 GC heap before
{Heap before GC invocations=10 (full 0):
 garbage-first heap   total 102400K, used 40411K [0x0000000704600000, 0x0000000800000000)
  region size 2048K, 6 young (12288K), 5 survivors (10240K)
 Metaspace       used 40822K, committed 41088K, reserved 1114112K
  class space    used 4941K, committed 5056K, reserved 1048576K
}
Event: 3.571 GC heap after
{Heap after GC invocations=11 (full 0):
 garbage-first heap   total 102400K, used 39245K [0x0000000704600000, 0x0000000800000000)
  region size 2048K, 1 young (2048K), 1 survivors (2048K)
 Metaspace       used 40822K, committed 41088K, reserved 1114112K
  class space    used 4941K, committed 5056K, reserved 1048576K
}
Event: 4.497 GC heap before
{Heap before GC invocations=11 (full 0):
 garbage-first heap   total 102400K, used 76109K [0x0000000704600000, 0x0000000800000000)
  region size 2048K, 19 young (38912K), 1 survivors (2048K)
 Metaspace       used 46947K, committed 47232K, reserved 1114112K
  class space    used 5574K, committed 5696K, reserved 1048576K
}
Event: 4.516 GC heap after
{Heap after GC invocations=12 (full 0):
 garbage-first heap   total 102400K, used 45703K [0x0000000704600000, 0x0000000800000000)
  region size 2048K, 3 young (6144K), 3 survivors (6144K)
 Metaspace       used 46947K, committed 47232K, reserved 1114112K
  class space    used 5574K, committed 5696K, reserved 1048576K
}
Event: 5.222 GC heap before
{Heap before GC invocations=12 (full 0):
 garbage-first heap   total 102400K, used 76423K [0x0000000704600000, 0x0000000800000000)
  region size 2048K, 18 young (36864K), 3 survivors (6144K)
 Metaspace       used 50435K, committed 50752K, reserved 1114112K
  class space    used 6009K, committed 6144K, reserved 1048576K
}
Event: 5.239 GC heap after
{Heap after GC invocations=13 (full 0):
 garbage-first heap   total 102400K, used 51116K [0x0000000704600000, 0x0000000800000000)
  region size 2048K, 3 young (6144K), 3 survivors (6144K)
 Metaspace       used 50435K, committed 50752K, reserved 1114112K
  class space    used 6009K, committed 6144K, reserved 1048576K
}
Event: 6.113 GC heap before
{Heap before GC invocations=13 (full 0):
 garbage-first heap   total 102400K, used 77740K [0x0000000704600000, 0x0000000800000000)
  region size 2048K, 16 young (32768K), 3 survivors (6144K)
 Metaspace       used 51718K, committed 52032K, reserved 1114112K
  class space    used 6103K, committed 6208K, reserved 1048576K
}
Event: 6.134 GC heap after
{Heap after GC invocations=14 (full 0):
 garbage-first heap   total 270336K, used 58210K [0x0000000704600000, 0x0000000800000000)
  region size 2048K, 2 young (4096K), 2 survivors (4096K)
 Metaspace       used 51718K, committed 52032K, reserved 1114112K
  class space    used 6103K, committed 6208K, reserved 1048576K
}

Dll operation events (7 events):
Event: 0.006 Loaded shared library C:\Users\vinhn\.jdks\corretto-17.0.9\bin\java.dll
Event: 0.024 Loaded shared library C:\Users\vinhn\.jdks\corretto-17.0.9\bin\jsvml.dll
Event: 0.051 Loaded shared library C:\Users\vinhn\.jdks\corretto-17.0.9\bin\net.dll
Event: 0.052 Loaded shared library C:\Users\vinhn\.jdks\corretto-17.0.9\bin\nio.dll
Event: 0.072 Loaded shared library C:\Users\vinhn\.jdks\corretto-17.0.9\bin\zip.dll
Event: 0.094 Loaded shared library C:\Users\vinhn\.jdks\corretto-17.0.9\bin\jimage.dll
Event: 0.848 Loaded shared library C:\Users\vinhn\.jdks\corretto-17.0.9\bin\verify.dll

Deoptimization events (20 events):
Event: 6.742 Thread 0x000001723b30a6d0 DEOPT UNPACKING pc=0x000001724a2b69a3 sp=0x0000002f076fca60 mode 2
Event: 6.756 Thread 0x000001723b30a6d0 Uncommon trap: trap_request=0xffffffde fr.pc=0x000001724adf30fc relative=0x00000000000003bc
Event: 6.756 Thread 0x000001723b30a6d0 Uncommon trap: reason=class_check action=maybe_recompile pc=0x000001724adf30fc method=org.jetbrains.kotlin.load.java.JavaDescriptorVisibilities.toDescriptorVisibility(Lorg/jetbrains/kotlin/descriptors/Visibility;)Lorg/jetbrains/kotlin/descriptors/Descript
Event: 6.756 Thread 0x000001723b30a6d0 DEOPT PACKING pc=0x000001724adf30fc sp=0x0000002f076fcef0
Event: 6.756 Thread 0x000001723b30a6d0 DEOPT UNPACKING pc=0x000001724a2b69a3 sp=0x0000002f076fce90 mode 2
Event: 6.761 Thread 0x000001723b30a6d0 Uncommon trap: trap_request=0xffffffde fr.pc=0x000001724adf30fc relative=0x00000000000003bc
Event: 6.761 Thread 0x000001723b30a6d0 Uncommon trap: reason=class_check action=maybe_recompile pc=0x000001724adf30fc method=org.jetbrains.kotlin.load.java.JavaDescriptorVisibilities.toDescriptorVisibility(Lorg/jetbrains/kotlin/descriptors/Visibility;)Lorg/jetbrains/kotlin/descriptors/Descript
Event: 6.761 Thread 0x000001723b30a6d0 DEOPT PACKING pc=0x000001724adf30fc sp=0x0000002f076fcef0
Event: 6.762 Thread 0x000001723b30a6d0 DEOPT UNPACKING pc=0x000001724a2b69a3 sp=0x0000002f076fce90 mode 2
Event: 6.773 Thread 0x000001723b30a6d0 Uncommon trap: trap_request=0xffffffde fr.pc=0x000001724adf30fc relative=0x00000000000003bc
Event: 6.773 Thread 0x000001723b30a6d0 Uncommon trap: reason=class_check action=maybe_recompile pc=0x000001724adf30fc method=org.jetbrains.kotlin.load.java.JavaDescriptorVisibilities.toDescriptorVisibility(Lorg/jetbrains/kotlin/descriptors/Visibility;)Lorg/jetbrains/kotlin/descriptors/Descript
Event: 6.773 Thread 0x000001723b30a6d0 DEOPT PACKING pc=0x000001724adf30fc sp=0x0000002f076fcd30
Event: 6.773 Thread 0x000001723b30a6d0 DEOPT UNPACKING pc=0x000001724a2b69a3 sp=0x0000002f076fccd0 mode 2
Event: 6.774 Thread 0x000001723b30a6d0 Uncommon trap: trap_request=0xffffffc6 fr.pc=0x000001724ae05064 relative=0x0000000000001164
Event: 6.774 Thread 0x000001723b30a6d0 Uncommon trap: reason=bimorphic_or_optimized_type_check action=maybe_recompile pc=0x000001724ae05064 method=kotlin.collections.CollectionsKt___CollectionsKt.toSet(Ljava/lang/Iterable;)Ljava/util/Set; @ 71 c2
Event: 6.774 Thread 0x000001723b30a6d0 DEOPT PACKING pc=0x000001724ae05064 sp=0x0000002f076fd630
Event: 6.774 Thread 0x000001723b30a6d0 DEOPT UNPACKING pc=0x000001724a2b69a3 sp=0x0000002f076fd610 mode 2
Event: 6.775 Thread 0x000001723b30a6d0 Uncommon trap: trap_request=0xffffffc6 fr.pc=0x000001724ae05064 relative=0x0000000000001164
Event: 6.775 Thread 0x000001723b30a6d0 Uncommon trap: reason=bimorphic_or_optimized_type_check action=maybe_recompile pc=0x000001724ae05064 method=kotlin.collections.CollectionsKt___CollectionsKt.toSet(Ljava/lang/Iterable;)Ljava/util/Set; @ 71 c2
Event: 6.776 Thread 0x000001723b30a6d0 DEOPT PACKING pc=0x000001724ae05064 sp=0x0000002f076fd630

Classes unloaded (0 events):
No events

Classes redefined (0 events):
No events

Internal exceptions (20 events):
Event: 4.147 Thread 0x000001723b30a6d0 Implicit null exception at 0x000001724ac4d08f to 0x000001724ac4d0cc
Event: 4.331 Thread 0x000001723b30a6d0 Implicit null exception at 0x000001724abb77c0 to 0x000001724abb8148
Event: 4.657 Thread 0x000001723b30a6d0 Exception <a 'java/lang/NoSuchMethodError'{0x0000000709f48760}: 'java.lang.Object java.lang.invoke.DirectMethodHandle$Holder.newInvokeSpecial(java.lang.Object, java.lang.Object, java.lang.Object, java.lang.Object, java.lang.Object, java.lang.Object)'> (0x0000000709f48760) 
thrown [s\src\hotspot\share\interpreter\linkResolver.cpp, line 759]
Event: 4.710 Thread 0x000001723b30a6d0 Implicit null exception at 0x000001724ac06eb3 to 0x000001724ac07304
Event: 4.715 Thread 0x000001723b30a6d0 Implicit null exception at 0x000001724ab374cc to 0x000001724ab375d4
Event: 4.995 Thread 0x000001723b30a6d0 Exception <a 'java/lang/NoSuchMethodError'{0x0000000709507280}: 'java.lang.Object java.lang.invoke.DirectMethodHandle$Holder.invokeStatic(java.lang.Object, java.lang.Object, java.lang.Object, java.lang.Object, int)'> (0x0000000709507280) 
thrown [s\src\hotspot\share\interpreter\linkResolver.cpp, line 759]
Event: 4.996 Thread 0x000001723b30a6d0 Exception <a 'java/lang/NoSuchMethodError'{0x0000000709510cc0}: 'java.lang.Object java.lang.invoke.DirectMethodHandle$Holder.newInvokeSpecial(java.lang.Object, java.lang.Object, java.lang.Object, java.lang.Object, int)'> (0x0000000709510cc0) 
thrown [s\src\hotspot\share\interpreter\linkResolver.cpp, line 759]
Event: 4.996 Thread 0x000001723b30a6d0 Exception <a 'java/lang/NoSuchMethodError'{0x0000000709515548}: 'java.lang.Object java.lang.invoke.DirectMethodHandle$Holder.invokeSpecial(java.lang.Object, java.lang.Object, java.lang.Object, java.lang.Object, java.lang.Object, int)'> (0x0000000709515548) 
thrown [s\src\hotspot\share\interpreter\linkResolver.cpp, line 759]
Event: 4.997 Thread 0x000001723b30a6d0 Exception <a 'java/lang/NoSuchMethodError'{0x0000000709519780}: 'java.lang.Object java.lang.invoke.Invokers$Holder.linkToTargetMethod(java.lang.Object, java.lang.Object, java.lang.Object, int, java.lang.Object)'> (0x0000000709519780) 
thrown [s\src\hotspot\share\interpreter\linkResolver.cpp, line 759]
Event: 5.068 Thread 0x000001723b30a6d0 Exception <a 'java/lang/NoSuchMethodError'{0x00000007093ce5a8}: 'void java.lang.invoke.DirectMethodHandle$Holder.invokeInterface(java.lang.Object, java.lang.Object)'> (0x00000007093ce5a8) 
thrown [s\src\hotspot\share\interpreter\linkResolver.cpp, line 759]
Event: 5.190 Thread 0x000001723b30a6d0 Exception <a 'java/lang/NoSuchMethodError'{0x0000000708cc5918}: 'java.lang.Object java.lang.invoke.DirectMethodHandle$Holder.invokeStaticInit(java.lang.Object, java.lang.Object, java.lang.Object)'> (0x0000000708cc5918) 
thrown [s\src\hotspot\share\interpreter\linkResolver.cpp, line 759]
Event: 5.206 Thread 0x000001723b30a6d0 Exception <a 'java/lang/NoSuchMethodError'{0x0000000708da6a00}: 'int java.lang.invoke.DirectMethodHandle$Holder.invokeVirtual(java.lang.Object, java.lang.Object, java.lang.Object)'> (0x0000000708da6a00) 
thrown [s\src\hotspot\share\interpreter\linkResolver.cpp, line 759]
Event: 5.336 Thread 0x000001723b30a6d0 Exception <a 'java/lang/IncompatibleClassChangeError'{0x000000070a6f3658}: Found class java.lang.Object, but interface was expected> (0x000000070a6f3658) 
thrown [s\src\hotspot\share\interpreter\linkResolver.cpp, line 826]
Event: 5.498 Thread 0x000001723b30a6d0 Exception <a 'java/lang/NoSuchMethodError'{0x000000070a25e128}: 'java.lang.Object java.lang.invoke.DirectMethodHandle$Holder.newInvokeSpecial(java.lang.Object, java.lang.Object, java.lang.Object, java.lang.Object, java.lang.Object, java.lang.Object, java.lang.Object, java.lang.Object)'> (0x000000070a25e128) 
thrown [s\src\hotspot\share\interpreter\linkResolver.cpp, line 759]
Event: 5.499 Thread 0x000001723b30a6d0 Exception <a 'java/lang/NoSuchMethodError'{0x000000070a263740}: 'java.lang.Object java.lang.invoke.DirectMethodHandle$Holder.invokeSpecial(java.lang.Object, java.lang.Object, java.lang.Object, java.lang.Object, java.lang.Object, java.lang.Object, java.lang.Object, java.lang.Object, java.lang.Object)'> (0x000000070a263740) 
thrown [s\src\hotspot\share\interpreter\linkResolver.cpp, line 759]
Event: 5.499 Thread 0x000001723b30a6d0 Exception <a 'java/lang/NoSuchMethodError'{0x000000070a268670}: 'java.lang.Object java.lang.invoke.Invokers$Holder.linkToTargetMethod(java.lang.Object, java.lang.Object, java.lang.Object, java.lang.Object, java.lang.Object, java.lang.Object, java.lang.Object, java.lang.Object)'> (0x000000070a268670) 
thrown [s\src\hotspot\share\interpreter\linkResolver.cpp, line 759]
Event: 6.614 Thread 0x000001723b30a6d0 Implicit null exception at 0x000001724a9fbf6f to 0x000001724a9fc15c
Event: 6.614 Thread 0x000001723b30a6d0 Implicit null exception at 0x000001724aa1100f to 0x000001724aa11089
Event: 6.701 Thread 0x000001723b30a6d0 Exception <a 'java/lang/NoSuchMethodError'{0x000000070ec1f498}: 'java.lang.Object java.lang.invoke.DirectMethodHandle$Holder.newInvokeSpecial(java.lang.Object, int, java.lang.Object)'> (0x000000070ec1f498) 
thrown [s\src\hotspot\share\interpreter\linkResolver.cpp, line 759]
Event: 6.701 Thread 0x000001723b30a6d0 Exception <a 'java/lang/NoSuchMethodError'{0x000000070ec258d8}: 'int java.lang.invoke.DirectMethodHandle$Holder.invokeInterface(java.lang.Object, java.lang.Object)'> (0x000000070ec258d8) 
thrown [s\src\hotspot\share\interpreter\linkResolver.cpp, line 759]

VM Operations (20 events):
Event: 6.113 Executing VM operation: G1CollectForAllocation
Event: 6.134 Executing VM operation: G1CollectForAllocation done
Event: 6.170 Executing VM operation: G1PauseRemark
Event: 6.178 Executing VM operation: G1PauseRemark done
Event: 6.194 Executing VM operation: G1PauseCleanup
Event: 6.194 Executing VM operation: G1PauseCleanup done
Event: 6.332 Executing VM operation: ICBufferFull
Event: 6.332 Executing VM operation: ICBufferFull done
Event: 6.420 Executing VM operation: ICBufferFull
Event: 6.421 Executing VM operation: ICBufferFull done
Event: 6.514 Executing VM operation: ICBufferFull
Event: 6.514 Executing VM operation: ICBufferFull done
Event: 6.672 Executing VM operation: ICBufferFull
Event: 6.673 Executing VM operation: ICBufferFull done
Event: 6.688 Executing VM operation: HandshakeAllThreads
Event: 6.688 Executing VM operation: HandshakeAllThreads done
Event: 6.691 Executing VM operation: HandshakeAllThreads
Event: 6.691 Executing VM operation: HandshakeAllThreads done
Event: 6.734 Executing VM operation: ICBufferFull
Event: 6.734 Executing VM operation: ICBufferFull done

Events (20 events):
Event: 5.072 loading class java/util/stream/Node$OfDouble done
Event: 5.072 loading class java/util/stream/Nodes$EmptyNode$OfDouble done
Event: 5.073 loading class java/util/stream/Nodes$SpinedNodeBuilder
Event: 5.073 loading class java/util/stream/Node$Builder
Event: 5.073 loading class java/util/stream/Node$Builder done
Event: 5.073 loading class java/util/stream/SpinedBuffer
Event: 5.073 loading class java/util/stream/AbstractSpinedBuffer
Event: 5.073 loading class java/util/stream/AbstractSpinedBuffer done
Event: 5.073 loading class java/util/stream/SpinedBuffer done
Event: 5.073 loading class java/util/stream/Nodes$SpinedNodeBuilder done
Event: 5.892 Thread 0x00000172a0038e20 flushing nmethod 0x000001724ab4ef10
Event: 5.893 Thread 0x00000172a0038e20 flushing nmethod 0x000001724aba7710
Event: 5.893 Thread 0x00000172a0038e20 flushing nmethod 0x000001724abc8a10
Event: 5.893 Thread 0x00000172a0038e20 flushing nmethod 0x000001724abd7910
Event: 5.893 Thread 0x00000172a0038e20 flushing nmethod 0x000001724ac05d10
Event: 5.893 Thread 0x00000172a0038e20 flushing nmethod 0x000001724ac38790
Event: 5.900 Thread 0x00000172a0038e20 flushing nmethod 0x000001724353d390
Event: 5.903 Thread 0x00000172a0038e20 flushing nmethod 0x0000017243899710
Event: 6.762 loading class java/util/concurrent/locks/AbstractQueuedSynchronizer$Node
Event: 6.762 loading class java/util/concurrent/locks/AbstractQueuedSynchronizer$Node done


Dynamic libraries:
0x00007ff74f7b0000 - 0x00007ff74f7be000 	C:\Users\vinhn\.jdks\corretto-17.0.9\bin\java.exe
0x00007ffe73c50000 - 0x00007ffe73e67000 	C:\Windows\SYSTEM32\ntdll.dll
0x00007ffe73870000 - 0x00007ffe73934000 	C:\Windows\System32\KERNEL32.DLL
0x00007ffe71110000 - 0x00007ffe714bc000 	C:\Windows\System32\KERNELBASE.dll
0x00007ffe714c0000 - 0x00007ffe715d1000 	C:\Windows\System32\ucrtbase.dll
0x00007ffe25550000 - 0x00007ffe25567000 	C:\Users\vinhn\.jdks\corretto-17.0.9\bin\jli.dll
0x00007ffe24cc0000 - 0x00007ffe24cdb000 	C:\Users\vinhn\.jdks\corretto-17.0.9\bin\VCRUNTIME140.dll
0x00007ffe72b20000 - 0x00007ffe72cce000 	C:\Windows\System32\USER32.dll
0x00007ffe70f80000 - 0x00007ffe70fa6000 	C:\Windows\System32\win32u.dll
0x00007ffe51300000 - 0x00007ffe51593000 	C:\Windows\WinSxS\amd64_microsoft.windows.common-controls_6595b64144ccf1df_6.0.22621.3672_none_2713b9d173822955\COMCTL32.dll
0x00007ffe73960000 - 0x00007ffe73989000 	C:\Windows\System32\GDI32.dll
0x00007ffe72e40000 - 0x00007ffe72ee7000 	C:\Windows\System32\msvcrt.dll
0x00007ffe715e0000 - 0x00007ffe716f9000 	C:\Windows\System32\gdi32full.dll
0x00007ffe71070000 - 0x00007ffe7110a000 	C:\Windows\System32\msvcp_win.dll
0x00007ffe73bd0000 - 0x00007ffe73c01000 	C:\Windows\System32\IMM32.DLL
0x00007ffe48840000 - 0x00007ffe4884c000 	C:\Users\vinhn\.jdks\corretto-17.0.9\bin\vcruntime140_1.dll
0x00007ffde1280000 - 0x00007ffde130d000 	C:\Users\vinhn\.jdks\corretto-17.0.9\bin\msvcp140.dll
0x00007ffdc5ab0000 - 0x00007ffdc6711000 	C:\Users\vinhn\.jdks\corretto-17.0.9\bin\server\jvm.dll
0x00007ffe72a50000 - 0x00007ffe72b02000 	C:\Windows\System32\ADVAPI32.dll
0x00007ffe72f00000 - 0x00007ffe72faa000 	C:\Windows\System32\sechost.dll
0x00007ffe71960000 - 0x00007ffe71988000 	C:\Windows\System32\bcrypt.dll
0x00007ffe72d20000 - 0x00007ffe72e35000 	C:\Windows\System32\RPCRT4.dll
0x00007ffe70c90000 - 0x00007ffe70cdd000 	C:\Windows\SYSTEM32\POWRPROF.dll
0x00007ffe5adb0000 - 0x00007ffe5adb9000 	C:\Windows\SYSTEM32\WSOCK32.dll
0x00007ffe57340000 - 0x00007ffe57374000 	C:\Windows\SYSTEM32\WINMM.dll
0x00007ffe6a690000 - 0x00007ffe6a69a000 	C:\Windows\SYSTEM32\VERSION.dll
0x00007ffe730b0000 - 0x00007ffe73121000 	C:\Windows\System32\WS2_32.dll
0x00007ffe70c70000 - 0x00007ffe70c83000 	C:\Windows\SYSTEM32\UMPDC.dll
0x00007ffe6ff10000 - 0x00007ffe6ff28000 	C:\Windows\SYSTEM32\kernel.appcore.dll
0x00007ffe45de0000 - 0x00007ffe45dea000 	C:\Users\vinhn\.jdks\corretto-17.0.9\bin\jimage.dll
0x00007ffe574b0000 - 0x00007ffe576e2000 	C:\Windows\SYSTEM32\DBGHELP.DLL
0x00007ffe73250000 - 0x00007ffe735d8000 	C:\Windows\System32\combase.dll
0x00007ffe736a0000 - 0x00007ffe73777000 	C:\Windows\System32\OLEAUT32.dll
0x00007ffe55960000 - 0x00007ffe55992000 	C:\Windows\SYSTEM32\dbgcore.DLL
0x00007ffe71700000 - 0x00007ffe7177b000 	C:\Windows\System32\bcryptPrimitives.dll
0x00007ffe19a90000 - 0x00007ffe19ab5000 	C:\Users\vinhn\.jdks\corretto-17.0.9\bin\java.dll
0x00007ffddbaa0000 - 0x00007ffddbb77000 	C:\Users\vinhn\.jdks\corretto-17.0.9\bin\jsvml.dll
0x00007ffe721f0000 - 0x00007ffe72a4c000 	C:\Windows\System32\SHELL32.dll
0x00007ffe6ee80000 - 0x00007ffe6f777000 	C:\Windows\SYSTEM32\windows.storage.dll
0x00007ffe6ed40000 - 0x00007ffe6ee7f000 	C:\Windows\SYSTEM32\wintypes.dll
0x00007ffe72fb0000 - 0x00007ffe730a4000 	C:\Windows\System32\SHCORE.dll
0x00007ffe73780000 - 0x00007ffe737de000 	C:\Windows\System32\shlwapi.dll
0x00007ffe70eb0000 - 0x00007ffe70ed1000 	C:\Windows\SYSTEM32\profapi.dll
0x00007ffe077b0000 - 0x00007ffe077c9000 	C:\Users\vinhn\.jdks\corretto-17.0.9\bin\net.dll
0x00007ffe6cf00000 - 0x00007ffe6d036000 	C:\Windows\SYSTEM32\WINHTTP.dll
0x00007ffe703e0000 - 0x00007ffe70449000 	C:\Windows\system32\mswsock.dll
0x00007ffdffb00000 - 0x00007ffdffb16000 	C:\Users\vinhn\.jdks\corretto-17.0.9\bin\nio.dll
0x00007ffe24ca0000 - 0x00007ffe24cb8000 	C:\Users\vinhn\.jdks\corretto-17.0.9\bin\zip.dll
0x00007ffe39ea0000 - 0x00007ffe39eb0000 	C:\Users\vinhn\.jdks\corretto-17.0.9\bin\verify.dll

dbghelp: loaded successfully - version: 4.0.5 - missing functions: none
symbol engine: initialized successfully - sym options: 0x614 - pdb path: .;C:\Users\vinhn\.jdks\corretto-17.0.9\bin;C:\Windows\SYSTEM32;C:\Windows\WinSxS\amd64_microsoft.windows.common-controls_6595b64144ccf1df_6.0.22621.3672_none_2713b9d173822955;C:\Users\vinhn\.jdks\corretto-17.0.9\bin\server

VM Arguments:
java_command: org.jetbrains.kotlin.cli.jvm.K2JVMCompiler @E:\gsim-sdk-android\gsim\build\20240710_2066804055065838266.compiler.options
java_class_path (initial): C:\Users\vinhn\.gradle\caches\modules-2\files-2.1\org.jetbrains.kotlin\kotlin-compiler-embeddable\1.8.10\b0757fd774344d54ce93f5ad6c30ba1c1731c8ff\kotlin-compiler-embeddable-1.8.10.jar;C:\Users\vinhn\.gradle\caches\modules-2\files-2.1\org.jetbrains.kotlin\kotlin-stdlib\1.8.10\6d5560a229477df9406943d5feda5618e98eb64c\kotlin-stdlib-1.8.10.jar;C:\Users\vinhn\.gradle\caches\modules-2\files-2.1\org.jetbrains.kotlin\kotlin-script-runtime\1.8.10\b13ea9c7e46d589139e56086a878763290e20bd5\kotlin-script-runtime-1.8.10.jar;C:\Users\vinhn\.gradle\caches\modules-2\files-2.1\org.jetbrains.kotlin\kotlin-reflect\1.6.10\1cbe9c92c12a94eea200d23c2bbaedaf3daf5132\kotlin-reflect-1.6.10.jar;C:\Users\vinhn\.gradle\caches\modules-2\files-2.1\org.jetbrains.kotlin\kotlin-daemon-embeddable\1.8.10\ad8541d9bc1cf9e52c3204161247910c2cf601d4\kotlin-daemon-embeddable-1.8.10.jar;C:\Users\vinhn\.gradle\caches\modules-2\files-2.1\org.jetbrains.intellij.deps\trove4j\1.0.20200330\3afb14d5f9ceb459d724e907a21145e8ff394f02\trove4j-1.0.20200330.jar;C:\Users\vinhn\.gradle\caches\modules-2\files-2.1\net.java.dev.jna\jna\5.6.0\330f2244e9030119ab3030fc3fededc86713d9cc\jna-5.6.0.jar;C:\Users\vinhn\.gradle\caches\modules-2\files-2.1\org.jetbrains.kotlin\kotlin-stdlib-common\1.8.10\a61b182458550492c12aee66157d7b524a63a5ec\kotlin-stdlib-common-1.8.10.jar;C:\Users\vinhn\.gradle\caches\modules-2\files-2.1\org.jetbrains\annotations\13.0\919f0dfe192fb4e063e7dacadee7f8bb9a2672a9\annotations-13.0.jar
Launcher Type: SUN_STANDARD

[Global flags]
     intx CICompilerCount                          = 12                                        {product} {ergonomic}
     uint ConcGCThreads                            = 3                                         {product} {ergonomic}
     uint G1ConcRefinementThreads                  = 13                                        {product} {ergonomic}
   size_t G1HeapRegionSize                         = 2097152                                   {product} {ergonomic}
    uintx GCDrainStackTargetSize                   = 64                                        {product} {ergonomic}
   size_t InitialHeapSize                          = 264241152                                 {product} {ergonomic}
   size_t MarkStackSize                            = 4194304                                   {product} {ergonomic}
   size_t MaxHeapSize                              = 4221566976                                {product} {ergonomic}
   size_t MaxNewSize                               = 2531262464                                {product} {ergonomic}
   size_t MinHeapDeltaBytes                        = 2097152                                   {product} {ergonomic}
   size_t MinHeapSize                              = 8388608                                   {product} {ergonomic}
    uintx NonNMethodCodeHeapSize                   = 7602480                                {pd product} {ergonomic}
    uintx NonProfiledCodeHeapSize                  = 122027880                              {pd product} {ergonomic}
    uintx ProfiledCodeHeapSize                     = 122027880                              {pd product} {ergonomic}
    uintx ReservedCodeCacheSize                    = 251658240                              {pd product} {ergonomic}
     bool SegmentedCodeCache                       = true                                      {product} {ergonomic}
   size_t SoftMaxHeapSize                          = 4221566976                             {manageable} {ergonomic}
     bool UseCompressedClassPointers               = true                           {product lp64_product} {ergonomic}
     bool UseCompressedOops                        = true                           {product lp64_product} {ergonomic}
     bool UseG1GC                                  = true                                      {product} {ergonomic}
     bool UseLargePagesIndividualAllocation        = false                                  {pd product} {ergonomic}

Logging:
Log output configuration:
 #0: stdout all=warning uptime,level,tags
 #1: stderr all=off uptime,level,tags

Environment Variables:
JAVA_HOME=C:/Users/vinhn/.jdks/corretto-17.0.9
PATH=C:\Program Files (x86)\VMware\VMware Player\bin\;C:\Users\vinhn\.jdks\corretto-17.0.9\bin;C:\Windows\system32;C:\Windows;C:\Windows\System32\Wbem;C:\Windows\System32\WindowsPowerShell\v1.0\;C:\Windows\System32\OpenSSH\;C:\Program Files (x86)\NetSarang\Xshell 7\;C:\Program Files (x86)\NetSarang\Xftp 7\;C:\Program Files\Git\cmd;C:\xampp\php;C:\ProgramData\ComposerSetup\bin;C:\Users\vinhn\AppData\Roaming\nvm;C:\Program Files\nodejs;C:\Program Files\MySQL\MySQL Shell 8.0\bin\;C:\Users\vinhn\AppData\Local\Microsoft\WindowsApps;C:\Users\vinhn\AppData\Roaming\npm;C:\Users\vinhn\AppData\Local\Programs\Microsoft VS Code\bin;C:\Users\vinhn\AppData\Roaming\Composer\vendor\bin;C:\Users\vinhn\AppData\Roaming\nvm;C:\Program Files\nodejs;
USERNAME=vinhn
OS=Windows_NT
PROCESSOR_IDENTIFIER=Intel64 Family 6 Model 165 Stepping 5, GenuineIntel
TMP=C:\Users\vinhn\AppData\Local\Temp
TEMP=C:\Users\vinhn\AppData\Local\Temp



Periodic native trim disabled


---------------  S Y S T E M  ---------------

OS:
 Windows 11 , 64 bit Build 22621 (10.0.22621.3672)
OS uptime: 1 days 20:51 hours
Hyper-V role detected

CPU: total 16 (initial active 16) (8 cores per cpu, 2 threads per core) family 6 model 165 stepping 5 microcode 0xee, cx8, cmov, fxsr, ht, mmx, 3dnowpref, sse, sse2, sse3, ssse3, sse4.1, sse4.2, popcnt, lzcnt, tsc, tscinvbit, avx, avx2, aes, erms, clmul, bmi1, bmi2, adx, fma, vzeroupper, clflush, clflushopt, hv
Processor Information for all 16 processors :
  Max Mhz: 2904, Current Mhz: 2904, Mhz Limit: 2904

Memory: 4k page, system-wide physical 16098M (588M free)
TotalPageFile size 22640M (AvailPageFile size 248M)
current process WorkingSet (physical memory assigned to process): 337M, peak: 337M
current process commit charge ("private bytes"): 453M, peak: 513M

vm_info: OpenJDK 64-Bit Server VM (17.0.9+8-LTS) for windows-amd64 JRE (17.0.9+8-LTS), built on Oct 12 2023 16:15:33 by "Administrator" with MS VC++ 16.10 / 16.11 (VS2019)

END.
